08:26:16.870 [main] INFO  s.c.infrastructure.mapdb.CommonDb,[-]: [CommonDb] open.
08:26:18.700 [main] INFO  s.c.i.mapdb.MetricDbDaily,[-]: [MetricDbDaily] open.
08:26:18.801 [main] INFO  s.c.i.mapdb.MetricDictDb,[-]: [MetricDictDb] open.
08:26:18.903 [main] INFO  s.c.infrastructure.mapdb.ObjDb,[-]: [ObjDb] open.
08:26:20.548 [main] INFO  s.c.i.mapdb.MetricDbDaily,[-]: [MetricDbDaily] open.
08:26:20.549 [main] INFO  s.c.i.filedb.MetricFileDb,[-]: [MetricFileDb.Table:20190822] open.
08:26:22.459 [main] INFO  s.c.i.mapdb.MetricDbDaily,[-]: [MetricDbDaily] open.
08:26:22.460 [main] INFO  s.c.i.filedb.MetricFileDb,[-]: [MetricFileDb.Table:20190821] open.
08:26:22.726 [main] INFO  s.c.i.mapdb.MetricDbDaily,[-]: [MetricDbDaily] open.
08:26:22.726 [main] INFO  s.c.i.filedb.MetricFileDb,[-]: [MetricFileDb.Table:20190820] open.
08:51:30.487 [main] INFO  s.c.infrastructure.mapdb.CommonDb,[-]: [CommonDb] open.
08:51:31.509 [main] INFO  s.c.i.mapdb.MetricDbDaily,[-]: [MetricDbDaily] open.
08:51:31.602 [main] INFO  s.c.i.mapdb.MetricDictDb,[-]: [MetricDictDb] open.
08:51:31.650 [main] INFO  s.c.infrastructure.mapdb.ObjDb,[-]: [ObjDb] open.
08:51:33.012 [main] INFO  s.c.i.mapdb.MetricDbDaily,[-]: [MetricDbDaily] open.
08:51:33.013 [main] INFO  s.c.i.filedb.MetricFileDb,[-]: [MetricFileDb.Table:20190822] open.
08:51:34.934 [main] INFO  s.c.i.mapdb.MetricDbDaily,[-]: [MetricDbDaily] open.
08:51:34.996 [main] INFO  s.c.i.filedb.MetricFileDb,[-]: [MetricFileDb.Table:20190821] open.
08:51:35.155 [main] INFO  s.c.i.mapdb.MetricDbDaily,[-]: [MetricDbDaily] open.
08:51:35.156 [main] INFO  s.c.i.filedb.MetricFileDb,[-]: [MetricFileDb.Table:20190820] open.
