18:53:29.029 [main] INFO  s.c.i.db.filedb.MetricFileDb,[-]: [MetricFileDb.Table:20190101_REALTIME] open.
18:53:29.042 [main] INFO  s.c.i.db.filedb.MetricFileDb,[-]: [MetricFileDb.Table:20190101_REALTIME] open.
18:53:29.087 [main] INFO  s.c.i.db.filedb.MetricFileDb,[-]: [MetricFileDb.Table:20190101_REALTIME] open.
18:53:29.100 [main] INFO  s.c.i.db.filedb.MetricFileDb,[-]: [MetricFileDb.Table:20190101_REALTIME] open.
18:53:29.229 [main] INFO  s.c.i.db.filedb.XlogFileDb,[-]: [XlogFileDb.Table:20190101] open.
18:53:29.632 [main] INFO  s.c.i.db.filedb.XlogFileDb,[-]: [XlogFileDb.Table:20190101] open.
18:53:29.645 [main] INFO  s.c.i.db.filedb.XlogFileDb,[-]: [XlogFileDb.Table:20190101] open.
18:53:31.480 [main] INFO  s.c.infrastructure.db.mapdb.CommonDb,[-]: [CommonDb] open.
18:53:31.506 [main] INFO  s.c.i.db.mapdb.CategoryDictDb,[-]: [CategoryDictDb][error] trying open. 
18:53:31.575 [main] INFO  s.c.i.db.mapdb.CategoryDictDb,[-]: [CategoryDictDb][error] opened. 
18:53:31.576 [main] INFO  s.c.i.db.mapdb.CategoryDictDb,[-]: [CategoryDictDb][apicall] trying open. 
18:53:31.647 [main] INFO  s.c.i.db.mapdb.CategoryDictDb,[-]: [CategoryDictDb][apicall] opened. 
18:53:31.648 [main] INFO  s.c.i.db.mapdb.CategoryDictDb,[-]: [CategoryDictDb][method] trying open. 
18:53:31.715 [main] INFO  s.c.i.db.mapdb.CategoryDictDb,[-]: [CategoryDictDb][method] opened. 
18:53:31.716 [main] INFO  s.c.i.db.mapdb.CategoryDictDb,[-]: [CategoryDictDb][service] trying open. 
18:53:31.811 [main] INFO  s.c.i.db.mapdb.CategoryDictDb,[-]: [CategoryDictDb][service] opened. 
18:53:31.811 [main] INFO  s.c.i.db.mapdb.CategoryDictDb,[-]: [CategoryDictDb][sql] trying open. 
18:53:31.881 [main] INFO  s.c.i.db.mapdb.CategoryDictDb,[-]: [CategoryDictDb][sql] opened. 
18:53:31.884 [main] INFO  s.c.i.db.mapdb.CategoryDictDb,[-]: [CategoryDictDb][obj] trying open. 
18:53:31.931 [main] INFO  s.c.i.db.mapdb.CategoryDictDb,[-]: [CategoryDictDb][obj] opened. 
18:53:31.931 [main] INFO  s.c.i.db.mapdb.CategoryDictDb,[-]: [CategoryDictDb][referrer] trying open. 
18:53:31.976 [main] INFO  s.c.i.db.mapdb.CategoryDictDb,[-]: [CategoryDictDb][referrer] opened. 
18:53:31.977 [main] INFO  s.c.i.db.mapdb.CategoryDictDb,[-]: [CategoryDictDb][ua] trying open. 
18:53:32.019 [main] INFO  s.c.i.db.mapdb.CategoryDictDb,[-]: [CategoryDictDb][ua] opened. 
18:53:32.019 [main] INFO  s.c.i.db.mapdb.CategoryDictDb,[-]: [CategoryDictDb][group] trying open. 
18:53:32.068 [main] INFO  s.c.i.db.mapdb.CategoryDictDb,[-]: [CategoryDictDb][group] opened. 
18:53:32.069 [main] INFO  s.c.i.db.mapdb.CategoryDictDb,[-]: [CategoryDictDb][city] trying open. 
18:53:32.105 [main] INFO  s.c.i.db.mapdb.CategoryDictDb,[-]: [CategoryDictDb][city] opened. 
18:53:32.105 [main] INFO  s.c.i.db.mapdb.CategoryDictDb,[-]: [CategoryDictDb][table] trying open. 
18:53:32.148 [main] INFO  s.c.i.db.mapdb.CategoryDictDb,[-]: [CategoryDictDb][table] opened. 
18:53:32.149 [main] INFO  s.c.i.db.mapdb.CategoryDictDb,[-]: [CategoryDictDb][tagLogin] trying open. 
18:53:32.199 [main] INFO  s.c.i.db.mapdb.CategoryDictDb,[-]: [CategoryDictDb][tagLogin] opened. 
18:53:32.199 [main] INFO  s.c.i.db.mapdb.CategoryDictDb,[-]: [CategoryDictDb][tagDesc] trying open. 
18:53:32.244 [main] INFO  s.c.i.db.mapdb.CategoryDictDb,[-]: [CategoryDictDb][tagDesc] opened. 
18:53:32.245 [main] INFO  s.c.i.db.mapdb.CategoryDictDb,[-]: [CategoryDictDb][web] trying open. 
18:53:32.297 [main] INFO  s.c.i.db.mapdb.CategoryDictDb,[-]: [CategoryDictDb][web] opened. 
18:53:32.297 [main] INFO  s.c.i.db.mapdb.CategoryDictDb,[-]: [CategoryDictDb][hmsg] trying open. 
18:53:32.349 [main] INFO  s.c.i.db.mapdb.CategoryDictDb,[-]: [CategoryDictDb][hmsg] opened. 
18:53:32.349 [main] INFO  s.c.i.db.mapdb.CategoryDictDb,[-]: [CategoryDictDb][stackElm] trying open. 
18:53:32.388 [main] INFO  s.c.i.db.mapdb.CategoryDictDb,[-]: [CategoryDictDb][stackElm] opened. 
18:53:32.395 [main] INFO  s.c.i.db.mapdb.DailyMinuteIndex,[-]: [DailyMinuteIndex][metric] trying open. 20190903_REALTIME
18:53:32.436 [main] INFO  s.c.i.db.mapdb.DailyMinuteIndex,[-]: [DailyMinuteIndex][metric] opened. 20190903_REALTIME
18:53:32.470 [main] INFO  s.c.i.db.mapdb.MetricDictDb,[-]: [MetricDictDb] open.
18:53:32.496 [main] INFO  s.c.infrastructure.db.mapdb.ObjDb,[-]: [ObjDb] open.
18:53:32.501 [main] INFO  s.c.i.db.mapdb.DailySecondIndex,[-]: [DailySecondIndex][xlog] trying open. 20190903
18:53:32.523 [main] INFO  s.c.i.db.mapdb.DailySecondIndex,[-]: [DailySecondIndex][xlog] opened. 20190903
18:53:32.524 [main] INFO  s.c.i.db.mapdb.XlogIdIndex,[-]: [XlogIdIndex] trying open. 20190903
18:53:32.549 [main] INFO  s.c.i.db.mapdb.XlogIdIndex,[-]: [XlogIdIndex] opened. 20190903
18:53:32.813 [main] INFO  s.c.i.db.mapdb.CategoryDictDb,[-]: [CategoryDictDb][undef_any-no-exist] trying open. 
18:53:32.887 [main] INFO  s.c.i.db.mapdb.CategoryDictDb,[-]: [CategoryDictDb][undef_any-no-exist] opened. 
18:53:33.113 [main] INFO  s.c.i.db.mapdb.DailyMinuteIndex,[-]: [DailyMinuteIndex][metric] trying open. 20190902_REALTIME
18:53:33.150 [main] INFO  s.c.i.db.mapdb.DailyMinuteIndex,[-]: [DailyMinuteIndex][metric] opened. 20190902_REALTIME
18:53:33.151 [main] INFO  s.c.i.db.filedb.MetricFileDb,[-]: [MetricFileDb.Table:20190902_REALTIME] open.
18:53:33.219 [main] INFO  s.c.i.db.mapdb.DailyMinuteIndex,[-]: [DailyMinuteIndex][metric] trying open. 20190901_REALTIME
18:53:33.250 [main] INFO  s.c.i.db.mapdb.DailyMinuteIndex,[-]: [DailyMinuteIndex][metric] opened. 20190901_REALTIME
18:53:33.251 [main] INFO  s.c.i.db.filedb.MetricFileDb,[-]: [MetricFileDb.Table:20190901_REALTIME] open.
18:53:33.268 [main] INFO  s.c.i.db.mapdb.DailyMinuteIndex,[-]: [DailyMinuteIndex][metric] trying open. 20190831_REALTIME
18:53:33.311 [main] INFO  s.c.i.db.mapdb.DailyMinuteIndex,[-]: [DailyMinuteIndex][metric] opened. 20190831_REALTIME
18:53:33.311 [main] INFO  s.c.i.db.filedb.MetricFileDb,[-]: [MetricFileDb.Table:20190831_REALTIME] open.
18:53:33.331 [main] INFO  s.c.i.db.mapdb.DailyMinuteIndex,[-]: [DailyMinuteIndex][metric] trying open. 20190830_FIVE_MIN
18:53:33.398 [main] INFO  s.c.i.db.mapdb.DailyMinuteIndex,[-]: [DailyMinuteIndex][metric] opened. 20190830_FIVE_MIN
18:53:33.399 [main] INFO  s.c.i.db.filedb.MetricFileDb,[-]: [MetricFileDb.Table:20190830_FIVE_MIN] open.
18:53:35.502 [main] INFO  s.c.i.db.filedb.XlogFileDb,[-]: [XlogFileDb.Table:20190903] open.
18:53:35.532 [main] INFO  s.c.i.db.filedb.XlogFileDb,[-]: [XlogFileDb.Table:20190902] open.
18:53:35.533 [main] INFO  s.c.i.db.mapdb.DailySecondIndex,[-]: [DailySecondIndex][xlog] trying open. 20190902
18:53:35.574 [main] INFO  s.c.i.db.mapdb.DailySecondIndex,[-]: [DailySecondIndex][xlog] opened. 20190902
18:53:35.575 [main] INFO  s.c.i.db.mapdb.XlogIdIndex,[-]: [XlogIdIndex] trying open. 20190902
18:53:35.609 [main] INFO  s.c.i.db.mapdb.XlogIdIndex,[-]: [XlogIdIndex] opened. 20190902
18:53:35.631 [main] INFO  s.c.i.db.filedb.XlogFileDb,[-]: [XlogFileDb.Table:20190901] open.
18:53:35.634 [main] INFO  s.c.i.db.mapdb.DailySecondIndex,[-]: [DailySecondIndex][xlog] trying open. 20190901
18:53:35.662 [main] INFO  s.c.i.db.mapdb.DailySecondIndex,[-]: [DailySecondIndex][xlog] opened. 20190901
18:53:35.662 [main] INFO  s.c.i.db.mapdb.XlogIdIndex,[-]: [XlogIdIndex] trying open. 20190901
18:53:35.692 [main] INFO  s.c.i.db.mapdb.XlogIdIndex,[-]: [XlogIdIndex] opened. 20190901
18:53:35.778 [Thread-7] INFO  s.c.infrastructure.db.mapdb.ObjDb,[-]: [ObjDb] closing.
18:53:35.801 [Thread-7] INFO  s.c.i.db.mapdb.MetricDictDb,[-]: [MetricDictDb] closing.
18:53:35.813 [Thread-7] INFO  s.c.infrastructure.db.mapdb.CommonDb,[-]: [CommonDb] closing.
18:54:57.442 [main] INFO  s.c.infrastructure.db.mapdb.CommonDb,[-]: [CommonDb] open.
18:54:57.465 [main] INFO  s.c.i.db.mapdb.CategoryDictDb,[-]: [CategoryDictDb][error] trying open. 
18:54:57.513 [main] INFO  s.c.i.db.mapdb.CategoryDictDb,[-]: [CategoryDictDb][error] opened. 
18:54:57.514 [main] INFO  s.c.i.db.mapdb.CategoryDictDb,[-]: [CategoryDictDb][apicall] trying open. 
18:54:57.560 [main] INFO  s.c.i.db.mapdb.CategoryDictDb,[-]: [CategoryDictDb][apicall] opened. 
18:54:57.561 [main] INFO  s.c.i.db.mapdb.CategoryDictDb,[-]: [CategoryDictDb][method] trying open. 
18:54:57.601 [main] INFO  s.c.i.db.mapdb.CategoryDictDb,[-]: [CategoryDictDb][method] opened. 
18:54:57.602 [main] INFO  s.c.i.db.mapdb.CategoryDictDb,[-]: [CategoryDictDb][service] trying open. 
18:54:57.640 [main] INFO  s.c.i.db.mapdb.CategoryDictDb,[-]: [CategoryDictDb][service] opened. 
18:54:57.641 [main] INFO  s.c.i.db.mapdb.CategoryDictDb,[-]: [CategoryDictDb][sql] trying open. 
18:54:57.687 [main] INFO  s.c.i.db.mapdb.CategoryDictDb,[-]: [CategoryDictDb][sql] opened. 
18:54:57.688 [main] INFO  s.c.i.db.mapdb.CategoryDictDb,[-]: [CategoryDictDb][obj] trying open. 
18:54:57.729 [main] INFO  s.c.i.db.mapdb.CategoryDictDb,[-]: [CategoryDictDb][obj] opened. 
18:54:57.730 [main] INFO  s.c.i.db.mapdb.CategoryDictDb,[-]: [CategoryDictDb][referrer] trying open. 
18:54:57.784 [main] INFO  s.c.i.db.mapdb.CategoryDictDb,[-]: [CategoryDictDb][referrer] opened. 
18:54:57.785 [main] INFO  s.c.i.db.mapdb.CategoryDictDb,[-]: [CategoryDictDb][ua] trying open. 
18:54:57.823 [main] INFO  s.c.i.db.mapdb.CategoryDictDb,[-]: [CategoryDictDb][ua] opened. 
18:54:57.824 [main] INFO  s.c.i.db.mapdb.CategoryDictDb,[-]: [CategoryDictDb][group] trying open. 
18:54:57.867 [main] INFO  s.c.i.db.mapdb.CategoryDictDb,[-]: [CategoryDictDb][group] opened. 
18:54:57.868 [main] INFO  s.c.i.db.mapdb.CategoryDictDb,[-]: [CategoryDictDb][city] trying open. 
18:54:57.919 [main] INFO  s.c.i.db.mapdb.CategoryDictDb,[-]: [CategoryDictDb][city] opened. 
18:54:57.920 [main] INFO  s.c.i.db.mapdb.CategoryDictDb,[-]: [CategoryDictDb][table] trying open. 
18:54:57.970 [main] INFO  s.c.i.db.mapdb.CategoryDictDb,[-]: [CategoryDictDb][table] opened. 
18:54:57.971 [main] INFO  s.c.i.db.mapdb.CategoryDictDb,[-]: [CategoryDictDb][tagLogin] trying open. 
18:54:58.027 [main] INFO  s.c.i.db.mapdb.CategoryDictDb,[-]: [CategoryDictDb][tagLogin] opened. 
18:54:58.028 [main] INFO  s.c.i.db.mapdb.CategoryDictDb,[-]: [CategoryDictDb][tagDesc] trying open. 
18:54:58.066 [main] INFO  s.c.i.db.mapdb.CategoryDictDb,[-]: [CategoryDictDb][tagDesc] opened. 
18:54:58.066 [main] INFO  s.c.i.db.mapdb.CategoryDictDb,[-]: [CategoryDictDb][web] trying open. 
18:54:58.100 [main] INFO  s.c.i.db.mapdb.CategoryDictDb,[-]: [CategoryDictDb][web] opened. 
18:54:58.101 [main] INFO  s.c.i.db.mapdb.CategoryDictDb,[-]: [CategoryDictDb][hmsg] trying open. 
18:54:58.162 [main] INFO  s.c.i.db.mapdb.CategoryDictDb,[-]: [CategoryDictDb][hmsg] opened. 
18:54:58.162 [main] INFO  s.c.i.db.mapdb.CategoryDictDb,[-]: [CategoryDictDb][stackElm] trying open. 
18:54:58.214 [main] INFO  s.c.i.db.mapdb.CategoryDictDb,[-]: [CategoryDictDb][stackElm] opened. 
18:54:58.540 [main] INFO  s.c.i.db.mapdb.DailyMinuteIndex,[-]: [DailyMinuteIndex][metric] trying open. 20190903_REALTIME
18:54:58.591 [main] INFO  s.c.i.db.mapdb.DailyMinuteIndex,[-]: [DailyMinuteIndex][metric] opened. 20190903_REALTIME
18:54:58.631 [main] INFO  s.c.i.db.mapdb.MetricDictDb,[-]: [MetricDictDb] open.
18:54:58.669 [main] INFO  s.c.infrastructure.db.mapdb.ObjDb,[-]: [ObjDb] open.
18:54:58.676 [main] INFO  s.c.i.db.mapdb.DailySecondIndex,[-]: [DailySecondIndex][xlog] trying open. 20190903
18:54:58.708 [main] INFO  s.c.i.db.mapdb.DailySecondIndex,[-]: [DailySecondIndex][xlog] opened. 20190903
18:54:58.709 [main] INFO  s.c.i.db.mapdb.XlogIdIndex,[-]: [XlogIdIndex] trying open. 20190903
18:54:58.735 [main] INFO  s.c.i.db.mapdb.XlogIdIndex,[-]: [XlogIdIndex] opened. 20190903
18:54:59.367 [main] INFO  s.c.i.db.filedb.XlogFileDb,[-]: [XlogFileDb.Table:20190903] open.
18:54:59.431 [main] INFO  s.c.i.db.filedb.XlogFileDb,[-]: [XlogFileDb.Table:20190902] open.
18:54:59.432 [main] INFO  s.c.i.db.mapdb.DailySecondIndex,[-]: [DailySecondIndex][xlog] trying open. 20190902
18:54:59.471 [main] INFO  s.c.i.db.mapdb.DailySecondIndex,[-]: [DailySecondIndex][xlog] opened. 20190902
18:54:59.471 [main] INFO  s.c.i.db.mapdb.XlogIdIndex,[-]: [XlogIdIndex] trying open. 20190902
18:54:59.497 [main] INFO  s.c.i.db.mapdb.XlogIdIndex,[-]: [XlogIdIndex] opened. 20190902
18:54:59.592 [main] INFO  s.c.i.db.filedb.XlogFileDb,[-]: [XlogFileDb.Table:20190901] open.
18:54:59.594 [main] INFO  s.c.i.db.mapdb.DailySecondIndex,[-]: [DailySecondIndex][xlog] trying open. 20190901
18:54:59.627 [main] INFO  s.c.i.db.mapdb.DailySecondIndex,[-]: [DailySecondIndex][xlog] opened. 20190901
18:54:59.628 [main] INFO  s.c.i.db.mapdb.XlogIdIndex,[-]: [XlogIdIndex] trying open. 20190901
18:54:59.655 [main] INFO  s.c.i.db.mapdb.XlogIdIndex,[-]: [XlogIdIndex] opened. 20190901
18:54:59.699 [Thread-7] INFO  s.c.infrastructure.db.mapdb.ObjDb,[-]: [ObjDb] closing.
18:54:59.728 [Thread-7] INFO  s.c.i.db.mapdb.MetricDictDb,[-]: [MetricDictDb] closing.
18:54:59.745 [Thread-7] INFO  s.c.infrastructure.db.mapdb.CommonDb,[-]: [CommonDb] closing.
18:56:50.362 [main] INFO  s.c.infrastructure.db.mapdb.CommonDb,[-]: [CommonDb] open.
18:56:50.386 [main] INFO  s.c.i.db.mapdb.CategoryDictDb,[-]: [CategoryDictDb][error] trying open. 
18:56:50.452 [main] INFO  s.c.i.db.mapdb.CategoryDictDb,[-]: [CategoryDictDb][error] opened. 
18:56:50.453 [main] INFO  s.c.i.db.mapdb.CategoryDictDb,[-]: [CategoryDictDb][apicall] trying open. 
18:56:50.497 [main] INFO  s.c.i.db.mapdb.CategoryDictDb,[-]: [CategoryDictDb][apicall] opened. 
18:56:50.497 [main] INFO  s.c.i.db.mapdb.CategoryDictDb,[-]: [CategoryDictDb][method] trying open. 
18:56:50.533 [main] INFO  s.c.i.db.mapdb.CategoryDictDb,[-]: [CategoryDictDb][method] opened. 
18:56:50.534 [main] INFO  s.c.i.db.mapdb.CategoryDictDb,[-]: [CategoryDictDb][service] trying open. 
18:56:50.577 [main] INFO  s.c.i.db.mapdb.CategoryDictDb,[-]: [CategoryDictDb][service] opened. 
18:56:50.577 [main] INFO  s.c.i.db.mapdb.CategoryDictDb,[-]: [CategoryDictDb][sql] trying open. 
18:56:50.613 [main] INFO  s.c.i.db.mapdb.CategoryDictDb,[-]: [CategoryDictDb][sql] opened. 
18:56:50.616 [main] INFO  s.c.i.db.mapdb.CategoryDictDb,[-]: [CategoryDictDb][obj] trying open. 
18:56:50.653 [main] INFO  s.c.i.db.mapdb.CategoryDictDb,[-]: [CategoryDictDb][obj] opened. 
18:56:50.653 [main] INFO  s.c.i.db.mapdb.CategoryDictDb,[-]: [CategoryDictDb][referrer] trying open. 
18:56:50.690 [main] INFO  s.c.i.db.mapdb.CategoryDictDb,[-]: [CategoryDictDb][referrer] opened. 
18:56:50.691 [main] INFO  s.c.i.db.mapdb.CategoryDictDb,[-]: [CategoryDictDb][ua] trying open. 
18:56:50.727 [main] INFO  s.c.i.db.mapdb.CategoryDictDb,[-]: [CategoryDictDb][ua] opened. 
18:56:50.727 [main] INFO  s.c.i.db.mapdb.CategoryDictDb,[-]: [CategoryDictDb][group] trying open. 
18:56:50.770 [main] INFO  s.c.i.db.mapdb.CategoryDictDb,[-]: [CategoryDictDb][group] opened. 
18:56:50.770 [main] INFO  s.c.i.db.mapdb.CategoryDictDb,[-]: [CategoryDictDb][city] trying open. 
18:56:50.818 [main] INFO  s.c.i.db.mapdb.CategoryDictDb,[-]: [CategoryDictDb][city] opened. 
18:56:50.820 [main] INFO  s.c.i.db.mapdb.CategoryDictDb,[-]: [CategoryDictDb][table] trying open. 
18:56:50.872 [main] INFO  s.c.i.db.mapdb.CategoryDictDb,[-]: [CategoryDictDb][table] opened. 
18:56:50.873 [main] INFO  s.c.i.db.mapdb.CategoryDictDb,[-]: [CategoryDictDb][tagLogin] trying open. 
18:56:50.923 [main] INFO  s.c.i.db.mapdb.CategoryDictDb,[-]: [CategoryDictDb][tagLogin] opened. 
18:56:50.924 [main] INFO  s.c.i.db.mapdb.CategoryDictDb,[-]: [CategoryDictDb][tagDesc] trying open. 
18:56:50.960 [main] INFO  s.c.i.db.mapdb.CategoryDictDb,[-]: [CategoryDictDb][tagDesc] opened. 
18:56:50.961 [main] INFO  s.c.i.db.mapdb.CategoryDictDb,[-]: [CategoryDictDb][web] trying open. 
18:56:50.996 [main] INFO  s.c.i.db.mapdb.CategoryDictDb,[-]: [CategoryDictDb][web] opened. 
18:56:50.996 [main] INFO  s.c.i.db.mapdb.CategoryDictDb,[-]: [CategoryDictDb][hmsg] trying open. 
18:56:51.069 [main] INFO  s.c.i.db.mapdb.CategoryDictDb,[-]: [CategoryDictDb][hmsg] opened. 
18:56:51.070 [main] INFO  s.c.i.db.mapdb.CategoryDictDb,[-]: [CategoryDictDb][stackElm] trying open. 
18:56:51.122 [main] INFO  s.c.i.db.mapdb.CategoryDictDb,[-]: [CategoryDictDb][stackElm] opened. 
18:56:51.460 [main] INFO  s.c.i.db.mapdb.DailyMinuteIndex,[-]: [DailyMinuteIndex][metric] trying open. 20190903_REALTIME
18:56:51.521 [main] INFO  s.c.i.db.mapdb.DailyMinuteIndex,[-]: [DailyMinuteIndex][metric] opened. 20190903_REALTIME
18:56:51.567 [main] INFO  s.c.i.db.mapdb.MetricDictDb,[-]: [MetricDictDb] open.
18:56:51.605 [main] INFO  s.c.infrastructure.db.mapdb.ObjDb,[-]: [ObjDb] open.
18:56:51.611 [main] INFO  s.c.i.db.mapdb.DailySecondIndex,[-]: [DailySecondIndex][xlog] trying open. 20190903
18:56:51.634 [main] INFO  s.c.i.db.mapdb.DailySecondIndex,[-]: [DailySecondIndex][xlog] opened. 20190903
18:56:51.636 [main] INFO  s.c.i.db.mapdb.XlogIdIndex,[-]: [XlogIdIndex] trying open. 20190903
18:56:51.659 [main] INFO  s.c.i.db.mapdb.XlogIdIndex,[-]: [XlogIdIndex] opened. 20190903
18:56:52.727 [main] INFO  s.c.i.db.filedb.XlogFileDb,[-]: [XlogFileDb.Table:20190903] open.
18:56:53.005 [Thread-7] INFO  s.c.i.db.mapdb.MetricDictDb,[-]: [MetricDictDb] closing.
18:56:53.016 [Thread-7] INFO  s.c.infrastructure.db.mapdb.CommonDb,[-]: [CommonDb] closing.
18:57:04.686 [main] INFO  s.c.infrastructure.db.mapdb.CommonDb,[-]: [CommonDb] open.
18:57:04.716 [main] INFO  s.c.i.db.mapdb.CategoryDictDb,[-]: [CategoryDictDb][error] trying open. 
18:57:04.765 [main] INFO  s.c.i.db.mapdb.CategoryDictDb,[-]: [CategoryDictDb][error] opened. 
18:57:04.766 [main] INFO  s.c.i.db.mapdb.CategoryDictDb,[-]: [CategoryDictDb][apicall] trying open. 
18:57:04.811 [main] INFO  s.c.i.db.mapdb.CategoryDictDb,[-]: [CategoryDictDb][apicall] opened. 
18:57:04.811 [main] INFO  s.c.i.db.mapdb.CategoryDictDb,[-]: [CategoryDictDb][method] trying open. 
18:57:04.851 [main] INFO  s.c.i.db.mapdb.CategoryDictDb,[-]: [CategoryDictDb][method] opened. 
18:57:04.852 [main] INFO  s.c.i.db.mapdb.CategoryDictDb,[-]: [CategoryDictDb][service] trying open. 
18:57:04.891 [main] INFO  s.c.i.db.mapdb.CategoryDictDb,[-]: [CategoryDictDb][service] opened. 
18:57:04.891 [main] INFO  s.c.i.db.mapdb.CategoryDictDb,[-]: [CategoryDictDb][sql] trying open. 
18:57:04.938 [main] INFO  s.c.i.db.mapdb.CategoryDictDb,[-]: [CategoryDictDb][sql] opened. 
18:57:04.938 [main] INFO  s.c.i.db.mapdb.CategoryDictDb,[-]: [CategoryDictDb][obj] trying open. 
18:57:04.981 [main] INFO  s.c.i.db.mapdb.CategoryDictDb,[-]: [CategoryDictDb][obj] opened. 
18:57:04.982 [main] INFO  s.c.i.db.mapdb.CategoryDictDb,[-]: [CategoryDictDb][referrer] trying open. 
18:57:05.020 [main] INFO  s.c.i.db.mapdb.CategoryDictDb,[-]: [CategoryDictDb][referrer] opened. 
18:57:05.020 [main] INFO  s.c.i.db.mapdb.CategoryDictDb,[-]: [CategoryDictDb][ua] trying open. 
18:57:05.098 [main] INFO  s.c.i.db.mapdb.CategoryDictDb,[-]: [CategoryDictDb][ua] opened. 
18:57:05.098 [main] INFO  s.c.i.db.mapdb.CategoryDictDb,[-]: [CategoryDictDb][group] trying open. 
18:57:05.152 [main] INFO  s.c.i.db.mapdb.CategoryDictDb,[-]: [CategoryDictDb][group] opened. 
18:57:05.152 [main] INFO  s.c.i.db.mapdb.CategoryDictDb,[-]: [CategoryDictDb][city] trying open. 
18:57:05.209 [main] INFO  s.c.i.db.mapdb.CategoryDictDb,[-]: [CategoryDictDb][city] opened. 
18:57:05.209 [main] INFO  s.c.i.db.mapdb.CategoryDictDb,[-]: [CategoryDictDb][table] trying open. 
18:57:05.249 [main] INFO  s.c.i.db.mapdb.CategoryDictDb,[-]: [CategoryDictDb][table] opened. 
18:57:05.249 [main] INFO  s.c.i.db.mapdb.CategoryDictDb,[-]: [CategoryDictDb][tagLogin] trying open. 
18:57:05.286 [main] INFO  s.c.i.db.mapdb.CategoryDictDb,[-]: [CategoryDictDb][tagLogin] opened. 
18:57:05.286 [main] INFO  s.c.i.db.mapdb.CategoryDictDb,[-]: [CategoryDictDb][tagDesc] trying open. 
18:57:05.338 [main] INFO  s.c.i.db.mapdb.CategoryDictDb,[-]: [CategoryDictDb][tagDesc] opened. 
18:57:05.338 [main] INFO  s.c.i.db.mapdb.CategoryDictDb,[-]: [CategoryDictDb][web] trying open. 
18:57:05.394 [main] INFO  s.c.i.db.mapdb.CategoryDictDb,[-]: [CategoryDictDb][web] opened. 
18:57:05.394 [main] INFO  s.c.i.db.mapdb.CategoryDictDb,[-]: [CategoryDictDb][hmsg] trying open. 
18:57:05.457 [main] INFO  s.c.i.db.mapdb.CategoryDictDb,[-]: [CategoryDictDb][hmsg] opened. 
18:57:05.458 [main] INFO  s.c.i.db.mapdb.CategoryDictDb,[-]: [CategoryDictDb][stackElm] trying open. 
18:57:05.496 [main] INFO  s.c.i.db.mapdb.CategoryDictDb,[-]: [CategoryDictDb][stackElm] opened. 
18:57:05.864 [main] INFO  s.c.i.db.mapdb.DailyMinuteIndex,[-]: [DailyMinuteIndex][metric] trying open. 20190903_REALTIME
18:57:05.943 [main] INFO  s.c.i.db.mapdb.DailyMinuteIndex,[-]: [DailyMinuteIndex][metric] opened. 20190903_REALTIME
18:57:06.007 [main] INFO  s.c.i.db.mapdb.MetricDictDb,[-]: [MetricDictDb] open.
18:57:06.060 [main] INFO  s.c.infrastructure.db.mapdb.ObjDb,[-]: [ObjDb] open.
18:57:06.077 [main] INFO  s.c.i.db.mapdb.DailySecondIndex,[-]: [DailySecondIndex][xlog] trying open. 20190903
18:57:06.153 [main] INFO  s.c.i.db.mapdb.DailySecondIndex,[-]: [DailySecondIndex][xlog] opened. 20190903
18:57:06.154 [main] INFO  s.c.i.db.mapdb.XlogIdIndex,[-]: [XlogIdIndex] trying open. 20190903
18:57:06.191 [main] INFO  s.c.i.db.mapdb.XlogIdIndex,[-]: [XlogIdIndex] opened. 20190903
18:57:06.873 [main] INFO  s.c.i.db.filedb.XlogFileDb,[-]: [XlogFileDb.Table:20190903] open.
18:57:06.994 [main] INFO  s.c.i.db.filedb.XlogFileDb,[-]: [XlogFileDb.Table:20190902] open.
18:57:06.995 [main] INFO  s.c.i.db.mapdb.DailySecondIndex,[-]: [DailySecondIndex][xlog] trying open. 20190902
18:57:07.022 [main] INFO  s.c.i.db.mapdb.DailySecondIndex,[-]: [DailySecondIndex][xlog] opened. 20190902
18:57:07.022 [main] INFO  s.c.i.db.mapdb.XlogIdIndex,[-]: [XlogIdIndex] trying open. 20190902
18:57:07.050 [main] INFO  s.c.i.db.mapdb.XlogIdIndex,[-]: [XlogIdIndex] opened. 20190902
18:57:07.082 [main] INFO  s.c.i.db.filedb.XlogFileDb,[-]: [XlogFileDb.Table:20190901] open.
18:57:07.084 [main] INFO  s.c.i.db.mapdb.DailySecondIndex,[-]: [DailySecondIndex][xlog] trying open. 20190901
18:57:07.114 [main] INFO  s.c.i.db.mapdb.DailySecondIndex,[-]: [DailySecondIndex][xlog] opened. 20190901
18:57:07.114 [main] INFO  s.c.i.db.mapdb.XlogIdIndex,[-]: [XlogIdIndex] trying open. 20190901
18:57:07.139 [main] INFO  s.c.i.db.mapdb.XlogIdIndex,[-]: [XlogIdIndex] opened. 20190901
18:57:07.218 [Thread-7] INFO  s.c.infrastructure.db.mapdb.ObjDb,[-]: [ObjDb] closing.
18:57:07.233 [Thread-7] INFO  s.c.i.db.mapdb.MetricDictDb,[-]: [MetricDictDb] closing.
18:57:07.237 [Thread-7] INFO  s.c.infrastructure.db.mapdb.CommonDb,[-]: [CommonDb] closing.
18:58:00.775 [main] INFO  s.c.infrastructure.db.mapdb.CommonDb,[-]: [CommonDb] open.
18:58:00.817 [main] INFO  s.c.i.db.mapdb.CategoryDictDb,[-]: [CategoryDictDb][error] trying open. 
18:58:00.873 [main] INFO  s.c.i.db.mapdb.CategoryDictDb,[-]: [CategoryDictDb][error] opened. 
18:58:00.874 [main] INFO  s.c.i.db.mapdb.CategoryDictDb,[-]: [CategoryDictDb][apicall] trying open. 
18:58:00.936 [main] INFO  s.c.i.db.mapdb.CategoryDictDb,[-]: [CategoryDictDb][apicall] opened. 
18:58:00.936 [main] INFO  s.c.i.db.mapdb.CategoryDictDb,[-]: [CategoryDictDb][method] trying open. 
18:58:01.050 [main] INFO  s.c.i.db.mapdb.CategoryDictDb,[-]: [CategoryDictDb][method] opened. 
18:58:01.051 [main] INFO  s.c.i.db.mapdb.CategoryDictDb,[-]: [CategoryDictDb][service] trying open. 
18:58:01.151 [main] INFO  s.c.i.db.mapdb.CategoryDictDb,[-]: [CategoryDictDb][service] opened. 
18:58:01.152 [main] INFO  s.c.i.db.mapdb.CategoryDictDb,[-]: [CategoryDictDb][sql] trying open. 
18:58:01.310 [main] INFO  s.c.i.db.mapdb.CategoryDictDb,[-]: [CategoryDictDb][sql] opened. 
18:58:01.311 [main] INFO  s.c.i.db.mapdb.CategoryDictDb,[-]: [CategoryDictDb][obj] trying open. 
18:58:01.391 [main] INFO  s.c.i.db.mapdb.CategoryDictDb,[-]: [CategoryDictDb][obj] opened. 
18:58:01.392 [main] INFO  s.c.i.db.mapdb.CategoryDictDb,[-]: [CategoryDictDb][referrer] trying open. 
18:58:01.453 [main] INFO  s.c.i.db.mapdb.CategoryDictDb,[-]: [CategoryDictDb][referrer] opened. 
18:58:01.453 [main] INFO  s.c.i.db.mapdb.CategoryDictDb,[-]: [CategoryDictDb][ua] trying open. 
18:58:01.508 [main] INFO  s.c.i.db.mapdb.CategoryDictDb,[-]: [CategoryDictDb][ua] opened. 
18:58:01.509 [main] INFO  s.c.i.db.mapdb.CategoryDictDb,[-]: [CategoryDictDb][group] trying open. 
18:58:01.583 [main] INFO  s.c.i.db.mapdb.CategoryDictDb,[-]: [CategoryDictDb][group] opened. 
18:58:01.584 [main] INFO  s.c.i.db.mapdb.CategoryDictDb,[-]: [CategoryDictDb][city] trying open. 
18:58:01.663 [main] INFO  s.c.i.db.mapdb.CategoryDictDb,[-]: [CategoryDictDb][city] opened. 
18:58:01.664 [main] INFO  s.c.i.db.mapdb.CategoryDictDb,[-]: [CategoryDictDb][table] trying open. 
18:58:01.739 [main] INFO  s.c.i.db.mapdb.CategoryDictDb,[-]: [CategoryDictDb][table] opened. 
18:58:01.740 [main] INFO  s.c.i.db.mapdb.CategoryDictDb,[-]: [CategoryDictDb][tagLogin] trying open. 
18:58:01.836 [main] INFO  s.c.i.db.mapdb.CategoryDictDb,[-]: [CategoryDictDb][tagLogin] opened. 
18:58:01.837 [main] INFO  s.c.i.db.mapdb.CategoryDictDb,[-]: [CategoryDictDb][tagDesc] trying open. 
18:58:01.889 [main] INFO  s.c.i.db.mapdb.CategoryDictDb,[-]: [CategoryDictDb][tagDesc] opened. 
18:58:01.890 [main] INFO  s.c.i.db.mapdb.CategoryDictDb,[-]: [CategoryDictDb][web] trying open. 
18:58:01.928 [main] INFO  s.c.i.db.mapdb.CategoryDictDb,[-]: [CategoryDictDb][web] opened. 
18:58:01.929 [main] INFO  s.c.i.db.mapdb.CategoryDictDb,[-]: [CategoryDictDb][hmsg] trying open. 
18:58:01.975 [main] INFO  s.c.i.db.mapdb.CategoryDictDb,[-]: [CategoryDictDb][hmsg] opened. 
18:58:01.976 [main] INFO  s.c.i.db.mapdb.CategoryDictDb,[-]: [CategoryDictDb][stackElm] trying open. 
18:58:02.015 [main] INFO  s.c.i.db.mapdb.CategoryDictDb,[-]: [CategoryDictDb][stackElm] opened. 
18:58:02.589 [main] INFO  s.c.i.db.mapdb.DailyMinuteIndex,[-]: [DailyMinuteIndex][metric] trying open. 20190903_REALTIME
18:58:02.644 [main] INFO  s.c.i.db.mapdb.DailyMinuteIndex,[-]: [DailyMinuteIndex][metric] opened. 20190903_REALTIME
18:58:02.710 [main] INFO  s.c.i.db.mapdb.MetricDictDb,[-]: [MetricDictDb] open.
18:58:02.744 [main] INFO  s.c.infrastructure.db.mapdb.ObjDb,[-]: [ObjDb] open.
18:58:02.751 [main] INFO  s.c.i.db.mapdb.DailySecondIndex,[-]: [DailySecondIndex][xlog] trying open. 20190903
18:58:02.777 [main] INFO  s.c.i.db.mapdb.DailySecondIndex,[-]: [DailySecondIndex][xlog] opened. 20190903
18:58:02.778 [main] INFO  s.c.i.db.mapdb.XlogIdIndex,[-]: [XlogIdIndex] trying open. 20190903
18:58:02.807 [main] INFO  s.c.i.db.mapdb.XlogIdIndex,[-]: [XlogIdIndex] opened. 20190903
18:58:03.543 [main] INFO  s.c.i.db.filedb.XlogFileDb,[-]: [XlogFileDb.Table:20190903] open.
18:59:39.801 [main] INFO  s.c.infrastructure.db.mapdb.CommonDb,[-]: [CommonDb] open.
18:59:39.817 [main] INFO  s.c.i.db.mapdb.CategoryDictDb,[-]: [CategoryDictDb][error] trying open. 
18:59:39.870 [main] INFO  s.c.i.db.mapdb.CategoryDictDb,[-]: [CategoryDictDb][error] opened. 
18:59:39.873 [main] INFO  s.c.i.db.mapdb.CategoryDictDb,[-]: [CategoryDictDb][apicall] trying open. 
18:59:39.922 [main] INFO  s.c.i.db.mapdb.CategoryDictDb,[-]: [CategoryDictDb][apicall] opened. 
18:59:39.922 [main] INFO  s.c.i.db.mapdb.CategoryDictDb,[-]: [CategoryDictDb][method] trying open. 
18:59:39.964 [main] INFO  s.c.i.db.mapdb.CategoryDictDb,[-]: [CategoryDictDb][method] opened. 
18:59:39.964 [main] INFO  s.c.i.db.mapdb.CategoryDictDb,[-]: [CategoryDictDb][service] trying open. 
18:59:40.015 [main] INFO  s.c.i.db.mapdb.CategoryDictDb,[-]: [CategoryDictDb][service] opened. 
18:59:40.016 [main] INFO  s.c.i.db.mapdb.CategoryDictDb,[-]: [CategoryDictDb][sql] trying open. 
18:59:40.059 [main] INFO  s.c.i.db.mapdb.CategoryDictDb,[-]: [CategoryDictDb][sql] opened. 
18:59:40.059 [main] INFO  s.c.i.db.mapdb.CategoryDictDb,[-]: [CategoryDictDb][obj] trying open. 
18:59:40.101 [main] INFO  s.c.i.db.mapdb.CategoryDictDb,[-]: [CategoryDictDb][obj] opened. 
18:59:40.102 [main] INFO  s.c.i.db.mapdb.CategoryDictDb,[-]: [CategoryDictDb][referrer] trying open. 
18:59:40.151 [main] INFO  s.c.i.db.mapdb.CategoryDictDb,[-]: [CategoryDictDb][referrer] opened. 
18:59:40.151 [main] INFO  s.c.i.db.mapdb.CategoryDictDb,[-]: [CategoryDictDb][ua] trying open. 
18:59:40.203 [main] INFO  s.c.i.db.mapdb.CategoryDictDb,[-]: [CategoryDictDb][ua] opened. 
18:59:40.203 [main] INFO  s.c.i.db.mapdb.CategoryDictDb,[-]: [CategoryDictDb][group] trying open. 
18:59:40.298 [main] INFO  s.c.i.db.mapdb.CategoryDictDb,[-]: [CategoryDictDb][group] opened. 
18:59:40.305 [main] INFO  s.c.i.db.mapdb.CategoryDictDb,[-]: [CategoryDictDb][city] trying open. 
18:59:40.362 [main] INFO  s.c.i.db.mapdb.CategoryDictDb,[-]: [CategoryDictDb][city] opened. 
18:59:40.362 [main] INFO  s.c.i.db.mapdb.CategoryDictDb,[-]: [CategoryDictDb][table] trying open. 
18:59:40.400 [main] INFO  s.c.i.db.mapdb.CategoryDictDb,[-]: [CategoryDictDb][table] opened. 
18:59:40.400 [main] INFO  s.c.i.db.mapdb.CategoryDictDb,[-]: [CategoryDictDb][tagLogin] trying open. 
18:59:40.440 [main] INFO  s.c.i.db.mapdb.CategoryDictDb,[-]: [CategoryDictDb][tagLogin] opened. 
18:59:40.441 [main] INFO  s.c.i.db.mapdb.CategoryDictDb,[-]: [CategoryDictDb][tagDesc] trying open. 
18:59:40.476 [main] INFO  s.c.i.db.mapdb.CategoryDictDb,[-]: [CategoryDictDb][tagDesc] opened. 
18:59:40.476 [main] INFO  s.c.i.db.mapdb.CategoryDictDb,[-]: [CategoryDictDb][web] trying open. 
18:59:40.514 [main] INFO  s.c.i.db.mapdb.CategoryDictDb,[-]: [CategoryDictDb][web] opened. 
18:59:40.514 [main] INFO  s.c.i.db.mapdb.CategoryDictDb,[-]: [CategoryDictDb][hmsg] trying open. 
18:59:40.586 [main] INFO  s.c.i.db.mapdb.CategoryDictDb,[-]: [CategoryDictDb][hmsg] opened. 
18:59:40.586 [main] INFO  s.c.i.db.mapdb.CategoryDictDb,[-]: [CategoryDictDb][stackElm] trying open. 
18:59:40.627 [main] INFO  s.c.i.db.mapdb.CategoryDictDb,[-]: [CategoryDictDb][stackElm] opened. 
18:59:40.998 [main] INFO  s.c.i.db.mapdb.DailyMinuteIndex,[-]: [DailyMinuteIndex][metric] trying open. 20190903_REALTIME
18:59:41.048 [main] INFO  s.c.i.db.mapdb.DailyMinuteIndex,[-]: [DailyMinuteIndex][metric] opened. 20190903_REALTIME
18:59:41.096 [main] INFO  s.c.i.db.mapdb.MetricDictDb,[-]: [MetricDictDb] open.
18:59:41.138 [main] INFO  s.c.infrastructure.db.mapdb.ObjDb,[-]: [ObjDb] open.
18:59:41.147 [main] INFO  s.c.i.db.mapdb.DailySecondIndex,[-]: [DailySecondIndex][xlog] trying open. 20190903
18:59:41.190 [main] INFO  s.c.i.db.mapdb.DailySecondIndex,[-]: [DailySecondIndex][xlog] opened. 20190903
18:59:41.192 [main] INFO  s.c.i.db.mapdb.XlogIdIndex,[-]: [XlogIdIndex] trying open. 20190903
18:59:41.259 [main] INFO  s.c.i.db.mapdb.XlogIdIndex,[-]: [XlogIdIndex] opened. 20190903
18:59:41.998 [main] INFO  s.c.i.db.filedb.XlogFileDb,[-]: [XlogFileDb.Table:20190903] open.
18:59:42.240 [Thread-7] INFO  s.c.infrastructure.db.mapdb.ObjDb,[-]: [ObjDb] closing.
18:59:42.309 [Thread-7] INFO  s.c.i.db.mapdb.MetricDictDb,[-]: [MetricDictDb] closing.
18:59:42.314 [Thread-7] INFO  s.c.infrastructure.db.mapdb.CommonDb,[-]: [CommonDb] closing.
19:01:20.209 [main] INFO  s.c.infrastructure.db.mapdb.CommonDb,[-]: [CommonDb] open.
19:01:20.230 [main] INFO  s.c.i.db.mapdb.CategoryDictDb,[-]: [CategoryDictDb][error] trying open. 
19:01:20.310 [main] INFO  s.c.i.db.mapdb.CategoryDictDb,[-]: [CategoryDictDb][error] opened. 
19:01:20.311 [main] INFO  s.c.i.db.mapdb.CategoryDictDb,[-]: [CategoryDictDb][apicall] trying open. 
19:01:20.350 [main] INFO  s.c.i.db.mapdb.CategoryDictDb,[-]: [CategoryDictDb][apicall] opened. 
19:01:20.350 [main] INFO  s.c.i.db.mapdb.CategoryDictDb,[-]: [CategoryDictDb][method] trying open. 
19:01:20.398 [main] INFO  s.c.i.db.mapdb.CategoryDictDb,[-]: [CategoryDictDb][method] opened. 
19:01:20.399 [main] INFO  s.c.i.db.mapdb.CategoryDictDb,[-]: [CategoryDictDb][service] trying open. 
19:01:20.451 [main] INFO  s.c.i.db.mapdb.CategoryDictDb,[-]: [CategoryDictDb][service] opened. 
19:01:20.452 [main] INFO  s.c.i.db.mapdb.CategoryDictDb,[-]: [CategoryDictDb][sql] trying open. 
19:01:20.503 [main] INFO  s.c.i.db.mapdb.CategoryDictDb,[-]: [CategoryDictDb][sql] opened. 
19:01:20.503 [main] INFO  s.c.i.db.mapdb.CategoryDictDb,[-]: [CategoryDictDb][obj] trying open. 
19:01:20.544 [main] INFO  s.c.i.db.mapdb.CategoryDictDb,[-]: [CategoryDictDb][obj] opened. 
19:01:20.544 [main] INFO  s.c.i.db.mapdb.CategoryDictDb,[-]: [CategoryDictDb][referrer] trying open. 
19:01:20.623 [main] INFO  s.c.i.db.mapdb.CategoryDictDb,[-]: [CategoryDictDb][referrer] opened. 
19:01:20.623 [main] INFO  s.c.i.db.mapdb.CategoryDictDb,[-]: [CategoryDictDb][ua] trying open. 
19:01:20.692 [main] INFO  s.c.i.db.mapdb.CategoryDictDb,[-]: [CategoryDictDb][ua] opened. 
19:01:20.692 [main] INFO  s.c.i.db.mapdb.CategoryDictDb,[-]: [CategoryDictDb][group] trying open. 
19:01:20.756 [main] INFO  s.c.i.db.mapdb.CategoryDictDb,[-]: [CategoryDictDb][group] opened. 
19:01:20.756 [main] INFO  s.c.i.db.mapdb.CategoryDictDb,[-]: [CategoryDictDb][city] trying open. 
19:01:20.818 [main] INFO  s.c.i.db.mapdb.CategoryDictDb,[-]: [CategoryDictDb][city] opened. 
19:01:20.818 [main] INFO  s.c.i.db.mapdb.CategoryDictDb,[-]: [CategoryDictDb][table] trying open. 
19:01:20.860 [main] INFO  s.c.i.db.mapdb.CategoryDictDb,[-]: [CategoryDictDb][table] opened. 
19:01:20.860 [main] INFO  s.c.i.db.mapdb.CategoryDictDb,[-]: [CategoryDictDb][tagLogin] trying open. 
19:01:20.942 [main] INFO  s.c.i.db.mapdb.CategoryDictDb,[-]: [CategoryDictDb][tagLogin] opened. 
19:01:20.944 [main] INFO  s.c.i.db.mapdb.CategoryDictDb,[-]: [CategoryDictDb][tagDesc] trying open. 
19:01:21.015 [main] INFO  s.c.i.db.mapdb.CategoryDictDb,[-]: [CategoryDictDb][tagDesc] opened. 
19:01:21.015 [main] INFO  s.c.i.db.mapdb.CategoryDictDb,[-]: [CategoryDictDb][web] trying open. 
19:01:21.064 [main] INFO  s.c.i.db.mapdb.CategoryDictDb,[-]: [CategoryDictDb][web] opened. 
19:01:21.064 [main] INFO  s.c.i.db.mapdb.CategoryDictDb,[-]: [CategoryDictDb][hmsg] trying open. 
19:01:21.127 [main] INFO  s.c.i.db.mapdb.CategoryDictDb,[-]: [CategoryDictDb][hmsg] opened. 
19:01:21.127 [main] INFO  s.c.i.db.mapdb.CategoryDictDb,[-]: [CategoryDictDb][stackElm] trying open. 
19:01:21.184 [main] INFO  s.c.i.db.mapdb.CategoryDictDb,[-]: [CategoryDictDb][stackElm] opened. 
19:01:21.747 [main] INFO  s.c.i.db.mapdb.DailyMinuteIndex,[-]: [DailyMinuteIndex][metric] trying open. 20190903_REALTIME
19:01:21.812 [main] INFO  s.c.i.db.mapdb.DailyMinuteIndex,[-]: [DailyMinuteIndex][metric] opened. 20190903_REALTIME
19:01:21.915 [main] INFO  s.c.i.db.mapdb.MetricDictDb,[-]: [MetricDictDb] open.
19:01:21.975 [main] INFO  s.c.infrastructure.db.mapdb.ObjDb,[-]: [ObjDb] open.
19:01:21.983 [main] INFO  s.c.i.db.mapdb.DailySecondIndex,[-]: [DailySecondIndex][xlog] trying open. 20190903
19:01:22.027 [main] INFO  s.c.i.db.mapdb.DailySecondIndex,[-]: [DailySecondIndex][xlog] opened. 20190903
19:01:22.028 [main] INFO  s.c.i.db.mapdb.XlogIdIndex,[-]: [XlogIdIndex] trying open. 20190903
19:01:22.074 [main] INFO  s.c.i.db.mapdb.XlogIdIndex,[-]: [XlogIdIndex] opened. 20190903
19:01:23.198 [main] INFO  s.c.i.db.filedb.XlogFileDb,[-]: [XlogFileDb.Table:20190903] open.
19:02:05.824 [main] INFO  s.c.infrastructure.db.mapdb.CommonDb,[-]: [CommonDb] open.
19:02:05.854 [main] INFO  s.c.i.db.mapdb.CategoryDictDb,[-]: [CategoryDictDb][error] trying open. 
19:02:05.895 [main] INFO  s.c.i.db.mapdb.CategoryDictDb,[-]: [CategoryDictDb][error] opened. 
19:02:05.896 [main] INFO  s.c.i.db.mapdb.CategoryDictDb,[-]: [CategoryDictDb][apicall] trying open. 
19:02:05.933 [main] INFO  s.c.i.db.mapdb.CategoryDictDb,[-]: [CategoryDictDb][apicall] opened. 
19:02:05.934 [main] INFO  s.c.i.db.mapdb.CategoryDictDb,[-]: [CategoryDictDb][method] trying open. 
19:02:05.990 [main] INFO  s.c.i.db.mapdb.CategoryDictDb,[-]: [CategoryDictDb][method] opened. 
19:02:05.991 [main] INFO  s.c.i.db.mapdb.CategoryDictDb,[-]: [CategoryDictDb][service] trying open. 
19:02:06.036 [main] INFO  s.c.i.db.mapdb.CategoryDictDb,[-]: [CategoryDictDb][service] opened. 
19:02:06.037 [main] INFO  s.c.i.db.mapdb.CategoryDictDb,[-]: [CategoryDictDb][sql] trying open. 
19:02:06.084 [main] INFO  s.c.i.db.mapdb.CategoryDictDb,[-]: [CategoryDictDb][sql] opened. 
19:02:06.084 [main] INFO  s.c.i.db.mapdb.CategoryDictDb,[-]: [CategoryDictDb][obj] trying open. 
19:02:06.127 [main] INFO  s.c.i.db.mapdb.CategoryDictDb,[-]: [CategoryDictDb][obj] opened. 
19:02:06.128 [main] INFO  s.c.i.db.mapdb.CategoryDictDb,[-]: [CategoryDictDb][referrer] trying open. 
19:02:06.172 [main] INFO  s.c.i.db.mapdb.CategoryDictDb,[-]: [CategoryDictDb][referrer] opened. 
19:02:06.173 [main] INFO  s.c.i.db.mapdb.CategoryDictDb,[-]: [CategoryDictDb][ua] trying open. 
19:02:06.211 [main] INFO  s.c.i.db.mapdb.CategoryDictDb,[-]: [CategoryDictDb][ua] opened. 
19:02:06.214 [main] INFO  s.c.i.db.mapdb.CategoryDictDb,[-]: [CategoryDictDb][group] trying open. 
19:02:06.262 [main] INFO  s.c.i.db.mapdb.CategoryDictDb,[-]: [CategoryDictDb][group] opened. 
19:02:06.263 [main] INFO  s.c.i.db.mapdb.CategoryDictDb,[-]: [CategoryDictDb][city] trying open. 
19:02:06.351 [main] INFO  s.c.i.db.mapdb.CategoryDictDb,[-]: [CategoryDictDb][city] opened. 
19:02:06.351 [main] INFO  s.c.i.db.mapdb.CategoryDictDb,[-]: [CategoryDictDb][table] trying open. 
19:02:06.393 [main] INFO  s.c.i.db.mapdb.CategoryDictDb,[-]: [CategoryDictDb][table] opened. 
19:02:06.393 [main] INFO  s.c.i.db.mapdb.CategoryDictDb,[-]: [CategoryDictDb][tagLogin] trying open. 
19:02:06.439 [main] INFO  s.c.i.db.mapdb.CategoryDictDb,[-]: [CategoryDictDb][tagLogin] opened. 
19:02:06.440 [main] INFO  s.c.i.db.mapdb.CategoryDictDb,[-]: [CategoryDictDb][tagDesc] trying open. 
19:02:06.514 [main] INFO  s.c.i.db.mapdb.CategoryDictDb,[-]: [CategoryDictDb][tagDesc] opened. 
19:02:06.515 [main] INFO  s.c.i.db.mapdb.CategoryDictDb,[-]: [CategoryDictDb][web] trying open. 
19:02:06.594 [main] INFO  s.c.i.db.mapdb.CategoryDictDb,[-]: [CategoryDictDb][web] opened. 
19:02:06.595 [main] INFO  s.c.i.db.mapdb.CategoryDictDb,[-]: [CategoryDictDb][hmsg] trying open. 
19:02:06.677 [main] INFO  s.c.i.db.mapdb.CategoryDictDb,[-]: [CategoryDictDb][hmsg] opened. 
19:02:06.677 [main] INFO  s.c.i.db.mapdb.CategoryDictDb,[-]: [CategoryDictDb][stackElm] trying open. 
19:02:06.728 [main] INFO  s.c.i.db.mapdb.CategoryDictDb,[-]: [CategoryDictDb][stackElm] opened. 
19:02:07.188 [main] INFO  s.c.i.db.mapdb.DailyMinuteIndex,[-]: [DailyMinuteIndex][metric] trying open. 20190903_REALTIME
19:02:07.237 [main] INFO  s.c.i.db.mapdb.DailyMinuteIndex,[-]: [DailyMinuteIndex][metric] opened. 20190903_REALTIME
19:02:07.283 [main] INFO  s.c.i.db.mapdb.MetricDictDb,[-]: [MetricDictDb] open.
19:02:07.324 [main] INFO  s.c.infrastructure.db.mapdb.ObjDb,[-]: [ObjDb] open.
19:02:07.330 [main] INFO  s.c.i.db.mapdb.DailySecondIndex,[-]: [DailySecondIndex][xlog] trying open. 20190903
19:02:07.361 [main] INFO  s.c.i.db.mapdb.DailySecondIndex,[-]: [DailySecondIndex][xlog] opened. 20190903
19:02:07.363 [main] INFO  s.c.i.db.mapdb.XlogIdIndex,[-]: [XlogIdIndex] trying open. 20190903
19:02:07.399 [main] INFO  s.c.i.db.mapdb.XlogIdIndex,[-]: [XlogIdIndex] opened. 20190903
19:02:07.969 [main] INFO  s.c.i.db.filedb.XlogFileDb,[-]: [XlogFileDb.Table:20190903] open.
19:02:08.162 [Thread-7] INFO  s.c.i.db.mapdb.MetricDictDb,[-]: [MetricDictDb] closing.
19:02:08.168 [Thread-7] INFO  s.c.infrastructure.db.mapdb.CommonDb,[-]: [CommonDb] closing.
19:02:51.150 [main] INFO  s.c.infrastructure.db.mapdb.CommonDb,[-]: [CommonDb] open.
19:02:51.168 [main] INFO  s.c.i.db.mapdb.CategoryDictDb,[-]: [CategoryDictDb][error] trying open. 
19:02:51.213 [main] INFO  s.c.i.db.mapdb.CategoryDictDb,[-]: [CategoryDictDb][error] opened. 
19:02:51.214 [main] INFO  s.c.i.db.mapdb.CategoryDictDb,[-]: [CategoryDictDb][apicall] trying open. 
19:02:51.256 [main] INFO  s.c.i.db.mapdb.CategoryDictDb,[-]: [CategoryDictDb][apicall] opened. 
19:02:51.256 [main] INFO  s.c.i.db.mapdb.CategoryDictDb,[-]: [CategoryDictDb][method] trying open. 
19:02:51.298 [main] INFO  s.c.i.db.mapdb.CategoryDictDb,[-]: [CategoryDictDb][method] opened. 
19:02:51.299 [main] INFO  s.c.i.db.mapdb.CategoryDictDb,[-]: [CategoryDictDb][service] trying open. 
19:02:51.347 [main] INFO  s.c.i.db.mapdb.CategoryDictDb,[-]: [CategoryDictDb][service] opened. 
19:02:51.347 [main] INFO  s.c.i.db.mapdb.CategoryDictDb,[-]: [CategoryDictDb][sql] trying open. 
19:02:51.398 [main] INFO  s.c.i.db.mapdb.CategoryDictDb,[-]: [CategoryDictDb][sql] opened. 
19:02:51.398 [main] INFO  s.c.i.db.mapdb.CategoryDictDb,[-]: [CategoryDictDb][obj] trying open. 
19:02:51.451 [main] INFO  s.c.i.db.mapdb.CategoryDictDb,[-]: [CategoryDictDb][obj] opened. 
19:02:51.451 [main] INFO  s.c.i.db.mapdb.CategoryDictDb,[-]: [CategoryDictDb][referrer] trying open. 
19:02:51.489 [main] INFO  s.c.i.db.mapdb.CategoryDictDb,[-]: [CategoryDictDb][referrer] opened. 
19:02:51.489 [main] INFO  s.c.i.db.mapdb.CategoryDictDb,[-]: [CategoryDictDb][ua] trying open. 
19:02:51.535 [main] INFO  s.c.i.db.mapdb.CategoryDictDb,[-]: [CategoryDictDb][ua] opened. 
19:02:51.535 [main] INFO  s.c.i.db.mapdb.CategoryDictDb,[-]: [CategoryDictDb][group] trying open. 
19:02:51.578 [main] INFO  s.c.i.db.mapdb.CategoryDictDb,[-]: [CategoryDictDb][group] opened. 
19:02:51.579 [main] INFO  s.c.i.db.mapdb.CategoryDictDb,[-]: [CategoryDictDb][city] trying open. 
19:02:51.617 [main] INFO  s.c.i.db.mapdb.CategoryDictDb,[-]: [CategoryDictDb][city] opened. 
19:02:51.617 [main] INFO  s.c.i.db.mapdb.CategoryDictDb,[-]: [CategoryDictDb][table] trying open. 
19:02:51.677 [main] INFO  s.c.i.db.mapdb.CategoryDictDb,[-]: [CategoryDictDb][table] opened. 
19:02:51.678 [main] INFO  s.c.i.db.mapdb.CategoryDictDb,[-]: [CategoryDictDb][tagLogin] trying open. 
19:02:51.722 [main] INFO  s.c.i.db.mapdb.CategoryDictDb,[-]: [CategoryDictDb][tagLogin] opened. 
19:02:51.722 [main] INFO  s.c.i.db.mapdb.CategoryDictDb,[-]: [CategoryDictDb][tagDesc] trying open. 
19:02:51.757 [main] INFO  s.c.i.db.mapdb.CategoryDictDb,[-]: [CategoryDictDb][tagDesc] opened. 
19:02:51.758 [main] INFO  s.c.i.db.mapdb.CategoryDictDb,[-]: [CategoryDictDb][web] trying open. 
19:02:51.791 [main] INFO  s.c.i.db.mapdb.CategoryDictDb,[-]: [CategoryDictDb][web] opened. 
19:02:51.792 [main] INFO  s.c.i.db.mapdb.CategoryDictDb,[-]: [CategoryDictDb][hmsg] trying open. 
19:02:51.858 [main] INFO  s.c.i.db.mapdb.CategoryDictDb,[-]: [CategoryDictDb][hmsg] opened. 
19:02:51.859 [main] INFO  s.c.i.db.mapdb.CategoryDictDb,[-]: [CategoryDictDb][stackElm] trying open. 
19:02:51.908 [main] INFO  s.c.i.db.mapdb.CategoryDictDb,[-]: [CategoryDictDb][stackElm] opened. 
19:02:52.317 [main] INFO  s.c.i.db.mapdb.DailyMinuteIndex,[-]: [DailyMinuteIndex][metric] trying open. 20190903_REALTIME
19:02:52.391 [main] INFO  s.c.i.db.mapdb.DailyMinuteIndex,[-]: [DailyMinuteIndex][metric] opened. 20190903_REALTIME
19:02:52.534 [main] INFO  s.c.i.db.mapdb.MetricDictDb,[-]: [MetricDictDb] open.
19:02:52.616 [main] INFO  s.c.infrastructure.db.mapdb.ObjDb,[-]: [ObjDb] open.
19:02:52.630 [main] INFO  s.c.i.db.mapdb.DailySecondIndex,[-]: [DailySecondIndex][xlog] trying open. 20190903
19:02:52.691 [main] INFO  s.c.i.db.mapdb.DailySecondIndex,[-]: [DailySecondIndex][xlog] opened. 20190903
19:02:52.692 [main] INFO  s.c.i.db.mapdb.XlogIdIndex,[-]: [XlogIdIndex] trying open. 20190903
19:02:52.783 [main] INFO  s.c.i.db.mapdb.XlogIdIndex,[-]: [XlogIdIndex] opened. 20190903
19:02:53.336 [main] INFO  s.c.i.db.filedb.XlogFileDb,[-]: [XlogFileDb.Table:20190903] open.
19:02:53.479 [Thread-7] INFO  s.c.infrastructure.db.mapdb.CommonDb,[-]: [CommonDb] closing.
19:04:39.740 [main] INFO  s.c.i.db.filedb.MetricFileDb,[-]: [MetricFileDb.Table:20190101_REALTIME] open.
19:04:39.757 [main] INFO  s.c.i.db.filedb.MetricFileDb,[-]: [MetricFileDb.Table:20190101_REALTIME] open.
19:04:39.789 [main] INFO  s.c.i.db.filedb.MetricFileDb,[-]: [MetricFileDb.Table:20190101_REALTIME] open.
19:04:39.800 [main] INFO  s.c.i.db.filedb.MetricFileDb,[-]: [MetricFileDb.Table:20190101_REALTIME] open.
19:04:39.860 [main] INFO  s.c.i.db.filedb.XlogFileDb,[-]: [XlogFileDb.Table:20190101] open.
19:04:40.400 [main] INFO  s.c.i.db.filedb.XlogFileDb,[-]: [XlogFileDb.Table:20190101] open.
19:04:40.405 [main] INFO  s.c.i.db.filedb.XlogFileDb,[-]: [XlogFileDb.Table:20190101] open.
19:04:43.033 [main] INFO  s.c.infrastructure.db.mapdb.CommonDb,[-]: [CommonDb] open.
19:04:43.055 [main] INFO  s.c.i.db.mapdb.CategoryDictDb,[-]: [CategoryDictDb][error] trying open. 
19:04:43.109 [main] INFO  s.c.i.db.mapdb.CategoryDictDb,[-]: [CategoryDictDb][error] opened. 
19:04:43.110 [main] INFO  s.c.i.db.mapdb.CategoryDictDb,[-]: [CategoryDictDb][apicall] trying open. 
19:04:43.154 [main] INFO  s.c.i.db.mapdb.CategoryDictDb,[-]: [CategoryDictDb][apicall] opened. 
19:04:43.154 [main] INFO  s.c.i.db.mapdb.CategoryDictDb,[-]: [CategoryDictDb][method] trying open. 
19:04:43.194 [main] INFO  s.c.i.db.mapdb.CategoryDictDb,[-]: [CategoryDictDb][method] opened. 
19:04:43.194 [main] INFO  s.c.i.db.mapdb.CategoryDictDb,[-]: [CategoryDictDb][service] trying open. 
19:04:43.273 [main] INFO  s.c.i.db.mapdb.CategoryDictDb,[-]: [CategoryDictDb][service] opened. 
19:04:43.276 [main] INFO  s.c.i.db.mapdb.CategoryDictDb,[-]: [CategoryDictDb][sql] trying open. 
19:04:43.354 [main] INFO  s.c.i.db.mapdb.CategoryDictDb,[-]: [CategoryDictDb][sql] opened. 
19:04:43.355 [main] INFO  s.c.i.db.mapdb.CategoryDictDb,[-]: [CategoryDictDb][obj] trying open. 
19:04:43.399 [main] INFO  s.c.i.db.mapdb.CategoryDictDb,[-]: [CategoryDictDb][obj] opened. 
19:04:43.400 [main] INFO  s.c.i.db.mapdb.CategoryDictDb,[-]: [CategoryDictDb][referrer] trying open. 
19:04:43.444 [main] INFO  s.c.i.db.mapdb.CategoryDictDb,[-]: [CategoryDictDb][referrer] opened. 
19:04:43.444 [main] INFO  s.c.i.db.mapdb.CategoryDictDb,[-]: [CategoryDictDb][ua] trying open. 
19:04:43.481 [main] INFO  s.c.i.db.mapdb.CategoryDictDb,[-]: [CategoryDictDb][ua] opened. 
19:04:43.482 [main] INFO  s.c.i.db.mapdb.CategoryDictDb,[-]: [CategoryDictDb][group] trying open. 
19:04:43.522 [main] INFO  s.c.i.db.mapdb.CategoryDictDb,[-]: [CategoryDictDb][group] opened. 
19:04:43.522 [main] INFO  s.c.i.db.mapdb.CategoryDictDb,[-]: [CategoryDictDb][city] trying open. 
19:04:43.561 [main] INFO  s.c.i.db.mapdb.CategoryDictDb,[-]: [CategoryDictDb][city] opened. 
19:04:43.561 [main] INFO  s.c.i.db.mapdb.CategoryDictDb,[-]: [CategoryDictDb][table] trying open. 
19:04:43.597 [main] INFO  s.c.i.db.mapdb.CategoryDictDb,[-]: [CategoryDictDb][table] opened. 
19:04:43.597 [main] INFO  s.c.i.db.mapdb.CategoryDictDb,[-]: [CategoryDictDb][tagLogin] trying open. 
19:04:43.657 [main] INFO  s.c.i.db.mapdb.CategoryDictDb,[-]: [CategoryDictDb][tagLogin] opened. 
19:04:43.657 [main] INFO  s.c.i.db.mapdb.CategoryDictDb,[-]: [CategoryDictDb][tagDesc] trying open. 
19:04:43.734 [main] INFO  s.c.i.db.mapdb.CategoryDictDb,[-]: [CategoryDictDb][tagDesc] opened. 
19:04:43.734 [main] INFO  s.c.i.db.mapdb.CategoryDictDb,[-]: [CategoryDictDb][web] trying open. 
19:04:43.821 [main] INFO  s.c.i.db.mapdb.CategoryDictDb,[-]: [CategoryDictDb][web] opened. 
19:04:43.822 [main] INFO  s.c.i.db.mapdb.CategoryDictDb,[-]: [CategoryDictDb][hmsg] trying open. 
19:04:43.916 [main] INFO  s.c.i.db.mapdb.CategoryDictDb,[-]: [CategoryDictDb][hmsg] opened. 
19:04:43.918 [main] INFO  s.c.i.db.mapdb.CategoryDictDb,[-]: [CategoryDictDb][stackElm] trying open. 
19:04:43.999 [main] INFO  s.c.i.db.mapdb.CategoryDictDb,[-]: [CategoryDictDb][stackElm] opened. 
19:04:44.013 [main] INFO  s.c.i.db.mapdb.DailyMinuteIndex,[-]: [DailyMinuteIndex][metric] trying open. 20190903_REALTIME
19:04:44.080 [main] INFO  s.c.i.db.mapdb.DailyMinuteIndex,[-]: [DailyMinuteIndex][metric] opened. 20190903_REALTIME
19:04:44.124 [main] INFO  s.c.i.db.mapdb.MetricDictDb,[-]: [MetricDictDb] open.
19:04:44.155 [main] INFO  s.c.infrastructure.db.mapdb.ObjDb,[-]: [ObjDb] open.
19:04:44.165 [main] INFO  s.c.i.db.mapdb.DailySecondIndex,[-]: [DailySecondIndex][xlog] trying open. 20190903
19:04:44.191 [main] INFO  s.c.i.db.mapdb.DailySecondIndex,[-]: [DailySecondIndex][xlog] opened. 20190903
19:04:44.193 [main] INFO  s.c.i.db.mapdb.XlogIdIndex,[-]: [XlogIdIndex] trying open. 20190903
19:04:44.235 [main] INFO  s.c.i.db.mapdb.XlogIdIndex,[-]: [XlogIdIndex] opened. 20190903
19:04:44.705 [main] INFO  s.c.i.db.mapdb.CategoryDictDb,[-]: [CategoryDictDb][undef_any-no-exist] trying open. 
19:04:44.824 [main] INFO  s.c.i.db.mapdb.CategoryDictDb,[-]: [CategoryDictDb][undef_any-no-exist] opened. 
19:04:45.073 [main] INFO  s.c.i.db.mapdb.DailyMinuteIndex,[-]: [DailyMinuteIndex][metric] trying open. 20190902_REALTIME
19:04:45.103 [main] INFO  s.c.i.db.mapdb.DailyMinuteIndex,[-]: [DailyMinuteIndex][metric] opened. 20190902_REALTIME
19:04:45.105 [main] INFO  s.c.i.db.filedb.MetricFileDb,[-]: [MetricFileDb.Table:20190902_REALTIME] open.
19:04:45.179 [main] INFO  s.c.i.db.mapdb.DailyMinuteIndex,[-]: [DailyMinuteIndex][metric] trying open. 20190901_REALTIME
19:04:45.234 [main] INFO  s.c.i.db.mapdb.DailyMinuteIndex,[-]: [DailyMinuteIndex][metric] opened. 20190901_REALTIME
19:04:45.235 [main] INFO  s.c.i.db.filedb.MetricFileDb,[-]: [MetricFileDb.Table:20190901_REALTIME] open.
19:04:45.299 [main] INFO  s.c.i.db.mapdb.DailyMinuteIndex,[-]: [DailyMinuteIndex][metric] trying open. 20190831_REALTIME
19:04:45.359 [main] INFO  s.c.i.db.mapdb.DailyMinuteIndex,[-]: [DailyMinuteIndex][metric] opened. 20190831_REALTIME
19:04:45.363 [main] INFO  s.c.i.db.filedb.MetricFileDb,[-]: [MetricFileDb.Table:20190831_REALTIME] open.
19:04:45.400 [main] INFO  s.c.i.db.mapdb.DailyMinuteIndex,[-]: [DailyMinuteIndex][metric] trying open. 20190830_FIVE_MIN
19:04:45.556 [main] INFO  s.c.i.db.mapdb.DailyMinuteIndex,[-]: [DailyMinuteIndex][metric] opened. 20190830_FIVE_MIN
19:04:45.562 [main] INFO  s.c.i.db.filedb.MetricFileDb,[-]: [MetricFileDb.Table:20190830_FIVE_MIN] open.
19:04:48.114 [main] INFO  s.c.i.db.filedb.XlogFileDb,[-]: [XlogFileDb.Table:20190903] open.
19:04:48.136 [main] INFO  s.c.i.db.filedb.XlogFileDb,[-]: [XlogFileDb.Table:20190902] open.
19:04:48.137 [main] INFO  s.c.i.db.mapdb.DailySecondIndex,[-]: [DailySecondIndex][xlog] trying open. 20190902
19:04:48.174 [main] INFO  s.c.i.db.mapdb.DailySecondIndex,[-]: [DailySecondIndex][xlog] opened. 20190902
19:04:48.175 [main] INFO  s.c.i.db.mapdb.XlogIdIndex,[-]: [XlogIdIndex] trying open. 20190902
19:04:48.239 [main] INFO  s.c.i.db.mapdb.XlogIdIndex,[-]: [XlogIdIndex] opened. 20190902
19:04:48.274 [main] INFO  s.c.i.db.filedb.XlogFileDb,[-]: [XlogFileDb.Table:20190901] open.
19:04:48.275 [main] INFO  s.c.i.db.mapdb.DailySecondIndex,[-]: [DailySecondIndex][xlog] trying open. 20190901
19:04:48.308 [main] INFO  s.c.i.db.mapdb.DailySecondIndex,[-]: [DailySecondIndex][xlog] opened. 20190901
19:04:48.308 [main] INFO  s.c.i.db.mapdb.XlogIdIndex,[-]: [XlogIdIndex] trying open. 20190901
19:04:48.400 [main] INFO  s.c.i.db.mapdb.XlogIdIndex,[-]: [XlogIdIndex] opened. 20190901
19:04:48.503 [Thread-7] INFO  s.c.infrastructure.db.mapdb.ObjDb,[-]: [ObjDb] closing.
19:04:48.530 [Thread-7] INFO  s.c.i.db.mapdb.MetricDictDb,[-]: [MetricDictDb] closing.
19:04:48.549 [Thread-7] INFO  s.c.infrastructure.db.mapdb.CommonDb,[-]: [CommonDb] closing.
