16:30:48.520 [main] INFO  s.c.i.filedb.MetricFileDb,[-]: [MetricFileDb.Table:20190101_REALTIME] open.
16:30:48.563 [main] INFO  s.c.i.filedb.MetricFileDb,[-]: [MetricFileDb.Table:20190101_REALTIME] open.
16:30:48.708 [main] INFO  s.c.i.filedb.MetricFileDb,[-]: [MetricFileDb.Table:20190101_REALTIME] open.
16:30:48.720 [main] INFO  s.c.i.filedb.MetricFileDb,[-]: [MetricFileDb.Table:20190101_REALTIME] open.
16:31:52.208 [main] INFO  s.c.i.filedb.MetricFileDb,[-]: [MetricFileDb.Table:20190101_REALTIME] open.
16:43:40.330 [main] INFO  s.c.i.db.filedb.MetricFileDb,[-]: [MetricFileDb.Table:20190101_REALTIME] open.
16:43:40.566 [main] INFO  s.c.i.db.filedb.MetricFileDb,[-]: [MetricFileDb.Table:20190101_REALTIME] open.
16:43:41.076 [main] INFO  s.c.i.db.filedb.MetricFileDb,[-]: [MetricFileDb.Table:20190101_REALTIME] open.
16:43:41.090 [main] INFO  s.c.i.db.filedb.MetricFileDb,[-]: [MetricFileDb.Table:20190101_REALTIME] open.
16:46:39.016 [main] INFO  s.c.i.db.filedb.MetricFileDb,[-]: [MetricFileDb.Table:20190101_REALTIME] open.
16:46:39.069 [main] INFO  s.c.i.db.filedb.MetricFileDb,[-]: [MetricFileDb.Table:20190101_REALTIME] open.
16:46:53.767 [main] INFO  s.c.i.db.filedb.MetricFileDb,[-]: [MetricFileDb.Table:20190101_REALTIME] open.
16:46:53.785 [main] INFO  s.c.i.db.filedb.MetricFileDb,[-]: [MetricFileDb.Table:20190101_REALTIME] open.
23:09:05.628 [main] INFO  s.c.infrastructure.db.mapdb.CommonDb,[-]: [CommonDb] open.
23:09:06.355 [main] INFO  s.c.i.db.mapdb.MetricDbDaily,[-]: [MetricDbDaily] open. 20190824_REALTIME
23:09:06.422 [main] INFO  s.c.i.db.mapdb.MetricDictDb,[-]: [MetricDictDb] open.
23:09:06.474 [main] INFO  s.c.infrastructure.db.mapdb.ObjDb,[-]: [ObjDb] open.
23:09:07.017 [main] INFO  s.c.i.db.mapdb.MetricDbDaily,[-]: [MetricDbDaily] open. 20190823_FIVE_MIN
23:09:07.018 [main] INFO  s.c.i.db.filedb.MetricFileDb,[-]: [MetricFileDb.Table:20190823_FIVE_MIN] open.
23:09:07.198 [main] INFO  s.c.i.db.filedb.MetricFileDb,[-]: [MetricFileDb.Table:20190823_REALTIME] open.
23:09:07.346 [Thread-3] INFO  s.c.infrastructure.db.mapdb.ObjDb,[-]: [ObjDb] closing.
23:12:33.014 [main] INFO  s.c.infrastructure.db.mapdb.CommonDb,[-]: [CommonDb] open.
23:12:33.583 [main] INFO  s.c.i.db.mapdb.MetricDbDaily,[-]: [MetricDbDaily] open. 20190824_REALTIME
23:12:33.649 [main] INFO  s.c.i.db.mapdb.MetricDictDb,[-]: [MetricDictDb] open.
23:12:33.691 [main] INFO  s.c.infrastructure.db.mapdb.ObjDb,[-]: [ObjDb] open.
23:12:38.387 [main] INFO  s.c.i.db.mapdb.MetricDbDaily,[-]: [MetricDbDaily] open. 20190823_FIVE_MIN
23:13:01.160 [main] INFO  s.c.i.db.filedb.MetricFileDb,[-]: [MetricFileDb.Table:20190823_FIVE_MIN] open.
23:15:16.347 [main] INFO  s.c.i.db.filedb.MetricFileDb,[-]: [MetricFileDb.Table:20190823_REALTIME] open.
23:18:08.397 [main] INFO  s.c.infrastructure.db.mapdb.CommonDb,[-]: [CommonDb] open.
23:18:08.969 [main] INFO  s.c.i.db.mapdb.MetricDbDaily,[-]: [MetricDbDaily] open. 20190824_REALTIME
23:18:09.023 [main] INFO  s.c.i.db.mapdb.MetricDictDb,[-]: [MetricDictDb] open.
23:18:09.062 [main] INFO  s.c.infrastructure.db.mapdb.ObjDb,[-]: [ObjDb] open.
23:18:14.997 [main] INFO  s.c.i.db.mapdb.MetricDbDaily,[-]: [MetricDbDaily] open. 20190823_FIVE_MIN
23:18:14.998 [main] INFO  s.c.i.db.filedb.MetricFileDb,[-]: [MetricFileDb.Table:20190823_FIVE_MIN] open.
23:18:15.199 [main] INFO  s.c.i.db.filedb.MetricFileDb,[-]: [MetricFileDb.Table:20190823_REALTIME] open.
23:18:35.414 [main] INFO  s.c.infrastructure.db.mapdb.CommonDb,[-]: [CommonDb] open.
23:18:36.130 [main] INFO  s.c.i.db.mapdb.MetricDbDaily,[-]: [MetricDbDaily] open. 20190824_REALTIME
23:18:36.187 [main] INFO  s.c.i.db.mapdb.MetricDictDb,[-]: [MetricDictDb] open.
23:18:36.250 [main] INFO  s.c.infrastructure.db.mapdb.ObjDb,[-]: [ObjDb] open.
23:18:36.750 [main] INFO  s.c.i.db.mapdb.MetricDbDaily,[-]: [MetricDbDaily] open. 20190823_REALTIME
23:18:36.751 [main] INFO  s.c.i.db.filedb.MetricFileDb,[-]: [MetricFileDb.Table:20190823_REALTIME] open.
23:18:49.794 [main] INFO  s.c.infrastructure.db.mapdb.CommonDb,[-]: [CommonDb] open.
23:18:50.602 [main] INFO  s.c.i.db.mapdb.MetricDbDaily,[-]: [MetricDbDaily] open. 20190824_REALTIME
23:18:50.650 [main] INFO  s.c.i.db.mapdb.MetricDictDb,[-]: [MetricDictDb] open.
23:18:50.697 [main] INFO  s.c.infrastructure.db.mapdb.ObjDb,[-]: [ObjDb] open.
23:18:51.162 [main] INFO  s.c.i.db.mapdb.MetricDbDaily,[-]: [MetricDbDaily] open. 20190823_FIVE_MIN
23:18:51.165 [main] INFO  s.c.i.db.filedb.MetricFileDb,[-]: [MetricFileDb.Table:20190823_FIVE_MIN] open.
23:18:51.432 [main] INFO  s.c.i.db.filedb.MetricFileDb,[-]: [MetricFileDb.Table:20190823_REALTIME] open.
23:19:10.429 [main] INFO  s.c.infrastructure.db.mapdb.CommonDb,[-]: [CommonDb] open.
23:19:11.985 [main] INFO  s.c.i.db.mapdb.MetricDbDaily,[-]: [MetricDbDaily] open. 20190824_REALTIME
23:19:12.048 [main] INFO  s.c.i.db.mapdb.MetricDictDb,[-]: [MetricDictDb] open.
23:19:12.099 [main] INFO  s.c.infrastructure.db.mapdb.ObjDb,[-]: [ObjDb] open.
23:19:12.937 [main] INFO  s.c.i.db.mapdb.MetricDbDaily,[-]: [MetricDbDaily] open. 20190823_REALTIME
23:19:12.938 [main] INFO  s.c.i.db.filedb.MetricFileDb,[-]: [MetricFileDb.Table:20190823_REALTIME] open.
23:19:13.325 [main] INFO  s.c.i.db.mapdb.MetricDbDaily,[-]: [MetricDbDaily] open. 20190822_REALTIME
23:19:13.326 [main] INFO  s.c.i.db.filedb.MetricFileDb,[-]: [MetricFileDb.Table:20190822_REALTIME] open.
23:19:13.527 [main] INFO  s.c.i.db.mapdb.MetricDbDaily,[-]: [MetricDbDaily] open. 20190821_REALTIME
23:19:13.529 [main] INFO  s.c.i.db.filedb.MetricFileDb,[-]: [MetricFileDb.Table:20190821_REALTIME] open.
23:19:13.593 [main] INFO  s.c.i.db.mapdb.MetricDbDaily,[-]: [MetricDbDaily] open. 20190820_FIVE_MIN
23:19:13.594 [main] INFO  s.c.i.db.filedb.MetricFileDb,[-]: [MetricFileDb.Table:20190820_FIVE_MIN] open.
23:19:13.598 [main] INFO  s.c.i.db.filedb.MetricFileDb,[-]: [MetricFileDb.Table:20190820_REALTIME] open.
