07:56:28.513 [main] INFO  s.c.infrastructure.db.mapdb.CommonDb,[-]: [CommonDb] open.
07:56:28.566 [main] INFO  s.c.i.db.mapdb.CategoryDictDb,[-]: [CategoryDictDb][error] trying open. 
07:56:28.656 [main] INFO  s.c.i.db.mapdb.CategoryDictDb,[-]: [CategoryDictDb][error] opened. 
07:56:28.657 [main] INFO  s.c.i.db.mapdb.CategoryDictDb,[-]: [CategoryDictDb][apicall] trying open. 
07:56:28.741 [main] INFO  s.c.i.db.mapdb.CategoryDictDb,[-]: [CategoryDictDb][apicall] opened. 
07:56:28.742 [main] INFO  s.c.i.db.mapdb.CategoryDictDb,[-]: [CategoryDictDb][method] trying open. 
07:56:28.822 [main] INFO  s.c.i.db.mapdb.CategoryDictDb,[-]: [CategoryDictDb][method] opened. 
07:56:28.822 [main] INFO  s.c.i.db.mapdb.CategoryDictDb,[-]: [CategoryDictDb][service] trying open. 
07:56:28.910 [main] INFO  s.c.i.db.mapdb.CategoryDictDb,[-]: [CategoryDictDb][service] opened. 
07:56:28.910 [main] INFO  s.c.i.db.mapdb.CategoryDictDb,[-]: [CategoryDictDb][sql] trying open. 
07:56:28.979 [main] INFO  s.c.i.db.mapdb.CategoryDictDb,[-]: [CategoryDictDb][sql] opened. 
07:56:28.979 [main] INFO  s.c.i.db.mapdb.CategoryDictDb,[-]: [CategoryDictDb][obj] trying open. 
07:56:29.028 [main] INFO  s.c.i.db.mapdb.CategoryDictDb,[-]: [CategoryDictDb][obj] opened. 
07:56:29.029 [main] INFO  s.c.i.db.mapdb.CategoryDictDb,[-]: [CategoryDictDb][referrer] trying open. 
07:56:29.100 [main] INFO  s.c.i.db.mapdb.CategoryDictDb,[-]: [CategoryDictDb][referrer] opened. 
07:56:29.100 [main] INFO  s.c.i.db.mapdb.CategoryDictDb,[-]: [CategoryDictDb][ua] trying open. 
07:56:29.152 [main] INFO  s.c.i.db.mapdb.CategoryDictDb,[-]: [CategoryDictDb][ua] opened. 
07:56:29.152 [main] INFO  s.c.i.db.mapdb.CategoryDictDb,[-]: [CategoryDictDb][group] trying open. 
07:56:29.233 [main] INFO  s.c.i.db.mapdb.CategoryDictDb,[-]: [CategoryDictDb][group] opened. 
07:56:29.234 [main] INFO  s.c.i.db.mapdb.CategoryDictDb,[-]: [CategoryDictDb][city] trying open. 
07:56:29.297 [main] INFO  s.c.i.db.mapdb.CategoryDictDb,[-]: [CategoryDictDb][city] opened. 
07:56:29.298 [main] INFO  s.c.i.db.mapdb.CategoryDictDb,[-]: [CategoryDictDb][table] trying open. 
07:56:29.364 [main] INFO  s.c.i.db.mapdb.CategoryDictDb,[-]: [CategoryDictDb][table] opened. 
07:56:29.364 [main] INFO  s.c.i.db.mapdb.CategoryDictDb,[-]: [CategoryDictDb][tagLogin] trying open. 
07:56:29.438 [main] INFO  s.c.i.db.mapdb.CategoryDictDb,[-]: [CategoryDictDb][tagLogin] opened. 
07:56:29.439 [main] INFO  s.c.i.db.mapdb.CategoryDictDb,[-]: [CategoryDictDb][tagDesc] trying open. 
07:56:29.508 [main] INFO  s.c.i.db.mapdb.CategoryDictDb,[-]: [CategoryDictDb][tagDesc] opened. 
07:56:29.508 [main] INFO  s.c.i.db.mapdb.CategoryDictDb,[-]: [CategoryDictDb][web] trying open. 
07:56:29.556 [main] INFO  s.c.i.db.mapdb.CategoryDictDb,[-]: [CategoryDictDb][web] opened. 
07:56:29.556 [main] INFO  s.c.i.db.mapdb.CategoryDictDb,[-]: [CategoryDictDb][hmsg] trying open. 
07:56:29.625 [main] INFO  s.c.i.db.mapdb.CategoryDictDb,[-]: [CategoryDictDb][hmsg] opened. 
07:56:29.626 [main] INFO  s.c.i.db.mapdb.CategoryDictDb,[-]: [CategoryDictDb][stackElm] trying open. 
07:56:29.672 [main] INFO  s.c.i.db.mapdb.CategoryDictDb,[-]: [CategoryDictDb][stackElm] opened. 
07:56:30.058 [main] INFO  s.c.i.db.mapdb.DailyMinuteIndex,[-]: [DailyMinuteIndex][metric] trying open. 20190906_REALTIME
07:56:30.106 [main] INFO  s.c.i.db.mapdb.DailyMinuteIndex,[-]: [DailyMinuteIndex][metric] opened. 20190906_REALTIME
07:56:30.158 [main] INFO  s.c.i.db.mapdb.MetricDictDb,[-]: [MetricDictDb] open.
07:56:30.190 [main] INFO  s.c.infrastructure.db.mapdb.ObjDb,[-]: [ObjDb] open.
07:56:30.197 [main] INFO  s.c.i.db.mapdb.DailySecondIndex,[-]: [DailySecondIndex][xlog] trying open. 20190906
07:56:30.220 [main] INFO  s.c.i.db.mapdb.DailySecondIndex,[-]: [DailySecondIndex][xlog] opened. 20190906
07:56:30.221 [main] INFO  s.c.i.db.mapdb.XlogIdIndex,[-]: [XlogIdIndex] trying open. 20190906
07:56:30.245 [main] INFO  s.c.i.db.mapdb.XlogIdIndex,[-]: [XlogIdIndex] opened. 20190906
07:56:31.033 [main] INFO  s.c.i.db.filedb.XlogFileDb,[-]: [XlogFileDb.Table:20170811] open.
07:56:31.046 [main] INFO  s.c.i.db.mapdb.DailySecondIndex,[-]: [DailySecondIndex][xlog] trying open. 20170811
07:56:31.075 [main] INFO  s.c.i.db.mapdb.DailySecondIndex,[-]: [DailySecondIndex][xlog] opened. 20170811
07:56:31.075 [main] INFO  s.c.i.db.mapdb.XlogIdIndex,[-]: [XlogIdIndex] trying open. 20170811
07:56:31.100 [main] INFO  s.c.i.db.mapdb.XlogIdIndex,[-]: [XlogIdIndex] opened. 20170811
07:57:36.828 [Thread-7] INFO  s.c.infrastructure.db.mapdb.ObjDb,[-]: [ObjDb] closing.
07:57:59.218 [main] INFO  s.c.infrastructure.db.mapdb.CommonDb,[-]: [CommonDb] open.
07:57:59.253 [main] INFO  s.c.i.db.mapdb.CategoryDictDb,[-]: [CategoryDictDb][error] trying open. 
07:57:59.319 [main] INFO  s.c.i.db.mapdb.CategoryDictDb,[-]: [CategoryDictDb][error] opened. 
07:57:59.320 [main] INFO  s.c.i.db.mapdb.CategoryDictDb,[-]: [CategoryDictDb][apicall] trying open. 
07:57:59.379 [main] INFO  s.c.i.db.mapdb.CategoryDictDb,[-]: [CategoryDictDb][apicall] opened. 
07:57:59.380 [main] INFO  s.c.i.db.mapdb.CategoryDictDb,[-]: [CategoryDictDb][method] trying open. 
07:57:59.426 [main] INFO  s.c.i.db.mapdb.CategoryDictDb,[-]: [CategoryDictDb][method] opened. 
07:57:59.433 [main] INFO  s.c.i.db.mapdb.CategoryDictDb,[-]: [CategoryDictDb][service] trying open. 
07:57:59.502 [main] INFO  s.c.i.db.mapdb.CategoryDictDb,[-]: [CategoryDictDb][service] opened. 
07:57:59.502 [main] INFO  s.c.i.db.mapdb.CategoryDictDb,[-]: [CategoryDictDb][sql] trying open. 
07:57:59.575 [main] INFO  s.c.i.db.mapdb.CategoryDictDb,[-]: [CategoryDictDb][sql] opened. 
07:57:59.575 [main] INFO  s.c.i.db.mapdb.CategoryDictDb,[-]: [CategoryDictDb][obj] trying open. 
07:57:59.647 [main] INFO  s.c.i.db.mapdb.CategoryDictDb,[-]: [CategoryDictDb][obj] opened. 
07:57:59.647 [main] INFO  s.c.i.db.mapdb.CategoryDictDb,[-]: [CategoryDictDb][referrer] trying open. 
07:57:59.716 [main] INFO  s.c.i.db.mapdb.CategoryDictDb,[-]: [CategoryDictDb][referrer] opened. 
07:57:59.718 [main] INFO  s.c.i.db.mapdb.CategoryDictDb,[-]: [CategoryDictDb][ua] trying open. 
07:57:59.797 [main] INFO  s.c.i.db.mapdb.CategoryDictDb,[-]: [CategoryDictDb][ua] opened. 
07:57:59.797 [main] INFO  s.c.i.db.mapdb.CategoryDictDb,[-]: [CategoryDictDb][group] trying open. 
07:57:59.908 [main] INFO  s.c.i.db.mapdb.CategoryDictDb,[-]: [CategoryDictDb][group] opened. 
07:57:59.909 [main] INFO  s.c.i.db.mapdb.CategoryDictDb,[-]: [CategoryDictDb][city] trying open. 
07:57:59.971 [main] INFO  s.c.i.db.mapdb.CategoryDictDb,[-]: [CategoryDictDb][city] opened. 
07:57:59.972 [main] INFO  s.c.i.db.mapdb.CategoryDictDb,[-]: [CategoryDictDb][table] trying open. 
07:58:00.028 [main] INFO  s.c.i.db.mapdb.CategoryDictDb,[-]: [CategoryDictDb][table] opened. 
07:58:00.029 [main] INFO  s.c.i.db.mapdb.CategoryDictDb,[-]: [CategoryDictDb][tagLogin] trying open. 
07:58:00.071 [main] INFO  s.c.i.db.mapdb.CategoryDictDb,[-]: [CategoryDictDb][tagLogin] opened. 
07:58:00.071 [main] INFO  s.c.i.db.mapdb.CategoryDictDb,[-]: [CategoryDictDb][tagDesc] trying open. 
07:58:00.111 [main] INFO  s.c.i.db.mapdb.CategoryDictDb,[-]: [CategoryDictDb][tagDesc] opened. 
07:58:00.111 [main] INFO  s.c.i.db.mapdb.CategoryDictDb,[-]: [CategoryDictDb][web] trying open. 
07:58:00.169 [main] INFO  s.c.i.db.mapdb.CategoryDictDb,[-]: [CategoryDictDb][web] opened. 
07:58:00.170 [main] INFO  s.c.i.db.mapdb.CategoryDictDb,[-]: [CategoryDictDb][hmsg] trying open. 
07:58:00.217 [main] INFO  s.c.i.db.mapdb.CategoryDictDb,[-]: [CategoryDictDb][hmsg] opened. 
07:58:00.217 [main] INFO  s.c.i.db.mapdb.CategoryDictDb,[-]: [CategoryDictDb][stackElm] trying open. 
07:58:00.254 [main] INFO  s.c.i.db.mapdb.CategoryDictDb,[-]: [CategoryDictDb][stackElm] opened. 
07:58:00.690 [main] INFO  s.c.i.db.mapdb.DailyMinuteIndex,[-]: [DailyMinuteIndex][metric] trying open. 20190906_REALTIME
07:58:00.744 [main] INFO  s.c.i.db.mapdb.DailyMinuteIndex,[-]: [DailyMinuteIndex][metric] opened. 20190906_REALTIME
07:58:00.784 [main] INFO  s.c.i.db.mapdb.MetricDictDb,[-]: [MetricDictDb] open.
07:58:00.837 [main] INFO  s.c.infrastructure.db.mapdb.ObjDb,[-]: [ObjDb] open.
07:58:00.848 [main] INFO  s.c.i.db.mapdb.DailySecondIndex,[-]: [DailySecondIndex][xlog] trying open. 20190906
07:58:00.878 [main] INFO  s.c.i.db.mapdb.DailySecondIndex,[-]: [DailySecondIndex][xlog] opened. 20190906
07:58:00.880 [main] INFO  s.c.i.db.mapdb.XlogIdIndex,[-]: [XlogIdIndex] trying open. 20190906
07:58:00.922 [main] INFO  s.c.i.db.mapdb.XlogIdIndex,[-]: [XlogIdIndex] opened. 20190906
07:58:01.686 [main] INFO  s.c.i.db.filedb.XlogFileDb,[-]: [XlogFileDb.Table:20170812] open.
07:58:01.705 [main] INFO  s.c.i.db.mapdb.DailySecondIndex,[-]: [DailySecondIndex][xlog] trying open. 20170812
07:58:01.738 [main] INFO  s.c.i.db.mapdb.DailySecondIndex,[-]: [DailySecondIndex][xlog] opened. 20170812
07:58:01.738 [main] INFO  s.c.i.db.mapdb.XlogIdIndex,[-]: [XlogIdIndex] trying open. 20170812
07:58:01.768 [main] INFO  s.c.i.db.mapdb.XlogIdIndex,[-]: [XlogIdIndex] opened. 20170812
07:59:11.068 [Thread-7] INFO  s.c.infrastructure.db.mapdb.ObjDb,[-]: [ObjDb] closing.
07:59:11.085 [Thread-7] INFO  s.c.i.db.mapdb.MetricDictDb,[-]: [MetricDictDb] closing.
08:00:13.064 [main] INFO  s.c.infrastructure.db.mapdb.CommonDb,[-]: [CommonDb] open.
08:00:13.088 [main] INFO  s.c.i.db.mapdb.CategoryDictDb,[-]: [CategoryDictDb][error] trying open. 
08:00:13.157 [main] INFO  s.c.i.db.mapdb.CategoryDictDb,[-]: [CategoryDictDb][error] opened. 
08:00:13.168 [main] INFO  s.c.i.db.mapdb.CategoryDictDb,[-]: [CategoryDictDb][apicall] trying open. 
08:00:13.227 [main] INFO  s.c.i.db.mapdb.CategoryDictDb,[-]: [CategoryDictDb][apicall] opened. 
08:00:13.227 [main] INFO  s.c.i.db.mapdb.CategoryDictDb,[-]: [CategoryDictDb][method] trying open. 
08:00:13.292 [main] INFO  s.c.i.db.mapdb.CategoryDictDb,[-]: [CategoryDictDb][method] opened. 
08:00:13.292 [main] INFO  s.c.i.db.mapdb.CategoryDictDb,[-]: [CategoryDictDb][service] trying open. 
08:00:13.338 [main] INFO  s.c.i.db.mapdb.CategoryDictDb,[-]: [CategoryDictDb][service] opened. 
08:00:13.338 [main] INFO  s.c.i.db.mapdb.CategoryDictDb,[-]: [CategoryDictDb][sql] trying open. 
08:00:13.392 [main] INFO  s.c.i.db.mapdb.CategoryDictDb,[-]: [CategoryDictDb][sql] opened. 
08:00:13.392 [main] INFO  s.c.i.db.mapdb.CategoryDictDb,[-]: [CategoryDictDb][obj] trying open. 
08:00:13.448 [main] INFO  s.c.i.db.mapdb.CategoryDictDb,[-]: [CategoryDictDb][obj] opened. 
08:00:13.448 [main] INFO  s.c.i.db.mapdb.CategoryDictDb,[-]: [CategoryDictDb][referrer] trying open. 
08:00:13.517 [main] INFO  s.c.i.db.mapdb.CategoryDictDb,[-]: [CategoryDictDb][referrer] opened. 
08:00:13.518 [main] INFO  s.c.i.db.mapdb.CategoryDictDb,[-]: [CategoryDictDb][ua] trying open. 
08:00:13.591 [main] INFO  s.c.i.db.mapdb.CategoryDictDb,[-]: [CategoryDictDb][ua] opened. 
08:00:13.592 [main] INFO  s.c.i.db.mapdb.CategoryDictDb,[-]: [CategoryDictDb][group] trying open. 
08:00:13.649 [main] INFO  s.c.i.db.mapdb.CategoryDictDb,[-]: [CategoryDictDb][group] opened. 
08:00:13.650 [main] INFO  s.c.i.db.mapdb.CategoryDictDb,[-]: [CategoryDictDb][city] trying open. 
08:00:13.720 [main] INFO  s.c.i.db.mapdb.CategoryDictDb,[-]: [CategoryDictDb][city] opened. 
08:00:13.725 [main] INFO  s.c.i.db.mapdb.CategoryDictDb,[-]: [CategoryDictDb][table] trying open. 
08:00:13.822 [main] INFO  s.c.i.db.mapdb.CategoryDictDb,[-]: [CategoryDictDb][table] opened. 
08:00:13.824 [main] INFO  s.c.i.db.mapdb.CategoryDictDb,[-]: [CategoryDictDb][tagLogin] trying open. 
08:00:13.915 [main] INFO  s.c.i.db.mapdb.CategoryDictDb,[-]: [CategoryDictDb][tagLogin] opened. 
08:00:13.915 [main] INFO  s.c.i.db.mapdb.CategoryDictDb,[-]: [CategoryDictDb][tagDesc] trying open. 
08:00:14.010 [main] INFO  s.c.i.db.mapdb.CategoryDictDb,[-]: [CategoryDictDb][tagDesc] opened. 
08:00:14.011 [main] INFO  s.c.i.db.mapdb.CategoryDictDb,[-]: [CategoryDictDb][web] trying open. 
08:00:14.091 [main] INFO  s.c.i.db.mapdb.CategoryDictDb,[-]: [CategoryDictDb][web] opened. 
08:00:14.091 [main] INFO  s.c.i.db.mapdb.CategoryDictDb,[-]: [CategoryDictDb][hmsg] trying open. 
08:00:14.184 [main] INFO  s.c.i.db.mapdb.CategoryDictDb,[-]: [CategoryDictDb][hmsg] opened. 
08:00:14.184 [main] INFO  s.c.i.db.mapdb.CategoryDictDb,[-]: [CategoryDictDb][stackElm] trying open. 
08:00:14.248 [main] INFO  s.c.i.db.mapdb.CategoryDictDb,[-]: [CategoryDictDb][stackElm] opened. 
08:00:14.650 [main] INFO  s.c.i.db.mapdb.DailyMinuteIndex,[-]: [DailyMinuteIndex][metric] trying open. 20190906_REALTIME
08:00:14.706 [main] INFO  s.c.i.db.mapdb.DailyMinuteIndex,[-]: [DailyMinuteIndex][metric] opened. 20190906_REALTIME
08:00:14.766 [main] INFO  s.c.i.db.mapdb.MetricDictDb,[-]: [MetricDictDb] open.
08:00:14.807 [main] INFO  s.c.infrastructure.db.mapdb.ObjDb,[-]: [ObjDb] open.
08:00:14.814 [main] INFO  s.c.i.db.mapdb.DailySecondIndex,[-]: [DailySecondIndex][xlog] trying open. 20190906
08:00:14.841 [main] INFO  s.c.i.db.mapdb.DailySecondIndex,[-]: [DailySecondIndex][xlog] opened. 20190906
08:00:14.842 [main] INFO  s.c.i.db.mapdb.XlogIdIndex,[-]: [XlogIdIndex] trying open. 20190906
08:00:14.876 [main] INFO  s.c.i.db.mapdb.XlogIdIndex,[-]: [XlogIdIndex] opened. 20190906
08:00:15.786 [main] INFO  s.c.i.db.filedb.XlogFileDb,[-]: [XlogFileDb.Table:20170811] open.
08:00:15.802 [main] INFO  s.c.i.db.mapdb.DailySecondIndex,[-]: [DailySecondIndex][xlog] trying open. 20170811
08:00:15.849 [main] INFO  s.c.i.db.mapdb.DailySecondIndex,[-]: [DailySecondIndex][xlog] opened. 20170811
08:00:15.850 [main] INFO  s.c.i.db.mapdb.XlogIdIndex,[-]: [XlogIdIndex] trying open. 20170811
08:00:15.883 [main] INFO  s.c.i.db.mapdb.XlogIdIndex,[-]: [XlogIdIndex] opened. 20170811
08:00:16.257 [Thread-7] INFO  s.c.infrastructure.db.mapdb.ObjDb,[-]: [ObjDb] closing.
08:00:16.259 [Thread-7] INFO  s.c.i.db.mapdb.MetricDictDb,[-]: [MetricDictDb] closing.
08:01:09.462 [main] INFO  s.c.infrastructure.db.mapdb.CommonDb,[-]: [CommonDb] open.
08:01:09.486 [main] INFO  s.c.i.db.mapdb.CategoryDictDb,[-]: [CategoryDictDb][error] trying open. 
08:01:09.548 [main] INFO  s.c.i.db.mapdb.CategoryDictDb,[-]: [CategoryDictDb][error] opened. 
08:01:09.550 [main] INFO  s.c.i.db.mapdb.CategoryDictDb,[-]: [CategoryDictDb][apicall] trying open. 
08:01:09.623 [main] INFO  s.c.i.db.mapdb.CategoryDictDb,[-]: [CategoryDictDb][apicall] opened. 
08:01:09.623 [main] INFO  s.c.i.db.mapdb.CategoryDictDb,[-]: [CategoryDictDb][method] trying open. 
08:01:09.718 [main] INFO  s.c.i.db.mapdb.CategoryDictDb,[-]: [CategoryDictDb][method] opened. 
08:01:09.718 [main] INFO  s.c.i.db.mapdb.CategoryDictDb,[-]: [CategoryDictDb][service] trying open. 
08:01:09.833 [main] INFO  s.c.i.db.mapdb.CategoryDictDb,[-]: [CategoryDictDb][service] opened. 
08:01:09.833 [main] INFO  s.c.i.db.mapdb.CategoryDictDb,[-]: [CategoryDictDb][sql] trying open. 
08:01:09.905 [main] INFO  s.c.i.db.mapdb.CategoryDictDb,[-]: [CategoryDictDb][sql] opened. 
08:01:09.906 [main] INFO  s.c.i.db.mapdb.CategoryDictDb,[-]: [CategoryDictDb][obj] trying open. 
08:01:09.982 [main] INFO  s.c.i.db.mapdb.CategoryDictDb,[-]: [CategoryDictDb][obj] opened. 
08:01:09.982 [main] INFO  s.c.i.db.mapdb.CategoryDictDb,[-]: [CategoryDictDb][referrer] trying open. 
08:01:10.050 [main] INFO  s.c.i.db.mapdb.CategoryDictDb,[-]: [CategoryDictDb][referrer] opened. 
08:01:10.050 [main] INFO  s.c.i.db.mapdb.CategoryDictDb,[-]: [CategoryDictDb][ua] trying open. 
08:01:10.095 [main] INFO  s.c.i.db.mapdb.CategoryDictDb,[-]: [CategoryDictDb][ua] opened. 
08:01:10.096 [main] INFO  s.c.i.db.mapdb.CategoryDictDb,[-]: [CategoryDictDb][group] trying open. 
08:01:10.144 [main] INFO  s.c.i.db.mapdb.CategoryDictDb,[-]: [CategoryDictDb][group] opened. 
08:01:10.144 [main] INFO  s.c.i.db.mapdb.CategoryDictDb,[-]: [CategoryDictDb][city] trying open. 
08:01:10.190 [main] INFO  s.c.i.db.mapdb.CategoryDictDb,[-]: [CategoryDictDb][city] opened. 
08:01:10.192 [main] INFO  s.c.i.db.mapdb.CategoryDictDb,[-]: [CategoryDictDb][table] trying open. 
08:01:10.250 [main] INFO  s.c.i.db.mapdb.CategoryDictDb,[-]: [CategoryDictDb][table] opened. 
08:01:10.251 [main] INFO  s.c.i.db.mapdb.CategoryDictDb,[-]: [CategoryDictDb][tagLogin] trying open. 
08:01:10.319 [main] INFO  s.c.i.db.mapdb.CategoryDictDb,[-]: [CategoryDictDb][tagLogin] opened. 
08:01:10.321 [main] INFO  s.c.i.db.mapdb.CategoryDictDb,[-]: [CategoryDictDb][tagDesc] trying open. 
08:01:10.373 [main] INFO  s.c.i.db.mapdb.CategoryDictDb,[-]: [CategoryDictDb][tagDesc] opened. 
08:01:10.374 [main] INFO  s.c.i.db.mapdb.CategoryDictDb,[-]: [CategoryDictDb][web] trying open. 
08:01:10.454 [main] INFO  s.c.i.db.mapdb.CategoryDictDb,[-]: [CategoryDictDb][web] opened. 
08:01:10.455 [main] INFO  s.c.i.db.mapdb.CategoryDictDb,[-]: [CategoryDictDb][hmsg] trying open. 
08:01:10.525 [main] INFO  s.c.i.db.mapdb.CategoryDictDb,[-]: [CategoryDictDb][hmsg] opened. 
08:01:10.525 [main] INFO  s.c.i.db.mapdb.CategoryDictDb,[-]: [CategoryDictDb][stackElm] trying open. 
08:01:10.564 [main] INFO  s.c.i.db.mapdb.CategoryDictDb,[-]: [CategoryDictDb][stackElm] opened. 
08:01:10.936 [main] INFO  s.c.i.db.mapdb.DailyMinuteIndex,[-]: [DailyMinuteIndex][metric] trying open. 20190906_REALTIME
08:01:10.982 [main] INFO  s.c.i.db.mapdb.DailyMinuteIndex,[-]: [DailyMinuteIndex][metric] opened. 20190906_REALTIME
08:01:11.026 [main] INFO  s.c.i.db.mapdb.MetricDictDb,[-]: [MetricDictDb] open.
08:01:11.072 [main] INFO  s.c.infrastructure.db.mapdb.ObjDb,[-]: [ObjDb] open.
08:01:11.083 [main] INFO  s.c.i.db.mapdb.DailySecondIndex,[-]: [DailySecondIndex][xlog] trying open. 20190906
08:01:11.114 [main] INFO  s.c.i.db.mapdb.DailySecondIndex,[-]: [DailySecondIndex][xlog] opened. 20190906
08:01:11.115 [main] INFO  s.c.i.db.mapdb.XlogIdIndex,[-]: [XlogIdIndex] trying open. 20190906
08:01:11.156 [main] INFO  s.c.i.db.mapdb.XlogIdIndex,[-]: [XlogIdIndex] opened. 20190906
08:01:12.088 [main] INFO  s.c.i.db.filedb.XlogFileDb,[-]: [XlogFileDb.Table:20170811] open.
08:01:12.101 [main] INFO  s.c.i.db.mapdb.DailySecondIndex,[-]: [DailySecondIndex][xlog] trying open. 20170811
08:01:12.136 [main] INFO  s.c.i.db.mapdb.DailySecondIndex,[-]: [DailySecondIndex][xlog] opened. 20170811
08:01:12.137 [main] INFO  s.c.i.db.mapdb.XlogIdIndex,[-]: [XlogIdIndex] trying open. 20170811
08:01:12.165 [main] INFO  s.c.i.db.mapdb.XlogIdIndex,[-]: [XlogIdIndex] opened. 20170811
08:01:51.269 [Thread-7] INFO  s.c.infrastructure.db.mapdb.ObjDb,[-]: [ObjDb] closing.
08:01:51.274 [Thread-7] INFO  s.c.i.db.mapdb.MetricDictDb,[-]: [MetricDictDb] closing.
08:02:11.970 [main] INFO  s.c.infrastructure.db.mapdb.CommonDb,[-]: [CommonDb] open.
08:02:12.028 [main] INFO  s.c.i.db.mapdb.CategoryDictDb,[-]: [CategoryDictDb][error] trying open. 
08:02:12.093 [main] INFO  s.c.i.db.mapdb.CategoryDictDb,[-]: [CategoryDictDb][error] opened. 
08:02:12.095 [main] INFO  s.c.i.db.mapdb.CategoryDictDb,[-]: [CategoryDictDb][apicall] trying open. 
08:02:12.141 [main] INFO  s.c.i.db.mapdb.CategoryDictDb,[-]: [CategoryDictDb][apicall] opened. 
08:02:12.141 [main] INFO  s.c.i.db.mapdb.CategoryDictDb,[-]: [CategoryDictDb][method] trying open. 
08:02:12.194 [main] INFO  s.c.i.db.mapdb.CategoryDictDb,[-]: [CategoryDictDb][method] opened. 
08:02:12.197 [main] INFO  s.c.i.db.mapdb.CategoryDictDb,[-]: [CategoryDictDb][service] trying open. 
08:02:12.248 [main] INFO  s.c.i.db.mapdb.CategoryDictDb,[-]: [CategoryDictDb][service] opened. 
08:02:12.249 [main] INFO  s.c.i.db.mapdb.CategoryDictDb,[-]: [CategoryDictDb][sql] trying open. 
08:02:12.295 [main] INFO  s.c.i.db.mapdb.CategoryDictDb,[-]: [CategoryDictDb][sql] opened. 
08:02:12.295 [main] INFO  s.c.i.db.mapdb.CategoryDictDb,[-]: [CategoryDictDb][obj] trying open. 
08:02:12.339 [main] INFO  s.c.i.db.mapdb.CategoryDictDb,[-]: [CategoryDictDb][obj] opened. 
08:02:12.339 [main] INFO  s.c.i.db.mapdb.CategoryDictDb,[-]: [CategoryDictDb][referrer] trying open. 
08:02:12.383 [main] INFO  s.c.i.db.mapdb.CategoryDictDb,[-]: [CategoryDictDb][referrer] opened. 
08:02:12.384 [main] INFO  s.c.i.db.mapdb.CategoryDictDb,[-]: [CategoryDictDb][ua] trying open. 
08:02:12.449 [main] INFO  s.c.i.db.mapdb.CategoryDictDb,[-]: [CategoryDictDb][ua] opened. 
08:02:12.449 [main] INFO  s.c.i.db.mapdb.CategoryDictDb,[-]: [CategoryDictDb][group] trying open. 
08:02:12.516 [main] INFO  s.c.i.db.mapdb.CategoryDictDb,[-]: [CategoryDictDb][group] opened. 
08:02:12.517 [main] INFO  s.c.i.db.mapdb.CategoryDictDb,[-]: [CategoryDictDb][city] trying open. 
08:02:12.565 [main] INFO  s.c.i.db.mapdb.CategoryDictDb,[-]: [CategoryDictDb][city] opened. 
08:02:12.565 [main] INFO  s.c.i.db.mapdb.CategoryDictDb,[-]: [CategoryDictDb][table] trying open. 
08:02:12.602 [main] INFO  s.c.i.db.mapdb.CategoryDictDb,[-]: [CategoryDictDb][table] opened. 
08:02:12.603 [main] INFO  s.c.i.db.mapdb.CategoryDictDb,[-]: [CategoryDictDb][tagLogin] trying open. 
08:02:12.641 [main] INFO  s.c.i.db.mapdb.CategoryDictDb,[-]: [CategoryDictDb][tagLogin] opened. 
08:02:12.642 [main] INFO  s.c.i.db.mapdb.CategoryDictDb,[-]: [CategoryDictDb][tagDesc] trying open. 
08:02:12.695 [main] INFO  s.c.i.db.mapdb.CategoryDictDb,[-]: [CategoryDictDb][tagDesc] opened. 
08:02:12.695 [main] INFO  s.c.i.db.mapdb.CategoryDictDb,[-]: [CategoryDictDb][web] trying open. 
08:02:12.749 [main] INFO  s.c.i.db.mapdb.CategoryDictDb,[-]: [CategoryDictDb][web] opened. 
08:02:12.749 [main] INFO  s.c.i.db.mapdb.CategoryDictDb,[-]: [CategoryDictDb][hmsg] trying open. 
08:02:12.816 [main] INFO  s.c.i.db.mapdb.CategoryDictDb,[-]: [CategoryDictDb][hmsg] opened. 
08:02:12.816 [main] INFO  s.c.i.db.mapdb.CategoryDictDb,[-]: [CategoryDictDb][stackElm] trying open. 
08:02:12.853 [main] INFO  s.c.i.db.mapdb.CategoryDictDb,[-]: [CategoryDictDb][stackElm] opened. 
08:02:13.289 [main] INFO  s.c.i.db.mapdb.DailyMinuteIndex,[-]: [DailyMinuteIndex][metric] trying open. 20190906_REALTIME
08:02:13.342 [main] INFO  s.c.i.db.mapdb.DailyMinuteIndex,[-]: [DailyMinuteIndex][metric] opened. 20190906_REALTIME
08:02:13.388 [main] INFO  s.c.i.db.mapdb.MetricDictDb,[-]: [MetricDictDb] open.
08:02:13.429 [main] INFO  s.c.infrastructure.db.mapdb.ObjDb,[-]: [ObjDb] open.
08:02:13.436 [main] INFO  s.c.i.db.mapdb.DailySecondIndex,[-]: [DailySecondIndex][xlog] trying open. 20190906
08:02:13.480 [main] INFO  s.c.i.db.mapdb.DailySecondIndex,[-]: [DailySecondIndex][xlog] opened. 20190906
08:02:13.482 [main] INFO  s.c.i.db.mapdb.XlogIdIndex,[-]: [XlogIdIndex] trying open. 20190906
08:02:13.523 [main] INFO  s.c.i.db.mapdb.XlogIdIndex,[-]: [XlogIdIndex] opened. 20190906
08:02:14.440 [main] INFO  s.c.i.db.filedb.XlogFileDb,[-]: [XlogFileDb.Table:20170812] open.
08:02:14.457 [main] INFO  s.c.i.db.mapdb.DailySecondIndex,[-]: [DailySecondIndex][xlog] trying open. 20170812
08:02:14.501 [main] INFO  s.c.i.db.mapdb.DailySecondIndex,[-]: [DailySecondIndex][xlog] opened. 20170812
08:02:14.502 [main] INFO  s.c.i.db.mapdb.XlogIdIndex,[-]: [XlogIdIndex] trying open. 20170812
08:02:14.537 [main] INFO  s.c.i.db.mapdb.XlogIdIndex,[-]: [XlogIdIndex] opened. 20170812
08:02:20.813 [Thread-7] INFO  s.c.infrastructure.db.mapdb.ObjDb,[-]: [ObjDb] closing.
08:02:20.830 [Thread-7] INFO  s.c.i.db.mapdb.MetricDictDb,[-]: [MetricDictDb] closing.
08:02:20.843 [Thread-7] INFO  s.c.infrastructure.db.mapdb.CommonDb,[-]: [CommonDb] closing.
08:02:42.871 [main] INFO  s.c.infrastructure.db.mapdb.CommonDb,[-]: [CommonDb] open.
08:02:42.903 [main] INFO  s.c.i.db.mapdb.CategoryDictDb,[-]: [CategoryDictDb][error] trying open. 
08:02:42.974 [main] INFO  s.c.i.db.mapdb.CategoryDictDb,[-]: [CategoryDictDb][error] opened. 
08:02:42.977 [main] INFO  s.c.i.db.mapdb.CategoryDictDb,[-]: [CategoryDictDb][apicall] trying open. 
08:02:43.026 [main] INFO  s.c.i.db.mapdb.CategoryDictDb,[-]: [CategoryDictDb][apicall] opened. 
08:02:43.026 [main] INFO  s.c.i.db.mapdb.CategoryDictDb,[-]: [CategoryDictDb][method] trying open. 
08:02:43.085 [main] INFO  s.c.i.db.mapdb.CategoryDictDb,[-]: [CategoryDictDb][method] opened. 
08:02:43.085 [main] INFO  s.c.i.db.mapdb.CategoryDictDb,[-]: [CategoryDictDb][service] trying open. 
08:02:43.139 [main] INFO  s.c.i.db.mapdb.CategoryDictDb,[-]: [CategoryDictDb][service] opened. 
08:02:43.140 [main] INFO  s.c.i.db.mapdb.CategoryDictDb,[-]: [CategoryDictDb][sql] trying open. 
08:02:43.187 [main] INFO  s.c.i.db.mapdb.CategoryDictDb,[-]: [CategoryDictDb][sql] opened. 
08:02:43.188 [main] INFO  s.c.i.db.mapdb.CategoryDictDb,[-]: [CategoryDictDb][obj] trying open. 
08:02:43.248 [main] INFO  s.c.i.db.mapdb.CategoryDictDb,[-]: [CategoryDictDb][obj] opened. 
08:02:43.249 [main] INFO  s.c.i.db.mapdb.CategoryDictDb,[-]: [CategoryDictDb][referrer] trying open. 
08:02:43.310 [main] INFO  s.c.i.db.mapdb.CategoryDictDb,[-]: [CategoryDictDb][referrer] opened. 
08:02:43.310 [main] INFO  s.c.i.db.mapdb.CategoryDictDb,[-]: [CategoryDictDb][ua] trying open. 
08:02:43.377 [main] INFO  s.c.i.db.mapdb.CategoryDictDb,[-]: [CategoryDictDb][ua] opened. 
08:02:43.377 [main] INFO  s.c.i.db.mapdb.CategoryDictDb,[-]: [CategoryDictDb][group] trying open. 
08:02:43.421 [main] INFO  s.c.i.db.mapdb.CategoryDictDb,[-]: [CategoryDictDb][group] opened. 
08:02:43.422 [main] INFO  s.c.i.db.mapdb.CategoryDictDb,[-]: [CategoryDictDb][city] trying open. 
08:02:43.467 [main] INFO  s.c.i.db.mapdb.CategoryDictDb,[-]: [CategoryDictDb][city] opened. 
08:02:43.468 [main] INFO  s.c.i.db.mapdb.CategoryDictDb,[-]: [CategoryDictDb][table] trying open. 
08:02:43.524 [main] INFO  s.c.i.db.mapdb.CategoryDictDb,[-]: [CategoryDictDb][table] opened. 
08:02:43.525 [main] INFO  s.c.i.db.mapdb.CategoryDictDb,[-]: [CategoryDictDb][tagLogin] trying open. 
08:02:43.618 [main] INFO  s.c.i.db.mapdb.CategoryDictDb,[-]: [CategoryDictDb][tagLogin] opened. 
08:02:43.619 [main] INFO  s.c.i.db.mapdb.CategoryDictDb,[-]: [CategoryDictDb][tagDesc] trying open. 
08:02:43.678 [main] INFO  s.c.i.db.mapdb.CategoryDictDb,[-]: [CategoryDictDb][tagDesc] opened. 
08:02:43.679 [main] INFO  s.c.i.db.mapdb.CategoryDictDb,[-]: [CategoryDictDb][web] trying open. 
08:02:43.744 [main] INFO  s.c.i.db.mapdb.CategoryDictDb,[-]: [CategoryDictDb][web] opened. 
08:02:43.745 [main] INFO  s.c.i.db.mapdb.CategoryDictDb,[-]: [CategoryDictDb][hmsg] trying open. 
08:02:43.833 [main] INFO  s.c.i.db.mapdb.CategoryDictDb,[-]: [CategoryDictDb][hmsg] opened. 
08:02:43.834 [main] INFO  s.c.i.db.mapdb.CategoryDictDb,[-]: [CategoryDictDb][stackElm] trying open. 
08:02:43.909 [main] INFO  s.c.i.db.mapdb.CategoryDictDb,[-]: [CategoryDictDb][stackElm] opened. 
08:02:44.346 [main] INFO  s.c.i.db.mapdb.DailyMinuteIndex,[-]: [DailyMinuteIndex][metric] trying open. 20190906_REALTIME
08:02:44.392 [main] INFO  s.c.i.db.mapdb.DailyMinuteIndex,[-]: [DailyMinuteIndex][metric] opened. 20190906_REALTIME
08:02:44.438 [main] INFO  s.c.i.db.mapdb.MetricDictDb,[-]: [MetricDictDb] open.
08:02:44.470 [main] INFO  s.c.infrastructure.db.mapdb.ObjDb,[-]: [ObjDb] open.
08:02:44.476 [main] INFO  s.c.i.db.mapdb.DailySecondIndex,[-]: [DailySecondIndex][xlog] trying open. 20190906
08:02:44.498 [main] INFO  s.c.i.db.mapdb.DailySecondIndex,[-]: [DailySecondIndex][xlog] opened. 20190906
08:02:44.499 [main] INFO  s.c.i.db.mapdb.XlogIdIndex,[-]: [XlogIdIndex] trying open. 20190906
08:02:44.523 [main] INFO  s.c.i.db.mapdb.XlogIdIndex,[-]: [XlogIdIndex] opened. 20190906
08:02:45.211 [main] INFO  s.c.i.db.filedb.XlogFileDb,[-]: [XlogFileDb.Table:20170812] open.
08:02:45.225 [main] INFO  s.c.i.db.mapdb.DailySecondIndex,[-]: [DailySecondIndex][xlog] trying open. 20170812
08:02:45.305 [main] INFO  s.c.i.db.mapdb.DailySecondIndex,[-]: [DailySecondIndex][xlog] opened. 20170812
08:02:45.306 [main] INFO  s.c.i.db.mapdb.XlogIdIndex,[-]: [XlogIdIndex] trying open. 20170812
08:02:45.345 [main] INFO  s.c.i.db.mapdb.XlogIdIndex,[-]: [XlogIdIndex] opened. 20170812
08:02:51.162 [Thread-7] INFO  s.c.infrastructure.db.mapdb.ObjDb,[-]: [ObjDb] closing.
08:02:51.173 [Thread-7] INFO  s.c.i.db.mapdb.MetricDictDb,[-]: [MetricDictDb] closing.
08:03:55.603 [main] INFO  s.c.infrastructure.db.mapdb.CommonDb,[-]: [CommonDb] open.
08:03:55.635 [main] INFO  s.c.i.db.mapdb.CategoryDictDb,[-]: [CategoryDictDb][error] trying open. 
08:03:55.704 [main] INFO  s.c.i.db.mapdb.CategoryDictDb,[-]: [CategoryDictDb][error] opened. 
08:03:55.705 [main] INFO  s.c.i.db.mapdb.CategoryDictDb,[-]: [CategoryDictDb][apicall] trying open. 
08:03:55.767 [main] INFO  s.c.i.db.mapdb.CategoryDictDb,[-]: [CategoryDictDb][apicall] opened. 
08:03:55.767 [main] INFO  s.c.i.db.mapdb.CategoryDictDb,[-]: [CategoryDictDb][method] trying open. 
08:03:55.833 [main] INFO  s.c.i.db.mapdb.CategoryDictDb,[-]: [CategoryDictDb][method] opened. 
08:03:55.834 [main] INFO  s.c.i.db.mapdb.CategoryDictDb,[-]: [CategoryDictDb][service] trying open. 
08:03:55.888 [main] INFO  s.c.i.db.mapdb.CategoryDictDb,[-]: [CategoryDictDb][service] opened. 
08:03:55.889 [main] INFO  s.c.i.db.mapdb.CategoryDictDb,[-]: [CategoryDictDb][sql] trying open. 
08:03:55.965 [main] INFO  s.c.i.db.mapdb.CategoryDictDb,[-]: [CategoryDictDb][sql] opened. 
08:03:55.966 [main] INFO  s.c.i.db.mapdb.CategoryDictDb,[-]: [CategoryDictDb][obj] trying open. 
08:03:56.031 [main] INFO  s.c.i.db.mapdb.CategoryDictDb,[-]: [CategoryDictDb][obj] opened. 
08:03:56.032 [main] INFO  s.c.i.db.mapdb.CategoryDictDb,[-]: [CategoryDictDb][referrer] trying open. 
08:03:56.177 [main] INFO  s.c.i.db.mapdb.CategoryDictDb,[-]: [CategoryDictDb][referrer] opened. 
08:03:56.177 [main] INFO  s.c.i.db.mapdb.CategoryDictDb,[-]: [CategoryDictDb][ua] trying open. 
08:03:56.261 [main] INFO  s.c.i.db.mapdb.CategoryDictDb,[-]: [CategoryDictDb][ua] opened. 
08:03:56.262 [main] INFO  s.c.i.db.mapdb.CategoryDictDb,[-]: [CategoryDictDb][group] trying open. 
08:03:56.329 [main] INFO  s.c.i.db.mapdb.CategoryDictDb,[-]: [CategoryDictDb][group] opened. 
08:03:56.330 [main] INFO  s.c.i.db.mapdb.CategoryDictDb,[-]: [CategoryDictDb][city] trying open. 
08:03:56.384 [main] INFO  s.c.i.db.mapdb.CategoryDictDb,[-]: [CategoryDictDb][city] opened. 
08:03:56.385 [main] INFO  s.c.i.db.mapdb.CategoryDictDb,[-]: [CategoryDictDb][table] trying open. 
08:03:56.449 [main] INFO  s.c.i.db.mapdb.CategoryDictDb,[-]: [CategoryDictDb][table] opened. 
08:03:56.450 [main] INFO  s.c.i.db.mapdb.CategoryDictDb,[-]: [CategoryDictDb][tagLogin] trying open. 
08:03:56.530 [main] INFO  s.c.i.db.mapdb.CategoryDictDb,[-]: [CategoryDictDb][tagLogin] opened. 
08:03:56.530 [main] INFO  s.c.i.db.mapdb.CategoryDictDb,[-]: [CategoryDictDb][tagDesc] trying open. 
08:03:56.568 [main] INFO  s.c.i.db.mapdb.CategoryDictDb,[-]: [CategoryDictDb][tagDesc] opened. 
08:03:56.569 [main] INFO  s.c.i.db.mapdb.CategoryDictDb,[-]: [CategoryDictDb][web] trying open. 
08:03:56.606 [main] INFO  s.c.i.db.mapdb.CategoryDictDb,[-]: [CategoryDictDb][web] opened. 
08:03:56.606 [main] INFO  s.c.i.db.mapdb.CategoryDictDb,[-]: [CategoryDictDb][hmsg] trying open. 
08:03:56.679 [main] INFO  s.c.i.db.mapdb.CategoryDictDb,[-]: [CategoryDictDb][hmsg] opened. 
08:03:56.679 [main] INFO  s.c.i.db.mapdb.CategoryDictDb,[-]: [CategoryDictDb][stackElm] trying open. 
08:03:56.725 [main] INFO  s.c.i.db.mapdb.CategoryDictDb,[-]: [CategoryDictDb][stackElm] opened. 
08:03:57.083 [main] INFO  s.c.i.db.mapdb.DailyMinuteIndex,[-]: [DailyMinuteIndex][metric] trying open. 20190906_REALTIME
08:03:57.129 [main] INFO  s.c.i.db.mapdb.DailyMinuteIndex,[-]: [DailyMinuteIndex][metric] opened. 20190906_REALTIME
08:03:57.181 [main] INFO  s.c.i.db.mapdb.MetricDictDb,[-]: [MetricDictDb] open.
08:03:57.219 [main] INFO  s.c.infrastructure.db.mapdb.ObjDb,[-]: [ObjDb] open.
08:03:57.231 [main] INFO  s.c.i.db.mapdb.DailySecondIndex,[-]: [DailySecondIndex][xlog] trying open. 20190906
08:03:57.261 [main] INFO  s.c.i.db.mapdb.DailySecondIndex,[-]: [DailySecondIndex][xlog] opened. 20190906
08:03:57.262 [main] INFO  s.c.i.db.mapdb.XlogIdIndex,[-]: [XlogIdIndex] trying open. 20190906
08:03:57.300 [main] INFO  s.c.i.db.mapdb.XlogIdIndex,[-]: [XlogIdIndex] opened. 20190906
08:03:57.971 [main] INFO  s.c.i.db.filedb.XlogFileDb,[-]: [XlogFileDb.Table:20170812] open.
08:03:57.990 [main] INFO  s.c.i.db.mapdb.DailySecondIndex,[-]: [DailySecondIndex][xlog] trying open. 20170812
08:03:58.026 [main] INFO  s.c.i.db.mapdb.DailySecondIndex,[-]: [DailySecondIndex][xlog] opened. 20170812
08:03:58.026 [main] INFO  s.c.i.db.mapdb.XlogIdIndex,[-]: [XlogIdIndex] trying open. 20170812
08:03:58.060 [main] INFO  s.c.i.db.mapdb.XlogIdIndex,[-]: [XlogIdIndex] opened. 20170812
08:04:03.399 [Thread-7] INFO  s.c.infrastructure.db.mapdb.ObjDb,[-]: [ObjDb] closing.
08:04:03.420 [Thread-7] INFO  s.c.i.db.mapdb.MetricDictDb,[-]: [MetricDictDb] closing.
08:04:28.467 [main] INFO  s.c.infrastructure.db.mapdb.CommonDb,[-]: [CommonDb] open.
08:04:28.495 [main] INFO  s.c.i.db.mapdb.CategoryDictDb,[-]: [CategoryDictDb][error] trying open. 
08:04:28.555 [main] INFO  s.c.i.db.mapdb.CategoryDictDb,[-]: [CategoryDictDb][error] opened. 
08:04:28.557 [main] INFO  s.c.i.db.mapdb.CategoryDictDb,[-]: [CategoryDictDb][apicall] trying open. 
08:04:28.615 [main] INFO  s.c.i.db.mapdb.CategoryDictDb,[-]: [CategoryDictDb][apicall] opened. 
08:04:28.617 [main] INFO  s.c.i.db.mapdb.CategoryDictDb,[-]: [CategoryDictDb][method] trying open. 
08:04:28.678 [main] INFO  s.c.i.db.mapdb.CategoryDictDb,[-]: [CategoryDictDb][method] opened. 
08:04:28.679 [main] INFO  s.c.i.db.mapdb.CategoryDictDb,[-]: [CategoryDictDb][service] trying open. 
08:04:28.741 [main] INFO  s.c.i.db.mapdb.CategoryDictDb,[-]: [CategoryDictDb][service] opened. 
08:04:28.742 [main] INFO  s.c.i.db.mapdb.CategoryDictDb,[-]: [CategoryDictDb][sql] trying open. 
08:04:28.815 [main] INFO  s.c.i.db.mapdb.CategoryDictDb,[-]: [CategoryDictDb][sql] opened. 
08:04:28.816 [main] INFO  s.c.i.db.mapdb.CategoryDictDb,[-]: [CategoryDictDb][obj] trying open. 
08:04:28.873 [main] INFO  s.c.i.db.mapdb.CategoryDictDb,[-]: [CategoryDictDb][obj] opened. 
08:04:28.874 [main] INFO  s.c.i.db.mapdb.CategoryDictDb,[-]: [CategoryDictDb][referrer] trying open. 
08:04:28.945 [main] INFO  s.c.i.db.mapdb.CategoryDictDb,[-]: [CategoryDictDb][referrer] opened. 
08:04:28.945 [main] INFO  s.c.i.db.mapdb.CategoryDictDb,[-]: [CategoryDictDb][ua] trying open. 
08:04:28.998 [main] INFO  s.c.i.db.mapdb.CategoryDictDb,[-]: [CategoryDictDb][ua] opened. 
08:04:28.998 [main] INFO  s.c.i.db.mapdb.CategoryDictDb,[-]: [CategoryDictDb][group] trying open. 
08:04:29.052 [main] INFO  s.c.i.db.mapdb.CategoryDictDb,[-]: [CategoryDictDb][group] opened. 
08:04:29.053 [main] INFO  s.c.i.db.mapdb.CategoryDictDb,[-]: [CategoryDictDb][city] trying open. 
08:04:29.117 [main] INFO  s.c.i.db.mapdb.CategoryDictDb,[-]: [CategoryDictDb][city] opened. 
08:04:29.117 [main] INFO  s.c.i.db.mapdb.CategoryDictDb,[-]: [CategoryDictDb][table] trying open. 
08:04:29.180 [main] INFO  s.c.i.db.mapdb.CategoryDictDb,[-]: [CategoryDictDb][table] opened. 
08:04:29.180 [main] INFO  s.c.i.db.mapdb.CategoryDictDb,[-]: [CategoryDictDb][tagLogin] trying open. 
08:04:29.235 [main] INFO  s.c.i.db.mapdb.CategoryDictDb,[-]: [CategoryDictDb][tagLogin] opened. 
08:04:29.237 [main] INFO  s.c.i.db.mapdb.CategoryDictDb,[-]: [CategoryDictDb][tagDesc] trying open. 
08:04:29.287 [main] INFO  s.c.i.db.mapdb.CategoryDictDb,[-]: [CategoryDictDb][tagDesc] opened. 
08:04:29.287 [main] INFO  s.c.i.db.mapdb.CategoryDictDb,[-]: [CategoryDictDb][web] trying open. 
08:04:29.333 [main] INFO  s.c.i.db.mapdb.CategoryDictDb,[-]: [CategoryDictDb][web] opened. 
08:04:29.333 [main] INFO  s.c.i.db.mapdb.CategoryDictDb,[-]: [CategoryDictDb][hmsg] trying open. 
08:04:29.388 [main] INFO  s.c.i.db.mapdb.CategoryDictDb,[-]: [CategoryDictDb][hmsg] opened. 
08:04:29.391 [main] INFO  s.c.i.db.mapdb.CategoryDictDb,[-]: [CategoryDictDb][stackElm] trying open. 
08:04:29.434 [main] INFO  s.c.i.db.mapdb.CategoryDictDb,[-]: [CategoryDictDb][stackElm] opened. 
08:04:29.803 [main] INFO  s.c.i.db.mapdb.DailyMinuteIndex,[-]: [DailyMinuteIndex][metric] trying open. 20190906_REALTIME
08:04:29.865 [main] INFO  s.c.i.db.mapdb.DailyMinuteIndex,[-]: [DailyMinuteIndex][metric] opened. 20190906_REALTIME
08:04:29.902 [main] INFO  s.c.i.db.mapdb.MetricDictDb,[-]: [MetricDictDb] open.
08:04:29.933 [main] INFO  s.c.infrastructure.db.mapdb.ObjDb,[-]: [ObjDb] open.
08:04:29.941 [main] INFO  s.c.i.db.mapdb.DailySecondIndex,[-]: [DailySecondIndex][xlog] trying open. 20190906
08:04:29.967 [main] INFO  s.c.i.db.mapdb.DailySecondIndex,[-]: [DailySecondIndex][xlog] opened. 20190906
08:04:29.969 [main] INFO  s.c.i.db.mapdb.XlogIdIndex,[-]: [XlogIdIndex] trying open. 20190906
08:04:30.000 [main] INFO  s.c.i.db.mapdb.XlogIdIndex,[-]: [XlogIdIndex] opened. 20190906
08:04:46.388 [main] INFO  s.c.i.db.filedb.XlogFileDb,[-]: [XlogFileDb.Table:20170812] open.
08:04:46.409 [main] INFO  s.c.i.db.mapdb.DailySecondIndex,[-]: [DailySecondIndex][xlog] trying open. 20170812
08:04:46.449 [main] INFO  s.c.i.db.mapdb.DailySecondIndex,[-]: [DailySecondIndex][xlog] opened. 20170812
08:04:46.450 [main] INFO  s.c.i.db.mapdb.XlogIdIndex,[-]: [XlogIdIndex] trying open. 20170812
08:04:46.479 [main] INFO  s.c.i.db.mapdb.XlogIdIndex,[-]: [XlogIdIndex] opened. 20170812
08:04:50.515 [Thread-7] INFO  s.c.infrastructure.db.mapdb.ObjDb,[-]: [ObjDb] closing.
08:04:50.519 [Thread-7] INFO  s.c.i.db.mapdb.MetricDictDb,[-]: [MetricDictDb] closing.
08:05:41.046 [main] INFO  s.c.infrastructure.db.mapdb.CommonDb,[-]: [CommonDb] open.
08:05:41.072 [main] INFO  s.c.i.db.mapdb.CategoryDictDb,[-]: [CategoryDictDb][error] trying open. 
08:05:41.122 [main] INFO  s.c.i.db.mapdb.CategoryDictDb,[-]: [CategoryDictDb][error] opened. 
08:05:41.124 [main] INFO  s.c.i.db.mapdb.CategoryDictDb,[-]: [CategoryDictDb][apicall] trying open. 
08:05:41.161 [main] INFO  s.c.i.db.mapdb.CategoryDictDb,[-]: [CategoryDictDb][apicall] opened. 
08:05:41.162 [main] INFO  s.c.i.db.mapdb.CategoryDictDb,[-]: [CategoryDictDb][method] trying open. 
08:05:41.217 [main] INFO  s.c.i.db.mapdb.CategoryDictDb,[-]: [CategoryDictDb][method] opened. 
08:05:41.218 [main] INFO  s.c.i.db.mapdb.CategoryDictDb,[-]: [CategoryDictDb][service] trying open. 
08:05:41.263 [main] INFO  s.c.i.db.mapdb.CategoryDictDb,[-]: [CategoryDictDb][service] opened. 
08:05:41.264 [main] INFO  s.c.i.db.mapdb.CategoryDictDb,[-]: [CategoryDictDb][sql] trying open. 
08:05:41.308 [main] INFO  s.c.i.db.mapdb.CategoryDictDb,[-]: [CategoryDictDb][sql] opened. 
08:05:41.308 [main] INFO  s.c.i.db.mapdb.CategoryDictDb,[-]: [CategoryDictDb][obj] trying open. 
08:05:41.350 [main] INFO  s.c.i.db.mapdb.CategoryDictDb,[-]: [CategoryDictDb][obj] opened. 
08:05:41.351 [main] INFO  s.c.i.db.mapdb.CategoryDictDb,[-]: [CategoryDictDb][referrer] trying open. 
08:05:41.391 [main] INFO  s.c.i.db.mapdb.CategoryDictDb,[-]: [CategoryDictDb][referrer] opened. 
08:05:41.391 [main] INFO  s.c.i.db.mapdb.CategoryDictDb,[-]: [CategoryDictDb][ua] trying open. 
08:05:41.429 [main] INFO  s.c.i.db.mapdb.CategoryDictDb,[-]: [CategoryDictDb][ua] opened. 
08:05:41.429 [main] INFO  s.c.i.db.mapdb.CategoryDictDb,[-]: [CategoryDictDb][group] trying open. 
08:05:41.465 [main] INFO  s.c.i.db.mapdb.CategoryDictDb,[-]: [CategoryDictDb][group] opened. 
08:05:41.466 [main] INFO  s.c.i.db.mapdb.CategoryDictDb,[-]: [CategoryDictDb][city] trying open. 
08:05:41.505 [main] INFO  s.c.i.db.mapdb.CategoryDictDb,[-]: [CategoryDictDb][city] opened. 
08:05:41.506 [main] INFO  s.c.i.db.mapdb.CategoryDictDb,[-]: [CategoryDictDb][table] trying open. 
08:05:41.546 [main] INFO  s.c.i.db.mapdb.CategoryDictDb,[-]: [CategoryDictDb][table] opened. 
08:05:41.546 [main] INFO  s.c.i.db.mapdb.CategoryDictDb,[-]: [CategoryDictDb][tagLogin] trying open. 
08:05:41.582 [main] INFO  s.c.i.db.mapdb.CategoryDictDb,[-]: [CategoryDictDb][tagLogin] opened. 
08:05:41.582 [main] INFO  s.c.i.db.mapdb.CategoryDictDb,[-]: [CategoryDictDb][tagDesc] trying open. 
08:05:41.621 [main] INFO  s.c.i.db.mapdb.CategoryDictDb,[-]: [CategoryDictDb][tagDesc] opened. 
08:05:41.621 [main] INFO  s.c.i.db.mapdb.CategoryDictDb,[-]: [CategoryDictDb][web] trying open. 
08:05:41.659 [main] INFO  s.c.i.db.mapdb.CategoryDictDb,[-]: [CategoryDictDb][web] opened. 
08:05:41.660 [main] INFO  s.c.i.db.mapdb.CategoryDictDb,[-]: [CategoryDictDb][hmsg] trying open. 
08:05:41.720 [main] INFO  s.c.i.db.mapdb.CategoryDictDb,[-]: [CategoryDictDb][hmsg] opened. 
08:05:41.721 [main] INFO  s.c.i.db.mapdb.CategoryDictDb,[-]: [CategoryDictDb][stackElm] trying open. 
08:05:41.760 [main] INFO  s.c.i.db.mapdb.CategoryDictDb,[-]: [CategoryDictDb][stackElm] opened. 
08:05:42.164 [main] INFO  s.c.i.db.mapdb.DailyMinuteIndex,[-]: [DailyMinuteIndex][metric] trying open. 20190906_REALTIME
08:05:42.238 [main] INFO  s.c.i.db.mapdb.DailyMinuteIndex,[-]: [DailyMinuteIndex][metric] opened. 20190906_REALTIME
08:05:42.294 [main] INFO  s.c.i.db.mapdb.MetricDictDb,[-]: [MetricDictDb] open.
08:05:42.320 [main] INFO  s.c.infrastructure.db.mapdb.ObjDb,[-]: [ObjDb] open.
08:05:42.326 [main] INFO  s.c.i.db.mapdb.DailySecondIndex,[-]: [DailySecondIndex][xlog] trying open. 20190906
08:05:42.349 [main] INFO  s.c.i.db.mapdb.DailySecondIndex,[-]: [DailySecondIndex][xlog] opened. 20190906
08:05:42.350 [main] INFO  s.c.i.db.mapdb.XlogIdIndex,[-]: [XlogIdIndex] trying open. 20190906
08:05:42.380 [main] INFO  s.c.i.db.mapdb.XlogIdIndex,[-]: [XlogIdIndex] opened. 20190906
08:05:56.334 [main] INFO  s.c.i.db.filedb.XlogFileDb,[-]: [XlogFileDb.Table:20170812] open.
08:05:56.355 [main] INFO  s.c.i.db.mapdb.DailySecondIndex,[-]: [DailySecondIndex][xlog] trying open. 20170812
08:05:56.388 [main] INFO  s.c.i.db.mapdb.DailySecondIndex,[-]: [DailySecondIndex][xlog] opened. 20170812
08:05:56.389 [main] INFO  s.c.i.db.mapdb.XlogIdIndex,[-]: [XlogIdIndex] trying open. 20170812
08:05:56.420 [main] INFO  s.c.i.db.mapdb.XlogIdIndex,[-]: [XlogIdIndex] opened. 20170812
08:06:00.089 [Thread-7] INFO  s.c.i.db.mapdb.MetricDictDb,[-]: [MetricDictDb] closing.
08:06:00.095 [Thread-7] INFO  s.c.infrastructure.db.mapdb.CommonDb,[-]: [CommonDb] closing.
08:07:19.396 [main] INFO  s.c.infrastructure.db.mapdb.CommonDb,[-]: [CommonDb] open.
08:07:19.424 [main] INFO  s.c.i.db.mapdb.CategoryDictDb,[-]: [CategoryDictDb][error] trying open. 
08:07:19.480 [main] INFO  s.c.i.db.mapdb.CategoryDictDb,[-]: [CategoryDictDb][error] opened. 
08:07:19.481 [main] INFO  s.c.i.db.mapdb.CategoryDictDb,[-]: [CategoryDictDb][apicall] trying open. 
08:07:19.519 [main] INFO  s.c.i.db.mapdb.CategoryDictDb,[-]: [CategoryDictDb][apicall] opened. 
08:07:19.519 [main] INFO  s.c.i.db.mapdb.CategoryDictDb,[-]: [CategoryDictDb][method] trying open. 
08:07:19.559 [main] INFO  s.c.i.db.mapdb.CategoryDictDb,[-]: [CategoryDictDb][method] opened. 
08:07:19.559 [main] INFO  s.c.i.db.mapdb.CategoryDictDb,[-]: [CategoryDictDb][service] trying open. 
08:07:19.600 [main] INFO  s.c.i.db.mapdb.CategoryDictDb,[-]: [CategoryDictDb][service] opened. 
08:07:19.601 [main] INFO  s.c.i.db.mapdb.CategoryDictDb,[-]: [CategoryDictDb][sql] trying open. 
08:07:19.661 [main] INFO  s.c.i.db.mapdb.CategoryDictDb,[-]: [CategoryDictDb][sql] opened. 
08:07:19.662 [main] INFO  s.c.i.db.mapdb.CategoryDictDb,[-]: [CategoryDictDb][obj] trying open. 
08:07:19.701 [main] INFO  s.c.i.db.mapdb.CategoryDictDb,[-]: [CategoryDictDb][obj] opened. 
08:07:19.701 [main] INFO  s.c.i.db.mapdb.CategoryDictDb,[-]: [CategoryDictDb][referrer] trying open. 
08:07:19.743 [main] INFO  s.c.i.db.mapdb.CategoryDictDb,[-]: [CategoryDictDb][referrer] opened. 
08:07:19.743 [main] INFO  s.c.i.db.mapdb.CategoryDictDb,[-]: [CategoryDictDb][ua] trying open. 
08:07:19.781 [main] INFO  s.c.i.db.mapdb.CategoryDictDb,[-]: [CategoryDictDb][ua] opened. 
08:07:19.782 [main] INFO  s.c.i.db.mapdb.CategoryDictDb,[-]: [CategoryDictDb][group] trying open. 
08:07:19.822 [main] INFO  s.c.i.db.mapdb.CategoryDictDb,[-]: [CategoryDictDb][group] opened. 
08:07:19.822 [main] INFO  s.c.i.db.mapdb.CategoryDictDb,[-]: [CategoryDictDb][city] trying open. 
08:07:19.866 [main] INFO  s.c.i.db.mapdb.CategoryDictDb,[-]: [CategoryDictDb][city] opened. 
08:07:19.866 [main] INFO  s.c.i.db.mapdb.CategoryDictDb,[-]: [CategoryDictDb][table] trying open. 
08:07:19.904 [main] INFO  s.c.i.db.mapdb.CategoryDictDb,[-]: [CategoryDictDb][table] opened. 
08:07:19.905 [main] INFO  s.c.i.db.mapdb.CategoryDictDb,[-]: [CategoryDictDb][tagLogin] trying open. 
08:07:19.943 [main] INFO  s.c.i.db.mapdb.CategoryDictDb,[-]: [CategoryDictDb][tagLogin] opened. 
08:07:19.943 [main] INFO  s.c.i.db.mapdb.CategoryDictDb,[-]: [CategoryDictDb][tagDesc] trying open. 
08:07:19.980 [main] INFO  s.c.i.db.mapdb.CategoryDictDb,[-]: [CategoryDictDb][tagDesc] opened. 
08:07:19.981 [main] INFO  s.c.i.db.mapdb.CategoryDictDb,[-]: [CategoryDictDb][web] trying open. 
08:07:20.024 [main] INFO  s.c.i.db.mapdb.CategoryDictDb,[-]: [CategoryDictDb][web] opened. 
08:07:20.025 [main] INFO  s.c.i.db.mapdb.CategoryDictDb,[-]: [CategoryDictDb][hmsg] trying open. 
08:07:20.097 [main] INFO  s.c.i.db.mapdb.CategoryDictDb,[-]: [CategoryDictDb][hmsg] opened. 
08:07:20.097 [main] INFO  s.c.i.db.mapdb.CategoryDictDb,[-]: [CategoryDictDb][stackElm] trying open. 
08:07:20.149 [main] INFO  s.c.i.db.mapdb.CategoryDictDb,[-]: [CategoryDictDb][stackElm] opened. 
08:07:20.725 [main] INFO  s.c.i.db.mapdb.DailyMinuteIndex,[-]: [DailyMinuteIndex][metric] trying open. 20190906_REALTIME
08:07:20.782 [main] INFO  s.c.i.db.mapdb.DailyMinuteIndex,[-]: [DailyMinuteIndex][metric] opened. 20190906_REALTIME
08:07:20.847 [main] INFO  s.c.i.db.mapdb.MetricDictDb,[-]: [MetricDictDb] open.
08:07:20.890 [main] INFO  s.c.infrastructure.db.mapdb.ObjDb,[-]: [ObjDb] open.
08:07:20.898 [main] INFO  s.c.i.db.mapdb.DailySecondIndex,[-]: [DailySecondIndex][xlog] trying open. 20190906
08:07:20.932 [main] INFO  s.c.i.db.mapdb.DailySecondIndex,[-]: [DailySecondIndex][xlog] opened. 20190906
08:07:20.934 [main] INFO  s.c.i.db.mapdb.XlogIdIndex,[-]: [XlogIdIndex] trying open. 20190906
08:07:20.962 [main] INFO  s.c.i.db.mapdb.XlogIdIndex,[-]: [XlogIdIndex] opened. 20190906
08:07:27.490 [main] INFO  s.c.i.db.filedb.XlogFileDb,[-]: [XlogFileDb.Table:20170812] open.
08:07:27.506 [main] INFO  s.c.i.db.mapdb.DailySecondIndex,[-]: [DailySecondIndex][xlog] trying open. 20170812
08:07:27.561 [main] INFO  s.c.i.db.mapdb.DailySecondIndex,[-]: [DailySecondIndex][xlog] opened. 20170812
08:07:27.561 [main] INFO  s.c.i.db.mapdb.XlogIdIndex,[-]: [XlogIdIndex] trying open. 20170812
08:07:27.591 [main] INFO  s.c.i.db.mapdb.XlogIdIndex,[-]: [XlogIdIndex] opened. 20170812
08:07:32.203 [Thread-7] INFO  s.c.infrastructure.db.mapdb.ObjDb,[-]: [ObjDb] closing.
08:07:32.227 [Thread-7] INFO  s.c.i.db.mapdb.MetricDictDb,[-]: [MetricDictDb] closing.
08:07:32.233 [Thread-7] INFO  s.c.infrastructure.db.mapdb.CommonDb,[-]: [CommonDb] closing.
08:08:57.614 [main] INFO  s.c.infrastructure.db.mapdb.CommonDb,[-]: [CommonDb] open.
08:08:57.640 [main] INFO  s.c.i.db.mapdb.CategoryDictDb,[-]: [CategoryDictDb][error] trying open. 
08:08:57.694 [main] INFO  s.c.i.db.mapdb.CategoryDictDb,[-]: [CategoryDictDb][error] opened. 
08:08:57.701 [main] INFO  s.c.i.db.mapdb.CategoryDictDb,[-]: [CategoryDictDb][apicall] trying open. 
08:08:57.749 [main] INFO  s.c.i.db.mapdb.CategoryDictDb,[-]: [CategoryDictDb][apicall] opened. 
08:08:57.750 [main] INFO  s.c.i.db.mapdb.CategoryDictDb,[-]: [CategoryDictDb][method] trying open. 
08:08:57.789 [main] INFO  s.c.i.db.mapdb.CategoryDictDb,[-]: [CategoryDictDb][method] opened. 
08:08:57.790 [main] INFO  s.c.i.db.mapdb.CategoryDictDb,[-]: [CategoryDictDb][service] trying open. 
08:08:57.851 [main] INFO  s.c.i.db.mapdb.CategoryDictDb,[-]: [CategoryDictDb][service] opened. 
08:08:57.852 [main] INFO  s.c.i.db.mapdb.CategoryDictDb,[-]: [CategoryDictDb][sql] trying open. 
08:08:57.909 [main] INFO  s.c.i.db.mapdb.CategoryDictDb,[-]: [CategoryDictDb][sql] opened. 
08:08:57.910 [main] INFO  s.c.i.db.mapdb.CategoryDictDb,[-]: [CategoryDictDb][obj] trying open. 
08:08:57.949 [main] INFO  s.c.i.db.mapdb.CategoryDictDb,[-]: [CategoryDictDb][obj] opened. 
08:08:57.950 [main] INFO  s.c.i.db.mapdb.CategoryDictDb,[-]: [CategoryDictDb][referrer] trying open. 
08:08:57.995 [main] INFO  s.c.i.db.mapdb.CategoryDictDb,[-]: [CategoryDictDb][referrer] opened. 
08:08:57.995 [main] INFO  s.c.i.db.mapdb.CategoryDictDb,[-]: [CategoryDictDb][ua] trying open. 
08:08:58.035 [main] INFO  s.c.i.db.mapdb.CategoryDictDb,[-]: [CategoryDictDb][ua] opened. 
08:08:58.036 [main] INFO  s.c.i.db.mapdb.CategoryDictDb,[-]: [CategoryDictDb][group] trying open. 
08:08:58.075 [main] INFO  s.c.i.db.mapdb.CategoryDictDb,[-]: [CategoryDictDb][group] opened. 
08:08:58.075 [main] INFO  s.c.i.db.mapdb.CategoryDictDb,[-]: [CategoryDictDb][city] trying open. 
08:08:58.113 [main] INFO  s.c.i.db.mapdb.CategoryDictDb,[-]: [CategoryDictDb][city] opened. 
08:08:58.113 [main] INFO  s.c.i.db.mapdb.CategoryDictDb,[-]: [CategoryDictDb][table] trying open. 
08:08:58.153 [main] INFO  s.c.i.db.mapdb.CategoryDictDb,[-]: [CategoryDictDb][table] opened. 
08:08:58.153 [main] INFO  s.c.i.db.mapdb.CategoryDictDb,[-]: [CategoryDictDb][tagLogin] trying open. 
08:08:58.190 [main] INFO  s.c.i.db.mapdb.CategoryDictDb,[-]: [CategoryDictDb][tagLogin] opened. 
08:08:58.191 [main] INFO  s.c.i.db.mapdb.CategoryDictDb,[-]: [CategoryDictDb][tagDesc] trying open. 
08:08:58.227 [main] INFO  s.c.i.db.mapdb.CategoryDictDb,[-]: [CategoryDictDb][tagDesc] opened. 
08:08:58.227 [main] INFO  s.c.i.db.mapdb.CategoryDictDb,[-]: [CategoryDictDb][web] trying open. 
08:08:58.264 [main] INFO  s.c.i.db.mapdb.CategoryDictDb,[-]: [CategoryDictDb][web] opened. 
08:08:58.264 [main] INFO  s.c.i.db.mapdb.CategoryDictDb,[-]: [CategoryDictDb][hmsg] trying open. 
08:08:58.318 [main] INFO  s.c.i.db.mapdb.CategoryDictDb,[-]: [CategoryDictDb][hmsg] opened. 
08:08:58.319 [main] INFO  s.c.i.db.mapdb.CategoryDictDb,[-]: [CategoryDictDb][stackElm] trying open. 
08:08:58.359 [main] INFO  s.c.i.db.mapdb.CategoryDictDb,[-]: [CategoryDictDb][stackElm] opened. 
08:08:58.835 [main] INFO  s.c.i.db.mapdb.DailyMinuteIndex,[-]: [DailyMinuteIndex][metric] trying open. 20190906_REALTIME
08:08:58.893 [main] INFO  s.c.i.db.mapdb.DailyMinuteIndex,[-]: [DailyMinuteIndex][metric] opened. 20190906_REALTIME
08:08:58.933 [main] INFO  s.c.i.db.mapdb.MetricDictDb,[-]: [MetricDictDb] open.
08:08:58.969 [main] INFO  s.c.infrastructure.db.mapdb.ObjDb,[-]: [ObjDb] open.
08:08:58.979 [main] INFO  s.c.i.db.mapdb.DailySecondIndex,[-]: [DailySecondIndex][xlog] trying open. 20190906
08:08:59.009 [main] INFO  s.c.i.db.mapdb.DailySecondIndex,[-]: [DailySecondIndex][xlog] opened. 20190906
08:08:59.011 [main] INFO  s.c.i.db.mapdb.XlogIdIndex,[-]: [XlogIdIndex] trying open. 20190906
08:08:59.036 [main] INFO  s.c.i.db.mapdb.XlogIdIndex,[-]: [XlogIdIndex] opened. 20190906
08:09:09.382 [main] INFO  s.c.i.db.filedb.XlogFileDb,[-]: [XlogFileDb.Table:20170812] open.
08:09:09.397 [main] INFO  s.c.i.db.mapdb.DailySecondIndex,[-]: [DailySecondIndex][xlog] trying open. 20170812
08:09:09.430 [main] INFO  s.c.i.db.mapdb.DailySecondIndex,[-]: [DailySecondIndex][xlog] opened. 20170812
08:09:09.431 [main] INFO  s.c.i.db.mapdb.XlogIdIndex,[-]: [XlogIdIndex] trying open. 20170812
08:09:09.460 [main] INFO  s.c.i.db.mapdb.XlogIdIndex,[-]: [XlogIdIndex] opened. 20170812
08:09:22.040 [Thread-7] INFO  s.c.i.db.mapdb.MetricDictDb,[-]: [MetricDictDb] closing.
08:09:22.045 [Thread-7] INFO  s.c.infrastructure.db.mapdb.CommonDb,[-]: [CommonDb] closing.
08:09:49.646 [main] INFO  s.c.infrastructure.db.mapdb.CommonDb,[-]: [CommonDb] open.
08:09:49.661 [main] INFO  s.c.i.db.mapdb.CategoryDictDb,[-]: [CategoryDictDb][error] trying open. 
08:09:49.708 [main] INFO  s.c.i.db.mapdb.CategoryDictDb,[-]: [CategoryDictDb][error] opened. 
08:09:49.708 [main] INFO  s.c.i.db.mapdb.CategoryDictDb,[-]: [CategoryDictDb][apicall] trying open. 
08:09:49.750 [main] INFO  s.c.i.db.mapdb.CategoryDictDb,[-]: [CategoryDictDb][apicall] opened. 
08:09:49.750 [main] INFO  s.c.i.db.mapdb.CategoryDictDb,[-]: [CategoryDictDb][method] trying open. 
08:09:49.789 [main] INFO  s.c.i.db.mapdb.CategoryDictDb,[-]: [CategoryDictDb][method] opened. 
08:09:49.790 [main] INFO  s.c.i.db.mapdb.CategoryDictDb,[-]: [CategoryDictDb][service] trying open. 
08:09:49.826 [main] INFO  s.c.i.db.mapdb.CategoryDictDb,[-]: [CategoryDictDb][service] opened. 
08:09:49.826 [main] INFO  s.c.i.db.mapdb.CategoryDictDb,[-]: [CategoryDictDb][sql] trying open. 
08:09:49.880 [main] INFO  s.c.i.db.mapdb.CategoryDictDb,[-]: [CategoryDictDb][sql] opened. 
08:09:49.880 [main] INFO  s.c.i.db.mapdb.CategoryDictDb,[-]: [CategoryDictDb][obj] trying open. 
08:09:49.942 [main] INFO  s.c.i.db.mapdb.CategoryDictDb,[-]: [CategoryDictDb][obj] opened. 
08:09:49.944 [main] INFO  s.c.i.db.mapdb.CategoryDictDb,[-]: [CategoryDictDb][referrer] trying open. 
08:09:49.988 [main] INFO  s.c.i.db.mapdb.CategoryDictDb,[-]: [CategoryDictDb][referrer] opened. 
08:09:49.988 [main] INFO  s.c.i.db.mapdb.CategoryDictDb,[-]: [CategoryDictDb][ua] trying open. 
08:09:50.037 [main] INFO  s.c.i.db.mapdb.CategoryDictDb,[-]: [CategoryDictDb][ua] opened. 
08:09:50.038 [main] INFO  s.c.i.db.mapdb.CategoryDictDb,[-]: [CategoryDictDb][group] trying open. 
08:09:50.076 [main] INFO  s.c.i.db.mapdb.CategoryDictDb,[-]: [CategoryDictDb][group] opened. 
08:09:50.077 [main] INFO  s.c.i.db.mapdb.CategoryDictDb,[-]: [CategoryDictDb][city] trying open. 
08:09:50.128 [main] INFO  s.c.i.db.mapdb.CategoryDictDb,[-]: [CategoryDictDb][city] opened. 
08:09:50.132 [main] INFO  s.c.i.db.mapdb.CategoryDictDb,[-]: [CategoryDictDb][table] trying open. 
08:09:50.185 [main] INFO  s.c.i.db.mapdb.CategoryDictDb,[-]: [CategoryDictDb][table] opened. 
08:09:50.185 [main] INFO  s.c.i.db.mapdb.CategoryDictDb,[-]: [CategoryDictDb][tagLogin] trying open. 
08:09:50.224 [main] INFO  s.c.i.db.mapdb.CategoryDictDb,[-]: [CategoryDictDb][tagLogin] opened. 
08:09:50.224 [main] INFO  s.c.i.db.mapdb.CategoryDictDb,[-]: [CategoryDictDb][tagDesc] trying open. 
08:09:50.259 [main] INFO  s.c.i.db.mapdb.CategoryDictDb,[-]: [CategoryDictDb][tagDesc] opened. 
08:09:50.259 [main] INFO  s.c.i.db.mapdb.CategoryDictDb,[-]: [CategoryDictDb][web] trying open. 
08:09:50.298 [main] INFO  s.c.i.db.mapdb.CategoryDictDb,[-]: [CategoryDictDb][web] opened. 
08:09:50.298 [main] INFO  s.c.i.db.mapdb.CategoryDictDb,[-]: [CategoryDictDb][hmsg] trying open. 
08:09:50.349 [main] INFO  s.c.i.db.mapdb.CategoryDictDb,[-]: [CategoryDictDb][hmsg] opened. 
08:09:50.349 [main] INFO  s.c.i.db.mapdb.CategoryDictDb,[-]: [CategoryDictDb][stackElm] trying open. 
08:09:50.401 [main] INFO  s.c.i.db.mapdb.CategoryDictDb,[-]: [CategoryDictDb][stackElm] opened. 
08:09:50.812 [main] INFO  s.c.i.db.mapdb.DailyMinuteIndex,[-]: [DailyMinuteIndex][metric] trying open. 20190906_REALTIME
08:09:50.869 [main] INFO  s.c.i.db.mapdb.DailyMinuteIndex,[-]: [DailyMinuteIndex][metric] opened. 20190906_REALTIME
08:09:50.913 [main] INFO  s.c.i.db.mapdb.MetricDictDb,[-]: [MetricDictDb] open.
08:09:50.948 [main] INFO  s.c.infrastructure.db.mapdb.ObjDb,[-]: [ObjDb] open.
08:09:50.953 [main] INFO  s.c.i.db.mapdb.DailySecondIndex,[-]: [DailySecondIndex][xlog] trying open. 20190906
08:09:50.980 [main] INFO  s.c.i.db.mapdb.DailySecondIndex,[-]: [DailySecondIndex][xlog] opened. 20190906
08:09:50.981 [main] INFO  s.c.i.db.mapdb.XlogIdIndex,[-]: [XlogIdIndex] trying open. 20190906
08:09:51.034 [main] INFO  s.c.i.db.mapdb.XlogIdIndex,[-]: [XlogIdIndex] opened. 20190906
08:09:52.060 [main] INFO  s.c.i.db.mapdb.CategoryDictDb,[-]: [CategoryDictDb][undef_any-no-exist] trying open. 
08:09:52.106 [main] INFO  s.c.i.db.mapdb.CategoryDictDb,[-]: [CategoryDictDb][undef_any-no-exist] opened. 
08:09:53.044 [main] INFO  s.c.i.db.mapdb.DailyMinuteIndex,[-]: [DailyMinuteIndex][metric] trying open. 20190905_REALTIME
08:09:53.095 [main] INFO  s.c.i.db.mapdb.DailyMinuteIndex,[-]: [DailyMinuteIndex][metric] opened. 20190905_REALTIME
08:09:53.097 [main] INFO  s.c.i.db.filedb.MetricFileDb,[-]: [MetricFileDb.Table:20190905_REALTIME] open.
08:09:53.197 [main] INFO  s.c.i.db.mapdb.DailyMinuteIndex,[-]: [DailyMinuteIndex][metric] trying open. 20190904_REALTIME
08:09:53.247 [main] INFO  s.c.i.db.mapdb.DailyMinuteIndex,[-]: [DailyMinuteIndex][metric] opened. 20190904_REALTIME
08:09:53.248 [main] INFO  s.c.i.db.filedb.MetricFileDb,[-]: [MetricFileDb.Table:20190904_REALTIME] open.
08:09:53.281 [main] INFO  s.c.i.db.mapdb.DailyMinuteIndex,[-]: [DailyMinuteIndex][metric] trying open. 20190903_REALTIME
08:09:53.315 [main] INFO  s.c.i.db.mapdb.DailyMinuteIndex,[-]: [DailyMinuteIndex][metric] opened. 20190903_REALTIME
08:09:53.316 [main] INFO  s.c.i.db.filedb.MetricFileDb,[-]: [MetricFileDb.Table:20190903_REALTIME] open.
08:09:53.346 [main] INFO  s.c.i.db.mapdb.DailyMinuteIndex,[-]: [DailyMinuteIndex][metric] trying open. 20190902_FIVE_MIN
08:09:53.393 [main] INFO  s.c.i.db.mapdb.DailyMinuteIndex,[-]: [DailyMinuteIndex][metric] opened. 20190902_FIVE_MIN
08:09:53.396 [main] INFO  s.c.i.db.filedb.MetricFileDb,[-]: [MetricFileDb.Table:20190902_FIVE_MIN] open.
08:09:55.734 [main] INFO  s.c.i.db.filedb.XlogFileDb,[-]: [XlogFileDb.Table:20170810] open.
08:09:55.737 [main] INFO  s.c.i.db.mapdb.DailySecondIndex,[-]: [DailySecondIndex][xlog] trying open. 20170810
08:09:55.770 [main] INFO  s.c.i.db.mapdb.DailySecondIndex,[-]: [DailySecondIndex][xlog] opened. 20170810
08:09:55.771 [main] INFO  s.c.i.db.mapdb.XlogIdIndex,[-]: [XlogIdIndex] trying open. 20170810
08:09:55.796 [main] INFO  s.c.i.db.mapdb.XlogIdIndex,[-]: [XlogIdIndex] opened. 20170810
08:09:55.877 [main] INFO  s.c.i.db.filedb.XlogFileDb,[-]: [XlogFileDb.Table:20190905] open.
08:09:55.878 [main] INFO  s.c.i.db.mapdb.DailySecondIndex,[-]: [DailySecondIndex][xlog] trying open. 20190905
08:09:55.905 [main] INFO  s.c.i.db.mapdb.DailySecondIndex,[-]: [DailySecondIndex][xlog] opened. 20190905
08:09:55.906 [main] INFO  s.c.i.db.mapdb.XlogIdIndex,[-]: [XlogIdIndex] trying open. 20190905
08:09:55.937 [main] INFO  s.c.i.db.mapdb.XlogIdIndex,[-]: [XlogIdIndex] opened. 20190905
08:09:55.955 [main] INFO  s.c.i.db.filedb.XlogFileDb,[-]: [XlogFileDb.Table:20170811] open.
08:09:55.955 [main] INFO  s.c.i.db.mapdb.DailySecondIndex,[-]: [DailySecondIndex][xlog] trying open. 20170811
08:09:55.991 [main] INFO  s.c.i.db.mapdb.DailySecondIndex,[-]: [DailySecondIndex][xlog] opened. 20170811
08:09:55.992 [main] INFO  s.c.i.db.mapdb.XlogIdIndex,[-]: [XlogIdIndex] trying open. 20170811
08:09:56.042 [main] INFO  s.c.i.db.mapdb.XlogIdIndex,[-]: [XlogIdIndex] opened. 20170811
08:09:56.067 [main] INFO  s.c.i.db.filedb.XlogFileDb,[-]: [XlogFileDb.Table:20190904] open.
08:09:56.067 [main] INFO  s.c.i.db.mapdb.DailySecondIndex,[-]: [DailySecondIndex][xlog] trying open. 20190904
08:09:56.097 [main] INFO  s.c.i.db.mapdb.DailySecondIndex,[-]: [DailySecondIndex][xlog] opened. 20190904
08:09:56.097 [main] INFO  s.c.i.db.mapdb.XlogIdIndex,[-]: [XlogIdIndex] trying open. 20190904
08:09:56.122 [main] INFO  s.c.i.db.mapdb.XlogIdIndex,[-]: [XlogIdIndex] opened. 20190904
08:09:56.145 [main] INFO  s.c.i.db.filedb.XlogFileDb,[-]: [XlogFileDb.Table:20170809] open.
08:09:56.146 [main] INFO  s.c.i.db.mapdb.DailySecondIndex,[-]: [DailySecondIndex][xlog] trying open. 20170809
08:09:56.172 [main] INFO  s.c.i.db.mapdb.DailySecondIndex,[-]: [DailySecondIndex][xlog] opened. 20170809
08:09:56.172 [main] INFO  s.c.i.db.mapdb.XlogIdIndex,[-]: [XlogIdIndex] trying open. 20170809
08:09:56.217 [main] INFO  s.c.i.db.mapdb.XlogIdIndex,[-]: [XlogIdIndex] opened. 20170809
08:09:56.233 [main] INFO  s.c.i.db.filedb.XlogFileDb,[-]: [XlogFileDb.Table:20170812] open.
08:09:56.233 [main] INFO  s.c.i.db.mapdb.DailySecondIndex,[-]: [DailySecondIndex][xlog] trying open. 20170812
08:09:56.257 [main] INFO  s.c.i.db.mapdb.DailySecondIndex,[-]: [DailySecondIndex][xlog] opened. 20170812
08:09:56.258 [main] INFO  s.c.i.db.mapdb.XlogIdIndex,[-]: [XlogIdIndex] trying open. 20170812
08:09:56.300 [main] INFO  s.c.i.db.mapdb.XlogIdIndex,[-]: [XlogIdIndex] opened. 20170812
08:09:57.376 [Thread-7] INFO  s.c.infrastructure.db.mapdb.ObjDb,[-]: [ObjDb] closing.
08:09:57.412 [Thread-7] INFO  s.c.infrastructure.db.mapdb.CommonDb,[-]: [CommonDb] closing.
08:16:30.058 [main] INFO  s.c.infrastructure.db.mapdb.CommonDb,[-]: [CommonDb] open.
08:16:30.089 [main] INFO  s.c.i.db.mapdb.CategoryDictDb,[-]: [CategoryDictDb][error] trying open. 
08:16:30.158 [main] INFO  s.c.i.db.mapdb.CategoryDictDb,[-]: [CategoryDictDb][error] opened. 
08:16:30.159 [main] INFO  s.c.i.db.mapdb.CategoryDictDb,[-]: [CategoryDictDb][apicall] trying open. 
08:16:30.198 [main] INFO  s.c.i.db.mapdb.CategoryDictDb,[-]: [CategoryDictDb][apicall] opened. 
08:16:30.199 [main] INFO  s.c.i.db.mapdb.CategoryDictDb,[-]: [CategoryDictDb][method] trying open. 
08:16:30.240 [main] INFO  s.c.i.db.mapdb.CategoryDictDb,[-]: [CategoryDictDb][method] opened. 
08:16:30.240 [main] INFO  s.c.i.db.mapdb.CategoryDictDb,[-]: [CategoryDictDb][service] trying open. 
08:16:30.287 [main] INFO  s.c.i.db.mapdb.CategoryDictDb,[-]: [CategoryDictDb][service] opened. 
08:16:30.288 [main] INFO  s.c.i.db.mapdb.CategoryDictDb,[-]: [CategoryDictDb][sql] trying open. 
08:16:30.339 [main] INFO  s.c.i.db.mapdb.CategoryDictDb,[-]: [CategoryDictDb][sql] opened. 
08:16:30.340 [main] INFO  s.c.i.db.mapdb.CategoryDictDb,[-]: [CategoryDictDb][obj] trying open. 
08:16:30.381 [main] INFO  s.c.i.db.mapdb.CategoryDictDb,[-]: [CategoryDictDb][obj] opened. 
08:16:30.382 [main] INFO  s.c.i.db.mapdb.CategoryDictDb,[-]: [CategoryDictDb][referrer] trying open. 
08:16:30.429 [main] INFO  s.c.i.db.mapdb.CategoryDictDb,[-]: [CategoryDictDb][referrer] opened. 
08:16:30.429 [main] INFO  s.c.i.db.mapdb.CategoryDictDb,[-]: [CategoryDictDb][ua] trying open. 
08:16:30.468 [main] INFO  s.c.i.db.mapdb.CategoryDictDb,[-]: [CategoryDictDb][ua] opened. 
08:16:30.468 [main] INFO  s.c.i.db.mapdb.CategoryDictDb,[-]: [CategoryDictDb][group] trying open. 
08:16:30.524 [main] INFO  s.c.i.db.mapdb.CategoryDictDb,[-]: [CategoryDictDb][group] opened. 
08:16:30.525 [main] INFO  s.c.i.db.mapdb.CategoryDictDb,[-]: [CategoryDictDb][city] trying open. 
08:16:30.588 [main] INFO  s.c.i.db.mapdb.CategoryDictDb,[-]: [CategoryDictDb][city] opened. 
08:16:30.588 [main] INFO  s.c.i.db.mapdb.CategoryDictDb,[-]: [CategoryDictDb][table] trying open. 
08:16:30.642 [main] INFO  s.c.i.db.mapdb.CategoryDictDb,[-]: [CategoryDictDb][table] opened. 
08:16:30.643 [main] INFO  s.c.i.db.mapdb.CategoryDictDb,[-]: [CategoryDictDb][tagLogin] trying open. 
08:16:30.687 [main] INFO  s.c.i.db.mapdb.CategoryDictDb,[-]: [CategoryDictDb][tagLogin] opened. 
08:16:30.687 [main] INFO  s.c.i.db.mapdb.CategoryDictDb,[-]: [CategoryDictDb][tagDesc] trying open. 
08:16:30.724 [main] INFO  s.c.i.db.mapdb.CategoryDictDb,[-]: [CategoryDictDb][tagDesc] opened. 
08:16:30.725 [main] INFO  s.c.i.db.mapdb.CategoryDictDb,[-]: [CategoryDictDb][web] trying open. 
08:16:30.793 [main] INFO  s.c.i.db.mapdb.CategoryDictDb,[-]: [CategoryDictDb][web] opened. 
08:16:30.794 [main] INFO  s.c.i.db.mapdb.CategoryDictDb,[-]: [CategoryDictDb][hmsg] trying open. 
08:16:30.855 [main] INFO  s.c.i.db.mapdb.CategoryDictDb,[-]: [CategoryDictDb][hmsg] opened. 
08:16:30.855 [main] INFO  s.c.i.db.mapdb.CategoryDictDb,[-]: [CategoryDictDb][stackElm] trying open. 
08:16:30.907 [main] INFO  s.c.i.db.mapdb.CategoryDictDb,[-]: [CategoryDictDb][stackElm] opened. 
08:16:31.366 [main] INFO  s.c.i.db.mapdb.DailyMinuteIndex,[-]: [DailyMinuteIndex][metric] trying open. 20190906_REALTIME
08:16:31.425 [main] INFO  s.c.i.db.mapdb.DailyMinuteIndex,[-]: [DailyMinuteIndex][metric] opened. 20190906_REALTIME
08:16:31.481 [main] INFO  s.c.i.db.mapdb.MetricDictDb,[-]: [MetricDictDb] open.
08:16:31.518 [main] INFO  s.c.infrastructure.db.mapdb.ObjDb,[-]: [ObjDb] open.
08:16:31.525 [main] INFO  s.c.i.db.mapdb.DailySecondIndex,[-]: [DailySecondIndex][xlog] trying open. 20190906
08:16:31.568 [main] INFO  s.c.i.db.mapdb.DailySecondIndex,[-]: [DailySecondIndex][xlog] opened. 20190906
08:16:31.570 [main] INFO  s.c.i.db.mapdb.XlogIdIndex,[-]: [XlogIdIndex] trying open. 20190906
08:16:31.622 [main] INFO  s.c.i.db.mapdb.XlogIdIndex,[-]: [XlogIdIndex] opened. 20190906
08:16:32.294 [main] INFO  s.c.i.db.filedb.XlogFileDb,[-]: [XlogFileDb.Table:20170812] open.
08:16:32.303 [main] INFO  s.c.i.db.mapdb.DailySecondIndex,[-]: [DailySecondIndex][xlog] trying open. 20170812
08:16:32.343 [main] INFO  s.c.i.db.mapdb.DailySecondIndex,[-]: [DailySecondIndex][xlog] opened. 20170812
08:16:32.343 [main] INFO  s.c.i.db.mapdb.XlogIdIndex,[-]: [XlogIdIndex] trying open. 20170812
08:16:32.370 [main] INFO  s.c.i.db.mapdb.XlogIdIndex,[-]: [XlogIdIndex] opened. 20170812
08:16:33.648 [Thread-7] INFO  s.c.infrastructure.db.mapdb.ObjDb,[-]: [ObjDb] closing.
08:16:33.661 [Thread-7] INFO  s.c.i.db.mapdb.MetricDictDb,[-]: [MetricDictDb] closing.
08:16:33.665 [Thread-7] INFO  s.c.infrastructure.db.mapdb.CommonDb,[-]: [CommonDb] closing.
08:17:20.269 [main] INFO  s.c.infrastructure.db.mapdb.CommonDb,[-]: [CommonDb] open.
08:17:20.298 [main] INFO  s.c.i.db.mapdb.CategoryDictDb,[-]: [CategoryDictDb][error] trying open. 
08:17:20.353 [main] INFO  s.c.i.db.mapdb.CategoryDictDb,[-]: [CategoryDictDb][error] opened. 
08:17:20.354 [main] INFO  s.c.i.db.mapdb.CategoryDictDb,[-]: [CategoryDictDb][apicall] trying open. 
08:17:20.400 [main] INFO  s.c.i.db.mapdb.CategoryDictDb,[-]: [CategoryDictDb][apicall] opened. 
08:17:20.401 [main] INFO  s.c.i.db.mapdb.CategoryDictDb,[-]: [CategoryDictDb][method] trying open. 
08:17:20.439 [main] INFO  s.c.i.db.mapdb.CategoryDictDb,[-]: [CategoryDictDb][method] opened. 
08:17:20.440 [main] INFO  s.c.i.db.mapdb.CategoryDictDb,[-]: [CategoryDictDb][service] trying open. 
08:17:20.506 [main] INFO  s.c.i.db.mapdb.CategoryDictDb,[-]: [CategoryDictDb][service] opened. 
08:17:20.506 [main] INFO  s.c.i.db.mapdb.CategoryDictDb,[-]: [CategoryDictDb][sql] trying open. 
08:17:20.545 [main] INFO  s.c.i.db.mapdb.CategoryDictDb,[-]: [CategoryDictDb][sql] opened. 
08:17:20.545 [main] INFO  s.c.i.db.mapdb.CategoryDictDb,[-]: [CategoryDictDb][obj] trying open. 
08:17:20.585 [main] INFO  s.c.i.db.mapdb.CategoryDictDb,[-]: [CategoryDictDb][obj] opened. 
08:17:20.585 [main] INFO  s.c.i.db.mapdb.CategoryDictDb,[-]: [CategoryDictDb][referrer] trying open. 
08:17:20.629 [main] INFO  s.c.i.db.mapdb.CategoryDictDb,[-]: [CategoryDictDb][referrer] opened. 
08:17:20.630 [main] INFO  s.c.i.db.mapdb.CategoryDictDb,[-]: [CategoryDictDb][ua] trying open. 
08:17:20.671 [main] INFO  s.c.i.db.mapdb.CategoryDictDb,[-]: [CategoryDictDb][ua] opened. 
08:17:20.671 [main] INFO  s.c.i.db.mapdb.CategoryDictDb,[-]: [CategoryDictDb][group] trying open. 
08:17:20.726 [main] INFO  s.c.i.db.mapdb.CategoryDictDb,[-]: [CategoryDictDb][group] opened. 
08:17:20.726 [main] INFO  s.c.i.db.mapdb.CategoryDictDb,[-]: [CategoryDictDb][city] trying open. 
08:17:20.801 [main] INFO  s.c.i.db.mapdb.CategoryDictDb,[-]: [CategoryDictDb][city] opened. 
08:17:20.801 [main] INFO  s.c.i.db.mapdb.CategoryDictDb,[-]: [CategoryDictDb][table] trying open. 
08:17:20.844 [main] INFO  s.c.i.db.mapdb.CategoryDictDb,[-]: [CategoryDictDb][table] opened. 
08:17:20.844 [main] INFO  s.c.i.db.mapdb.CategoryDictDb,[-]: [CategoryDictDb][tagLogin] trying open. 
08:17:20.881 [main] INFO  s.c.i.db.mapdb.CategoryDictDb,[-]: [CategoryDictDb][tagLogin] opened. 
08:17:20.882 [main] INFO  s.c.i.db.mapdb.CategoryDictDb,[-]: [CategoryDictDb][tagDesc] trying open. 
08:17:20.921 [main] INFO  s.c.i.db.mapdb.CategoryDictDb,[-]: [CategoryDictDb][tagDesc] opened. 
08:17:20.921 [main] INFO  s.c.i.db.mapdb.CategoryDictDb,[-]: [CategoryDictDb][web] trying open. 
08:17:20.972 [main] INFO  s.c.i.db.mapdb.CategoryDictDb,[-]: [CategoryDictDb][web] opened. 
08:17:20.972 [main] INFO  s.c.i.db.mapdb.CategoryDictDb,[-]: [CategoryDictDb][hmsg] trying open. 
08:17:21.050 [main] INFO  s.c.i.db.mapdb.CategoryDictDb,[-]: [CategoryDictDb][hmsg] opened. 
08:17:21.052 [main] INFO  s.c.i.db.mapdb.CategoryDictDb,[-]: [CategoryDictDb][stackElm] trying open. 
08:17:21.090 [main] INFO  s.c.i.db.mapdb.CategoryDictDb,[-]: [CategoryDictDb][stackElm] opened. 
08:17:21.599 [main] INFO  s.c.i.db.mapdb.DailyMinuteIndex,[-]: [DailyMinuteIndex][metric] trying open. 20190906_REALTIME
08:17:21.665 [main] INFO  s.c.i.db.mapdb.DailyMinuteIndex,[-]: [DailyMinuteIndex][metric] opened. 20190906_REALTIME
08:17:21.718 [main] INFO  s.c.i.db.mapdb.MetricDictDb,[-]: [MetricDictDb] open.
08:17:21.768 [main] INFO  s.c.infrastructure.db.mapdb.ObjDb,[-]: [ObjDb] open.
08:17:21.775 [main] INFO  s.c.i.db.mapdb.DailySecondIndex,[-]: [DailySecondIndex][xlog] trying open. 20190906
08:17:21.813 [main] INFO  s.c.i.db.mapdb.DailySecondIndex,[-]: [DailySecondIndex][xlog] opened. 20190906
08:17:21.814 [main] INFO  s.c.i.db.mapdb.XlogIdIndex,[-]: [XlogIdIndex] trying open. 20190906
08:17:21.868 [main] INFO  s.c.i.db.mapdb.XlogIdIndex,[-]: [XlogIdIndex] opened. 20190906
08:17:22.819 [main] INFO  s.c.i.db.filedb.XlogFileDb,[-]: [XlogFileDb.Table:20170812] open.
08:17:22.838 [main] INFO  s.c.i.db.mapdb.DailySecondIndex,[-]: [DailySecondIndex][xlog] trying open. 20170812
08:17:22.894 [main] INFO  s.c.i.db.mapdb.DailySecondIndex,[-]: [DailySecondIndex][xlog] opened. 20170812
08:17:22.895 [main] INFO  s.c.i.db.mapdb.XlogIdIndex,[-]: [XlogIdIndex] trying open. 20170812
08:17:22.945 [main] INFO  s.c.i.db.mapdb.XlogIdIndex,[-]: [XlogIdIndex] opened. 20170812
08:18:09.377 [Thread-7] INFO  s.c.i.db.mapdb.MetricDictDb,[-]: [MetricDictDb] closing.
08:18:34.490 [main] INFO  s.c.infrastructure.db.mapdb.CommonDb,[-]: [CommonDb] open.
08:18:34.521 [main] INFO  s.c.i.db.mapdb.CategoryDictDb,[-]: [CategoryDictDb][error] trying open. 
08:18:34.583 [main] INFO  s.c.i.db.mapdb.CategoryDictDb,[-]: [CategoryDictDb][error] opened. 
08:18:34.584 [main] INFO  s.c.i.db.mapdb.CategoryDictDb,[-]: [CategoryDictDb][apicall] trying open. 
08:18:34.666 [main] INFO  s.c.i.db.mapdb.CategoryDictDb,[-]: [CategoryDictDb][apicall] opened. 
08:18:34.666 [main] INFO  s.c.i.db.mapdb.CategoryDictDb,[-]: [CategoryDictDb][method] trying open. 
08:18:34.751 [main] INFO  s.c.i.db.mapdb.CategoryDictDb,[-]: [CategoryDictDb][method] opened. 
08:18:34.751 [main] INFO  s.c.i.db.mapdb.CategoryDictDb,[-]: [CategoryDictDb][service] trying open. 
08:18:34.831 [main] INFO  s.c.i.db.mapdb.CategoryDictDb,[-]: [CategoryDictDb][service] opened. 
08:18:34.831 [main] INFO  s.c.i.db.mapdb.CategoryDictDb,[-]: [CategoryDictDb][sql] trying open. 
08:18:34.886 [main] INFO  s.c.i.db.mapdb.CategoryDictDb,[-]: [CategoryDictDb][sql] opened. 
08:18:34.887 [main] INFO  s.c.i.db.mapdb.CategoryDictDb,[-]: [CategoryDictDb][obj] trying open. 
08:18:34.978 [main] INFO  s.c.i.db.mapdb.CategoryDictDb,[-]: [CategoryDictDb][obj] opened. 
08:18:34.979 [main] INFO  s.c.i.db.mapdb.CategoryDictDb,[-]: [CategoryDictDb][referrer] trying open. 
08:18:35.039 [main] INFO  s.c.i.db.mapdb.CategoryDictDb,[-]: [CategoryDictDb][referrer] opened. 
08:18:35.039 [main] INFO  s.c.i.db.mapdb.CategoryDictDb,[-]: [CategoryDictDb][ua] trying open. 
08:18:35.101 [main] INFO  s.c.i.db.mapdb.CategoryDictDb,[-]: [CategoryDictDb][ua] opened. 
08:18:35.101 [main] INFO  s.c.i.db.mapdb.CategoryDictDb,[-]: [CategoryDictDb][group] trying open. 
08:18:35.154 [main] INFO  s.c.i.db.mapdb.CategoryDictDb,[-]: [CategoryDictDb][group] opened. 
08:18:35.154 [main] INFO  s.c.i.db.mapdb.CategoryDictDb,[-]: [CategoryDictDb][city] trying open. 
08:18:35.219 [main] INFO  s.c.i.db.mapdb.CategoryDictDb,[-]: [CategoryDictDb][city] opened. 
08:18:35.219 [main] INFO  s.c.i.db.mapdb.CategoryDictDb,[-]: [CategoryDictDb][table] trying open. 
08:18:35.308 [main] INFO  s.c.i.db.mapdb.CategoryDictDb,[-]: [CategoryDictDb][table] opened. 
08:18:35.308 [main] INFO  s.c.i.db.mapdb.CategoryDictDb,[-]: [CategoryDictDb][tagLogin] trying open. 
08:18:35.381 [main] INFO  s.c.i.db.mapdb.CategoryDictDb,[-]: [CategoryDictDb][tagLogin] opened. 
08:18:35.381 [main] INFO  s.c.i.db.mapdb.CategoryDictDb,[-]: [CategoryDictDb][tagDesc] trying open. 
08:18:35.453 [main] INFO  s.c.i.db.mapdb.CategoryDictDb,[-]: [CategoryDictDb][tagDesc] opened. 
08:18:35.453 [main] INFO  s.c.i.db.mapdb.CategoryDictDb,[-]: [CategoryDictDb][web] trying open. 
08:18:35.534 [main] INFO  s.c.i.db.mapdb.CategoryDictDb,[-]: [CategoryDictDb][web] opened. 
08:18:35.534 [main] INFO  s.c.i.db.mapdb.CategoryDictDb,[-]: [CategoryDictDb][hmsg] trying open. 
08:18:35.610 [main] INFO  s.c.i.db.mapdb.CategoryDictDb,[-]: [CategoryDictDb][hmsg] opened. 
08:18:35.611 [main] INFO  s.c.i.db.mapdb.CategoryDictDb,[-]: [CategoryDictDb][stackElm] trying open. 
08:18:35.650 [main] INFO  s.c.i.db.mapdb.CategoryDictDb,[-]: [CategoryDictDb][stackElm] opened. 
08:18:36.118 [main] INFO  s.c.i.db.mapdb.DailyMinuteIndex,[-]: [DailyMinuteIndex][metric] trying open. 20190906_REALTIME
08:18:36.171 [main] INFO  s.c.i.db.mapdb.DailyMinuteIndex,[-]: [DailyMinuteIndex][metric] opened. 20190906_REALTIME
08:18:36.211 [main] INFO  s.c.i.db.mapdb.MetricDictDb,[-]: [MetricDictDb] open.
08:18:36.252 [main] INFO  s.c.infrastructure.db.mapdb.ObjDb,[-]: [ObjDb] open.
08:18:36.262 [main] INFO  s.c.i.db.mapdb.DailySecondIndex,[-]: [DailySecondIndex][xlog] trying open. 20190906
08:18:36.292 [main] INFO  s.c.i.db.mapdb.DailySecondIndex,[-]: [DailySecondIndex][xlog] opened. 20190906
08:18:36.293 [main] INFO  s.c.i.db.mapdb.XlogIdIndex,[-]: [XlogIdIndex] trying open. 20190906
08:18:36.329 [main] INFO  s.c.i.db.mapdb.XlogIdIndex,[-]: [XlogIdIndex] opened. 20190906
08:18:47.616 [main] INFO  s.c.i.db.filedb.XlogFileDb,[-]: [XlogFileDb.Table:20170812] open.
08:18:47.635 [main] INFO  s.c.i.db.mapdb.DailySecondIndex,[-]: [DailySecondIndex][xlog] trying open. 20170812
08:18:47.665 [main] INFO  s.c.i.db.mapdb.DailySecondIndex,[-]: [DailySecondIndex][xlog] opened. 20170812
08:18:47.666 [main] INFO  s.c.i.db.mapdb.XlogIdIndex,[-]: [XlogIdIndex] trying open. 20170812
08:18:47.695 [main] INFO  s.c.i.db.mapdb.XlogIdIndex,[-]: [XlogIdIndex] opened. 20170812
08:22:08.774 [Thread-7] INFO  s.c.i.db.mapdb.MetricDictDb,[-]: [MetricDictDb] closing.
08:22:08.789 [Thread-7] INFO  s.c.infrastructure.db.mapdb.CommonDb,[-]: [CommonDb] closing.
08:22:59.607 [main] INFO  s.c.infrastructure.db.mapdb.CommonDb,[-]: [CommonDb] open.
08:22:59.637 [main] INFO  s.c.i.db.mapdb.CategoryDictDb,[-]: [CategoryDictDb][error] trying open. 
08:22:59.685 [main] INFO  s.c.i.db.mapdb.CategoryDictDb,[-]: [CategoryDictDb][error] opened. 
08:22:59.686 [main] INFO  s.c.i.db.mapdb.CategoryDictDb,[-]: [CategoryDictDb][apicall] trying open. 
08:22:59.725 [main] INFO  s.c.i.db.mapdb.CategoryDictDb,[-]: [CategoryDictDb][apicall] opened. 
08:22:59.725 [main] INFO  s.c.i.db.mapdb.CategoryDictDb,[-]: [CategoryDictDb][method] trying open. 
08:22:59.770 [main] INFO  s.c.i.db.mapdb.CategoryDictDb,[-]: [CategoryDictDb][method] opened. 
08:22:59.770 [main] INFO  s.c.i.db.mapdb.CategoryDictDb,[-]: [CategoryDictDb][service] trying open. 
08:22:59.818 [main] INFO  s.c.i.db.mapdb.CategoryDictDb,[-]: [CategoryDictDb][service] opened. 
08:22:59.818 [main] INFO  s.c.i.db.mapdb.CategoryDictDb,[-]: [CategoryDictDb][sql] trying open. 
08:22:59.860 [main] INFO  s.c.i.db.mapdb.CategoryDictDb,[-]: [CategoryDictDb][sql] opened. 
08:22:59.861 [main] INFO  s.c.i.db.mapdb.CategoryDictDb,[-]: [CategoryDictDb][obj] trying open. 
08:22:59.907 [main] INFO  s.c.i.db.mapdb.CategoryDictDb,[-]: [CategoryDictDb][obj] opened. 
08:22:59.907 [main] INFO  s.c.i.db.mapdb.CategoryDictDb,[-]: [CategoryDictDb][referrer] trying open. 
08:22:59.951 [main] INFO  s.c.i.db.mapdb.CategoryDictDb,[-]: [CategoryDictDb][referrer] opened. 
08:22:59.951 [main] INFO  s.c.i.db.mapdb.CategoryDictDb,[-]: [CategoryDictDb][ua] trying open. 
08:22:59.989 [main] INFO  s.c.i.db.mapdb.CategoryDictDb,[-]: [CategoryDictDb][ua] opened. 
08:22:59.989 [main] INFO  s.c.i.db.mapdb.CategoryDictDb,[-]: [CategoryDictDb][group] trying open. 
08:23:00.038 [main] INFO  s.c.i.db.mapdb.CategoryDictDb,[-]: [CategoryDictDb][group] opened. 
08:23:00.038 [main] INFO  s.c.i.db.mapdb.CategoryDictDb,[-]: [CategoryDictDb][city] trying open. 
08:23:00.091 [main] INFO  s.c.i.db.mapdb.CategoryDictDb,[-]: [CategoryDictDb][city] opened. 
08:23:00.092 [main] INFO  s.c.i.db.mapdb.CategoryDictDb,[-]: [CategoryDictDb][table] trying open. 
08:23:00.162 [main] INFO  s.c.i.db.mapdb.CategoryDictDb,[-]: [CategoryDictDb][table] opened. 
08:23:00.163 [main] INFO  s.c.i.db.mapdb.CategoryDictDb,[-]: [CategoryDictDb][tagLogin] trying open. 
08:23:00.199 [main] INFO  s.c.i.db.mapdb.CategoryDictDb,[-]: [CategoryDictDb][tagLogin] opened. 
08:23:00.199 [main] INFO  s.c.i.db.mapdb.CategoryDictDb,[-]: [CategoryDictDb][tagDesc] trying open. 
08:23:00.234 [main] INFO  s.c.i.db.mapdb.CategoryDictDb,[-]: [CategoryDictDb][tagDesc] opened. 
08:23:00.234 [main] INFO  s.c.i.db.mapdb.CategoryDictDb,[-]: [CategoryDictDb][web] trying open. 
08:23:00.298 [main] INFO  s.c.i.db.mapdb.CategoryDictDb,[-]: [CategoryDictDb][web] opened. 
08:23:00.299 [main] INFO  s.c.i.db.mapdb.CategoryDictDb,[-]: [CategoryDictDb][hmsg] trying open. 
08:23:00.366 [main] INFO  s.c.i.db.mapdb.CategoryDictDb,[-]: [CategoryDictDb][hmsg] opened. 
08:23:00.366 [main] INFO  s.c.i.db.mapdb.CategoryDictDb,[-]: [CategoryDictDb][stackElm] trying open. 
08:23:00.401 [main] INFO  s.c.i.db.mapdb.CategoryDictDb,[-]: [CategoryDictDb][stackElm] opened. 
08:23:00.777 [main] INFO  s.c.i.db.mapdb.DailyMinuteIndex,[-]: [DailyMinuteIndex][metric] trying open. 20190906_REALTIME
08:23:00.836 [main] INFO  s.c.i.db.mapdb.DailyMinuteIndex,[-]: [DailyMinuteIndex][metric] opened. 20190906_REALTIME
08:23:00.883 [main] INFO  s.c.i.db.mapdb.MetricDictDb,[-]: [MetricDictDb] open.
08:23:00.942 [main] INFO  s.c.infrastructure.db.mapdb.ObjDb,[-]: [ObjDb] open.
08:23:00.952 [main] INFO  s.c.i.db.mapdb.DailySecondIndex,[-]: [DailySecondIndex][xlog] trying open. 20190906
08:23:00.978 [main] INFO  s.c.i.db.mapdb.DailySecondIndex,[-]: [DailySecondIndex][xlog] opened. 20190906
08:23:00.979 [main] INFO  s.c.i.db.mapdb.XlogIdIndex,[-]: [XlogIdIndex] trying open. 20190906
08:23:01.020 [main] INFO  s.c.i.db.mapdb.XlogIdIndex,[-]: [XlogIdIndex] opened. 20190906
08:23:01.796 [main] INFO  s.c.i.db.filedb.XlogFileDb,[-]: [XlogFileDb.Table:20170812] open.
08:23:01.818 [main] INFO  s.c.i.db.mapdb.DailySecondIndex,[-]: [DailySecondIndex][xlog] trying open. 20170812
08:23:01.859 [main] INFO  s.c.i.db.mapdb.DailySecondIndex,[-]: [DailySecondIndex][xlog] opened. 20170812
08:23:01.859 [main] INFO  s.c.i.db.mapdb.XlogIdIndex,[-]: [XlogIdIndex] trying open. 20170812
08:23:01.903 [main] INFO  s.c.i.db.mapdb.XlogIdIndex,[-]: [XlogIdIndex] opened. 20170812
08:23:31.941 [Thread-7] INFO  s.c.infrastructure.db.mapdb.ObjDb,[-]: [ObjDb] closing.
08:23:31.955 [Thread-7] INFO  s.c.i.db.mapdb.MetricDictDb,[-]: [MetricDictDb] closing.
08:23:31.961 [Thread-7] INFO  s.c.infrastructure.db.mapdb.CommonDb,[-]: [CommonDb] closing.
08:24:04.995 [main] INFO  s.c.infrastructure.db.mapdb.CommonDb,[-]: [CommonDb] open.
08:24:05.025 [main] INFO  s.c.i.db.mapdb.CategoryDictDb,[-]: [CategoryDictDb][error] trying open. 
08:24:05.080 [main] INFO  s.c.i.db.mapdb.CategoryDictDb,[-]: [CategoryDictDb][error] opened. 
08:24:05.082 [main] INFO  s.c.i.db.mapdb.CategoryDictDb,[-]: [CategoryDictDb][apicall] trying open. 
08:24:05.127 [main] INFO  s.c.i.db.mapdb.CategoryDictDb,[-]: [CategoryDictDb][apicall] opened. 
08:24:05.127 [main] INFO  s.c.i.db.mapdb.CategoryDictDb,[-]: [CategoryDictDb][method] trying open. 
08:24:05.172 [main] INFO  s.c.i.db.mapdb.CategoryDictDb,[-]: [CategoryDictDb][method] opened. 
08:24:05.173 [main] INFO  s.c.i.db.mapdb.CategoryDictDb,[-]: [CategoryDictDb][service] trying open. 
08:24:05.220 [main] INFO  s.c.i.db.mapdb.CategoryDictDb,[-]: [CategoryDictDb][service] opened. 
08:24:05.220 [main] INFO  s.c.i.db.mapdb.CategoryDictDb,[-]: [CategoryDictDb][sql] trying open. 
08:24:05.260 [main] INFO  s.c.i.db.mapdb.CategoryDictDb,[-]: [CategoryDictDb][sql] opened. 
08:24:05.260 [main] INFO  s.c.i.db.mapdb.CategoryDictDb,[-]: [CategoryDictDb][obj] trying open. 
08:24:05.307 [main] INFO  s.c.i.db.mapdb.CategoryDictDb,[-]: [CategoryDictDb][obj] opened. 
08:24:05.307 [main] INFO  s.c.i.db.mapdb.CategoryDictDb,[-]: [CategoryDictDb][referrer] trying open. 
08:24:05.354 [main] INFO  s.c.i.db.mapdb.CategoryDictDb,[-]: [CategoryDictDb][referrer] opened. 
08:24:05.354 [main] INFO  s.c.i.db.mapdb.CategoryDictDb,[-]: [CategoryDictDb][ua] trying open. 
08:24:05.402 [main] INFO  s.c.i.db.mapdb.CategoryDictDb,[-]: [CategoryDictDb][ua] opened. 
08:24:05.403 [main] INFO  s.c.i.db.mapdb.CategoryDictDb,[-]: [CategoryDictDb][group] trying open. 
08:24:05.454 [main] INFO  s.c.i.db.mapdb.CategoryDictDb,[-]: [CategoryDictDb][group] opened. 
08:24:05.454 [main] INFO  s.c.i.db.mapdb.CategoryDictDb,[-]: [CategoryDictDb][city] trying open. 
08:24:05.523 [main] INFO  s.c.i.db.mapdb.CategoryDictDb,[-]: [CategoryDictDb][city] opened. 
08:24:05.524 [main] INFO  s.c.i.db.mapdb.CategoryDictDb,[-]: [CategoryDictDb][table] trying open. 
08:24:05.573 [main] INFO  s.c.i.db.mapdb.CategoryDictDb,[-]: [CategoryDictDb][table] opened. 
08:24:05.573 [main] INFO  s.c.i.db.mapdb.CategoryDictDb,[-]: [CategoryDictDb][tagLogin] trying open. 
08:24:05.616 [main] INFO  s.c.i.db.mapdb.CategoryDictDb,[-]: [CategoryDictDb][tagLogin] opened. 
08:24:05.617 [main] INFO  s.c.i.db.mapdb.CategoryDictDb,[-]: [CategoryDictDb][tagDesc] trying open. 
08:24:05.674 [main] INFO  s.c.i.db.mapdb.CategoryDictDb,[-]: [CategoryDictDb][tagDesc] opened. 
08:24:05.675 [main] INFO  s.c.i.db.mapdb.CategoryDictDb,[-]: [CategoryDictDb][web] trying open. 
08:24:05.735 [main] INFO  s.c.i.db.mapdb.CategoryDictDb,[-]: [CategoryDictDb][web] opened. 
08:24:05.735 [main] INFO  s.c.i.db.mapdb.CategoryDictDb,[-]: [CategoryDictDb][hmsg] trying open. 
08:24:05.804 [main] INFO  s.c.i.db.mapdb.CategoryDictDb,[-]: [CategoryDictDb][hmsg] opened. 
08:24:05.804 [main] INFO  s.c.i.db.mapdb.CategoryDictDb,[-]: [CategoryDictDb][stackElm] trying open. 
08:24:05.846 [main] INFO  s.c.i.db.mapdb.CategoryDictDb,[-]: [CategoryDictDb][stackElm] opened. 
08:24:06.384 [main] INFO  s.c.i.db.mapdb.DailyMinuteIndex,[-]: [DailyMinuteIndex][metric] trying open. 20190906_REALTIME
08:24:06.426 [main] INFO  s.c.i.db.mapdb.DailyMinuteIndex,[-]: [DailyMinuteIndex][metric] opened. 20190906_REALTIME
08:24:06.469 [main] INFO  s.c.i.db.mapdb.MetricDictDb,[-]: [MetricDictDb] open.
08:24:06.514 [main] INFO  s.c.infrastructure.db.mapdb.ObjDb,[-]: [ObjDb] open.
08:24:06.521 [main] INFO  s.c.i.db.mapdb.DailySecondIndex,[-]: [DailySecondIndex][xlog] trying open. 20190906
08:24:06.560 [main] INFO  s.c.i.db.mapdb.DailySecondIndex,[-]: [DailySecondIndex][xlog] opened. 20190906
08:24:06.561 [main] INFO  s.c.i.db.mapdb.XlogIdIndex,[-]: [XlogIdIndex] trying open. 20190906
08:24:06.605 [main] INFO  s.c.i.db.mapdb.XlogIdIndex,[-]: [XlogIdIndex] opened. 20190906
08:24:13.411 [main] INFO  s.c.i.db.filedb.XlogFileDb,[-]: [XlogFileDb.Table:20170812] open.
08:24:13.488 [main] INFO  s.c.i.db.mapdb.DailySecondIndex,[-]: [DailySecondIndex][xlog] trying open. 20170812
08:24:13.616 [main] INFO  s.c.i.db.mapdb.DailySecondIndex,[-]: [DailySecondIndex][xlog] opened. 20170812
08:24:13.617 [main] INFO  s.c.i.db.mapdb.XlogIdIndex,[-]: [XlogIdIndex] trying open. 20170812
08:24:13.697 [main] INFO  s.c.i.db.mapdb.XlogIdIndex,[-]: [XlogIdIndex] opened. 20170812
08:25:29.963 [Thread-7] INFO  s.c.i.db.mapdb.MetricDictDb,[-]: [MetricDictDb] closing.
08:27:29.687 [main] INFO  s.c.infrastructure.db.mapdb.CommonDb,[-]: [CommonDb] open.
08:27:29.707 [main] INFO  s.c.i.db.mapdb.CategoryDictDb,[-]: [CategoryDictDb][error] trying open. 
08:27:29.751 [main] INFO  s.c.i.db.mapdb.CategoryDictDb,[-]: [CategoryDictDb][error] opened. 
08:27:29.752 [main] INFO  s.c.i.db.mapdb.CategoryDictDb,[-]: [CategoryDictDb][apicall] trying open. 
08:27:29.788 [main] INFO  s.c.i.db.mapdb.CategoryDictDb,[-]: [CategoryDictDb][apicall] opened. 
08:27:29.789 [main] INFO  s.c.i.db.mapdb.CategoryDictDb,[-]: [CategoryDictDb][method] trying open. 
08:27:29.826 [main] INFO  s.c.i.db.mapdb.CategoryDictDb,[-]: [CategoryDictDb][method] opened. 
08:27:29.826 [main] INFO  s.c.i.db.mapdb.CategoryDictDb,[-]: [CategoryDictDb][service] trying open. 
08:27:29.864 [main] INFO  s.c.i.db.mapdb.CategoryDictDb,[-]: [CategoryDictDb][service] opened. 
08:27:29.864 [main] INFO  s.c.i.db.mapdb.CategoryDictDb,[-]: [CategoryDictDb][sql] trying open. 
08:27:29.905 [main] INFO  s.c.i.db.mapdb.CategoryDictDb,[-]: [CategoryDictDb][sql] opened. 
08:27:29.905 [main] INFO  s.c.i.db.mapdb.CategoryDictDb,[-]: [CategoryDictDb][obj] trying open. 
08:27:29.943 [main] INFO  s.c.i.db.mapdb.CategoryDictDb,[-]: [CategoryDictDb][obj] opened. 
08:27:29.943 [main] INFO  s.c.i.db.mapdb.CategoryDictDb,[-]: [CategoryDictDb][referrer] trying open. 
08:27:29.981 [main] INFO  s.c.i.db.mapdb.CategoryDictDb,[-]: [CategoryDictDb][referrer] opened. 
08:27:29.981 [main] INFO  s.c.i.db.mapdb.CategoryDictDb,[-]: [CategoryDictDb][ua] trying open. 
08:27:30.019 [main] INFO  s.c.i.db.mapdb.CategoryDictDb,[-]: [CategoryDictDb][ua] opened. 
08:27:30.019 [main] INFO  s.c.i.db.mapdb.CategoryDictDb,[-]: [CategoryDictDb][group] trying open. 
08:27:30.054 [main] INFO  s.c.i.db.mapdb.CategoryDictDb,[-]: [CategoryDictDb][group] opened. 
08:27:30.054 [main] INFO  s.c.i.db.mapdb.CategoryDictDb,[-]: [CategoryDictDb][city] trying open. 
08:27:30.089 [main] INFO  s.c.i.db.mapdb.CategoryDictDb,[-]: [CategoryDictDb][city] opened. 
08:27:30.090 [main] INFO  s.c.i.db.mapdb.CategoryDictDb,[-]: [CategoryDictDb][table] trying open. 
08:27:30.144 [main] INFO  s.c.i.db.mapdb.CategoryDictDb,[-]: [CategoryDictDb][table] opened. 
08:27:30.144 [main] INFO  s.c.i.db.mapdb.CategoryDictDb,[-]: [CategoryDictDb][tagLogin] trying open. 
08:27:30.210 [main] INFO  s.c.i.db.mapdb.CategoryDictDb,[-]: [CategoryDictDb][tagLogin] opened. 
08:27:30.210 [main] INFO  s.c.i.db.mapdb.CategoryDictDb,[-]: [CategoryDictDb][tagDesc] trying open. 
08:27:30.254 [main] INFO  s.c.i.db.mapdb.CategoryDictDb,[-]: [CategoryDictDb][tagDesc] opened. 
08:27:30.255 [main] INFO  s.c.i.db.mapdb.CategoryDictDb,[-]: [CategoryDictDb][web] trying open. 
08:27:30.292 [main] INFO  s.c.i.db.mapdb.CategoryDictDb,[-]: [CategoryDictDb][web] opened. 
08:27:30.292 [main] INFO  s.c.i.db.mapdb.CategoryDictDb,[-]: [CategoryDictDb][hmsg] trying open. 
08:27:30.352 [main] INFO  s.c.i.db.mapdb.CategoryDictDb,[-]: [CategoryDictDb][hmsg] opened. 
08:27:30.353 [main] INFO  s.c.i.db.mapdb.CategoryDictDb,[-]: [CategoryDictDb][stackElm] trying open. 
08:27:30.412 [main] INFO  s.c.i.db.mapdb.CategoryDictDb,[-]: [CategoryDictDb][stackElm] opened. 
08:27:30.841 [main] INFO  s.c.i.db.mapdb.DailyMinuteIndex,[-]: [DailyMinuteIndex][metric] trying open. 20190906_REALTIME
08:27:30.888 [main] INFO  s.c.i.db.mapdb.DailyMinuteIndex,[-]: [DailyMinuteIndex][metric] opened. 20190906_REALTIME
08:27:30.933 [main] INFO  s.c.i.db.mapdb.MetricDictDb,[-]: [MetricDictDb] open.
08:27:30.971 [main] INFO  s.c.infrastructure.db.mapdb.ObjDb,[-]: [ObjDb] open.
08:27:30.978 [main] INFO  s.c.i.db.mapdb.DailySecondIndex,[-]: [DailySecondIndex][xlog] trying open. 20190906
08:27:31.005 [main] INFO  s.c.i.db.mapdb.DailySecondIndex,[-]: [DailySecondIndex][xlog] opened. 20190906
08:27:31.006 [main] INFO  s.c.i.db.mapdb.XlogIdIndex,[-]: [XlogIdIndex] trying open. 20190906
08:27:31.033 [main] INFO  s.c.i.db.mapdb.XlogIdIndex,[-]: [XlogIdIndex] opened. 20190906
08:27:31.677 [main] INFO  s.c.i.db.filedb.XlogFileDb,[-]: [XlogFileDb.Table:20170812] open.
08:27:31.686 [main] INFO  s.c.i.db.mapdb.DailySecondIndex,[-]: [DailySecondIndex][xlog] trying open. 20170812
08:27:31.712 [main] INFO  s.c.i.db.mapdb.DailySecondIndex,[-]: [DailySecondIndex][xlog] opened. 20170812
08:27:31.713 [main] INFO  s.c.i.db.mapdb.XlogIdIndex,[-]: [XlogIdIndex] trying open. 20170812
08:27:31.735 [main] INFO  s.c.i.db.mapdb.XlogIdIndex,[-]: [XlogIdIndex] opened. 20170812
08:27:32.434 [Thread-7] INFO  s.c.infrastructure.db.mapdb.ObjDb,[-]: [ObjDb] closing.
08:27:32.447 [Thread-7] INFO  s.c.i.db.mapdb.MetricDictDb,[-]: [MetricDictDb] closing.
08:27:32.453 [Thread-7] INFO  s.c.infrastructure.db.mapdb.CommonDb,[-]: [CommonDb] closing.
08:27:56.975 [main] INFO  s.c.i.db.filedb.MetricFileDb,[-]: [MetricFileDb.Table:20190101_REALTIME] open.
08:27:57.002 [main] INFO  s.c.i.db.filedb.MetricFileDb,[-]: [MetricFileDb.Table:20190101_REALTIME] open.
08:27:57.059 [main] INFO  s.c.i.db.filedb.MetricFileDb,[-]: [MetricFileDb.Table:20190101_REALTIME] open.
08:27:57.069 [main] INFO  s.c.i.db.filedb.MetricFileDb,[-]: [MetricFileDb.Table:20190101_REALTIME] open.
08:27:57.121 [main] INFO  s.c.i.db.filedb.XlogFileDb,[-]: [XlogFileDb.Table:20190101] open.
08:27:57.467 [main] INFO  s.c.i.db.filedb.XlogFileDb,[-]: [XlogFileDb.Table:20190101] open.
08:27:57.474 [main] INFO  s.c.i.db.filedb.XlogFileDb,[-]: [XlogFileDb.Table:20190101] open.
08:27:59.111 [main] INFO  s.c.infrastructure.db.mapdb.CommonDb,[-]: [CommonDb] open.
08:27:59.144 [main] INFO  s.c.i.db.mapdb.CategoryDictDb,[-]: [CategoryDictDb][error] trying open. 
08:27:59.202 [main] INFO  s.c.i.db.mapdb.CategoryDictDb,[-]: [CategoryDictDb][error] opened. 
08:27:59.203 [main] INFO  s.c.i.db.mapdb.CategoryDictDb,[-]: [CategoryDictDb][apicall] trying open. 
08:27:59.264 [main] INFO  s.c.i.db.mapdb.CategoryDictDb,[-]: [CategoryDictDb][apicall] opened. 
08:27:59.267 [main] INFO  s.c.i.db.mapdb.CategoryDictDb,[-]: [CategoryDictDb][method] trying open. 
08:27:59.324 [main] INFO  s.c.i.db.mapdb.CategoryDictDb,[-]: [CategoryDictDb][method] opened. 
08:27:59.325 [main] INFO  s.c.i.db.mapdb.CategoryDictDb,[-]: [CategoryDictDb][service] trying open. 
08:27:59.373 [main] INFO  s.c.i.db.mapdb.CategoryDictDb,[-]: [CategoryDictDb][service] opened. 
08:27:59.373 [main] INFO  s.c.i.db.mapdb.CategoryDictDb,[-]: [CategoryDictDb][sql] trying open. 
08:27:59.428 [main] INFO  s.c.i.db.mapdb.CategoryDictDb,[-]: [CategoryDictDb][sql] opened. 
08:27:59.429 [main] INFO  s.c.i.db.mapdb.CategoryDictDb,[-]: [CategoryDictDb][obj] trying open. 
08:27:59.480 [main] INFO  s.c.i.db.mapdb.CategoryDictDb,[-]: [CategoryDictDb][obj] opened. 
08:27:59.481 [main] INFO  s.c.i.db.mapdb.CategoryDictDb,[-]: [CategoryDictDb][referrer] trying open. 
08:27:59.525 [main] INFO  s.c.i.db.mapdb.CategoryDictDb,[-]: [CategoryDictDb][referrer] opened. 
08:27:59.525 [main] INFO  s.c.i.db.mapdb.CategoryDictDb,[-]: [CategoryDictDb][ua] trying open. 
08:27:59.566 [main] INFO  s.c.i.db.mapdb.CategoryDictDb,[-]: [CategoryDictDb][ua] opened. 
08:27:59.567 [main] INFO  s.c.i.db.mapdb.CategoryDictDb,[-]: [CategoryDictDb][group] trying open. 
08:27:59.605 [main] INFO  s.c.i.db.mapdb.CategoryDictDb,[-]: [CategoryDictDb][group] opened. 
08:27:59.605 [main] INFO  s.c.i.db.mapdb.CategoryDictDb,[-]: [CategoryDictDb][city] trying open. 
08:27:59.645 [main] INFO  s.c.i.db.mapdb.CategoryDictDb,[-]: [CategoryDictDb][city] opened. 
08:27:59.646 [main] INFO  s.c.i.db.mapdb.CategoryDictDb,[-]: [CategoryDictDb][table] trying open. 
08:27:59.698 [main] INFO  s.c.i.db.mapdb.CategoryDictDb,[-]: [CategoryDictDb][table] opened. 
08:27:59.698 [main] INFO  s.c.i.db.mapdb.CategoryDictDb,[-]: [CategoryDictDb][tagLogin] trying open. 
08:27:59.735 [main] INFO  s.c.i.db.mapdb.CategoryDictDb,[-]: [CategoryDictDb][tagLogin] opened. 
08:27:59.736 [main] INFO  s.c.i.db.mapdb.CategoryDictDb,[-]: [CategoryDictDb][tagDesc] trying open. 
08:27:59.774 [main] INFO  s.c.i.db.mapdb.CategoryDictDb,[-]: [CategoryDictDb][tagDesc] opened. 
08:27:59.774 [main] INFO  s.c.i.db.mapdb.CategoryDictDb,[-]: [CategoryDictDb][web] trying open. 
08:27:59.817 [main] INFO  s.c.i.db.mapdb.CategoryDictDb,[-]: [CategoryDictDb][web] opened. 
08:27:59.818 [main] INFO  s.c.i.db.mapdb.CategoryDictDb,[-]: [CategoryDictDb][hmsg] trying open. 
08:27:59.874 [main] INFO  s.c.i.db.mapdb.CategoryDictDb,[-]: [CategoryDictDb][hmsg] opened. 
08:27:59.874 [main] INFO  s.c.i.db.mapdb.CategoryDictDb,[-]: [CategoryDictDb][stackElm] trying open. 
08:27:59.926 [main] INFO  s.c.i.db.mapdb.CategoryDictDb,[-]: [CategoryDictDb][stackElm] opened. 
08:27:59.932 [main] INFO  s.c.i.db.mapdb.DailyMinuteIndex,[-]: [DailyMinuteIndex][metric] trying open. 20190906_REALTIME
08:27:59.958 [main] INFO  s.c.i.db.mapdb.DailyMinuteIndex,[-]: [DailyMinuteIndex][metric] opened. 20190906_REALTIME
08:27:59.994 [main] INFO  s.c.i.db.mapdb.MetricDictDb,[-]: [MetricDictDb] open.
08:28:00.027 [main] INFO  s.c.infrastructure.db.mapdb.ObjDb,[-]: [ObjDb] open.
08:28:00.034 [main] INFO  s.c.i.db.mapdb.DailySecondIndex,[-]: [DailySecondIndex][xlog] trying open. 20190906
08:28:00.065 [main] INFO  s.c.i.db.mapdb.DailySecondIndex,[-]: [DailySecondIndex][xlog] opened. 20190906
08:28:00.066 [main] INFO  s.c.i.db.mapdb.XlogIdIndex,[-]: [XlogIdIndex] trying open. 20190906
08:28:00.091 [main] INFO  s.c.i.db.mapdb.XlogIdIndex,[-]: [XlogIdIndex] opened. 20190906
08:28:00.377 [main] INFO  s.c.i.db.mapdb.XlogIdIndex,[-]: [XlogIdIndex] trying open. 20190101
08:28:00.416 [main] INFO  s.c.i.db.mapdb.XlogIdIndex,[-]: [XlogIdIndex] opened. 20190101
08:28:00.463 [main] INFO  s.c.i.db.mapdb.CategoryDictDb,[-]: [CategoryDictDb][undef_any-no-exist] trying open. 
08:28:00.529 [main] INFO  s.c.i.db.mapdb.CategoryDictDb,[-]: [CategoryDictDb][undef_any-no-exist] opened. 
08:28:00.853 [main] INFO  s.c.i.db.mapdb.DailyMinuteIndex,[-]: [DailyMinuteIndex][metric] trying open. 20190905_REALTIME
08:28:00.900 [main] INFO  s.c.i.db.mapdb.DailyMinuteIndex,[-]: [DailyMinuteIndex][metric] opened. 20190905_REALTIME
08:28:00.902 [main] INFO  s.c.i.db.filedb.MetricFileDb,[-]: [MetricFileDb.Table:20190905_REALTIME] open.
08:28:00.945 [main] INFO  s.c.i.db.mapdb.DailyMinuteIndex,[-]: [DailyMinuteIndex][metric] trying open. 20190904_REALTIME
08:28:00.974 [main] INFO  s.c.i.db.mapdb.DailyMinuteIndex,[-]: [DailyMinuteIndex][metric] opened. 20190904_REALTIME
08:28:00.974 [main] INFO  s.c.i.db.filedb.MetricFileDb,[-]: [MetricFileDb.Table:20190904_REALTIME] open.
08:28:01.004 [main] INFO  s.c.i.db.mapdb.DailyMinuteIndex,[-]: [DailyMinuteIndex][metric] trying open. 20190903_REALTIME
08:28:01.034 [main] INFO  s.c.i.db.mapdb.DailyMinuteIndex,[-]: [DailyMinuteIndex][metric] opened. 20190903_REALTIME
08:28:01.034 [main] INFO  s.c.i.db.filedb.MetricFileDb,[-]: [MetricFileDb.Table:20190903_REALTIME] open.
08:28:01.045 [main] INFO  s.c.i.db.mapdb.DailyMinuteIndex,[-]: [DailyMinuteIndex][metric] trying open. 20190902_FIVE_MIN
08:28:01.087 [main] INFO  s.c.i.db.mapdb.DailyMinuteIndex,[-]: [DailyMinuteIndex][metric] opened. 20190902_FIVE_MIN
08:28:01.088 [main] INFO  s.c.i.db.filedb.MetricFileDb,[-]: [MetricFileDb.Table:20190902_FIVE_MIN] open.
08:28:03.121 [main] INFO  s.c.i.db.filedb.XlogFileDb,[-]: [XlogFileDb.Table:20170810] open.
08:28:03.122 [main] INFO  s.c.i.db.mapdb.DailySecondIndex,[-]: [DailySecondIndex][xlog] trying open. 20170810
08:28:03.145 [main] INFO  s.c.i.db.mapdb.DailySecondIndex,[-]: [DailySecondIndex][xlog] opened. 20170810
08:28:03.145 [main] INFO  s.c.i.db.mapdb.XlogIdIndex,[-]: [XlogIdIndex] trying open. 20170810
08:28:03.174 [main] INFO  s.c.i.db.mapdb.XlogIdIndex,[-]: [XlogIdIndex] opened. 20170810
08:28:03.224 [main] INFO  s.c.i.db.filedb.XlogFileDb,[-]: [XlogFileDb.Table:20190905] open.
08:28:03.226 [main] INFO  s.c.i.db.mapdb.DailySecondIndex,[-]: [DailySecondIndex][xlog] trying open. 20190905
08:28:03.254 [main] INFO  s.c.i.db.mapdb.DailySecondIndex,[-]: [DailySecondIndex][xlog] opened. 20190905
08:28:03.254 [main] INFO  s.c.i.db.mapdb.XlogIdIndex,[-]: [XlogIdIndex] trying open. 20190905
08:28:03.285 [main] INFO  s.c.i.db.mapdb.XlogIdIndex,[-]: [XlogIdIndex] opened. 20190905
08:28:03.304 [main] INFO  s.c.i.db.filedb.XlogFileDb,[-]: [XlogFileDb.Table:20170811] open.
08:28:03.305 [main] INFO  s.c.i.db.mapdb.DailySecondIndex,[-]: [DailySecondIndex][xlog] trying open. 20170811
08:28:03.336 [main] INFO  s.c.i.db.mapdb.DailySecondIndex,[-]: [DailySecondIndex][xlog] opened. 20170811
08:28:03.336 [main] INFO  s.c.i.db.mapdb.XlogIdIndex,[-]: [XlogIdIndex] trying open. 20170811
08:28:03.375 [main] INFO  s.c.i.db.mapdb.XlogIdIndex,[-]: [XlogIdIndex] opened. 20170811
08:28:03.390 [main] INFO  s.c.i.db.filedb.XlogFileDb,[-]: [XlogFileDb.Table:20190904] open.
08:28:03.391 [main] INFO  s.c.i.db.mapdb.DailySecondIndex,[-]: [DailySecondIndex][xlog] trying open. 20190904
08:28:03.429 [main] INFO  s.c.i.db.mapdb.DailySecondIndex,[-]: [DailySecondIndex][xlog] opened. 20190904
08:28:03.430 [main] INFO  s.c.i.db.mapdb.XlogIdIndex,[-]: [XlogIdIndex] trying open. 20190904
08:28:03.461 [main] INFO  s.c.i.db.mapdb.XlogIdIndex,[-]: [XlogIdIndex] opened. 20190904
08:28:03.483 [main] INFO  s.c.i.db.filedb.XlogFileDb,[-]: [XlogFileDb.Table:20170809] open.
08:28:03.486 [main] INFO  s.c.i.db.mapdb.DailySecondIndex,[-]: [DailySecondIndex][xlog] trying open. 20170809
08:28:03.518 [main] INFO  s.c.i.db.mapdb.DailySecondIndex,[-]: [DailySecondIndex][xlog] opened. 20170809
08:28:03.519 [main] INFO  s.c.i.db.mapdb.XlogIdIndex,[-]: [XlogIdIndex] trying open. 20170809
08:28:03.552 [main] INFO  s.c.i.db.mapdb.XlogIdIndex,[-]: [XlogIdIndex] opened. 20170809
08:28:03.579 [main] INFO  s.c.i.db.filedb.XlogFileDb,[-]: [XlogFileDb.Table:20170812] open.
08:28:03.580 [main] INFO  s.c.i.db.mapdb.DailySecondIndex,[-]: [DailySecondIndex][xlog] trying open. 20170812
08:28:03.625 [main] INFO  s.c.i.db.mapdb.DailySecondIndex,[-]: [DailySecondIndex][xlog] opened. 20170812
08:28:03.625 [main] INFO  s.c.i.db.mapdb.XlogIdIndex,[-]: [XlogIdIndex] trying open. 20170812
08:28:03.656 [main] INFO  s.c.i.db.mapdb.XlogIdIndex,[-]: [XlogIdIndex] opened. 20170812
08:28:04.346 [Thread-7] INFO  s.c.infrastructure.db.mapdb.ObjDb,[-]: [ObjDb] closing.
08:28:04.376 [Thread-7] INFO  s.c.infrastructure.db.mapdb.CommonDb,[-]: [CommonDb] closing.
