14:45:41.273 [main] INFO  s.c.infrastructure.db.mapdb.CommonDb,[-]: [CommonDb] open.
14:45:42.395 [main] INFO  s.c.i.db.mapdb.MetricDbDaily,[-]: [MetricDbDaily] open. 20190825_REALTIME
14:45:42.505 [main] INFO  s.c.i.db.mapdb.MetricDictDb,[-]: [MetricDictDb] open.
14:45:42.582 [main] INFO  s.c.infrastructure.db.mapdb.ObjDb,[-]: [ObjDb] open.
14:45:59.546 [main] INFO  s.c.i.db.mapdb.MetricDbDaily,[-]: [MetricDbDaily] open. 20190824_FIVE_MIN
14:46:07.693 [main] INFO  s.c.i.db.filedb.MetricFileDb,[-]: [MetricFileDb.Table:20190824_FIVE_MIN] open.
14:58:08.689 [main] INFO  s.c.i.db.filedb.MetricFileDb,[-]: [MetricFileDb.Table:20190824_REALTIME] open.
14:58:31.404 [main] INFO  s.c.infrastructure.db.mapdb.CommonDb,[-]: [CommonDb] open.
14:58:32.333 [main] INFO  s.c.i.db.mapdb.MetricDbDaily,[-]: [MetricDbDaily] open. 20190825_REALTIME
14:58:32.403 [main] INFO  s.c.i.db.mapdb.MetricDictDb,[-]: [MetricDictDb] open.
14:58:32.458 [main] INFO  s.c.infrastructure.db.mapdb.ObjDb,[-]: [ObjDb] open.
14:58:32.941 [main] INFO  s.c.i.db.mapdb.MetricDbDaily,[-]: [MetricDbDaily] open. 20190824_REALTIME
14:58:32.942 [main] INFO  s.c.i.db.filedb.MetricFileDb,[-]: [MetricFileDb.Table:20190824_REALTIME] open.
14:58:33.629 [main] INFO  s.c.i.db.mapdb.MetricDbDaily,[-]: [MetricDbDaily] open. 20190823_REALTIME
14:58:33.630 [main] INFO  s.c.i.db.filedb.MetricFileDb,[-]: [MetricFileDb.Table:20190823_REALTIME] open.
14:58:33.741 [main] INFO  s.c.i.db.mapdb.MetricDbDaily,[-]: [MetricDbDaily] open. 20190822_REALTIME
14:58:33.742 [main] INFO  s.c.i.db.filedb.MetricFileDb,[-]: [MetricFileDb.Table:20190822_REALTIME] open.
14:58:33.793 [main] INFO  s.c.i.db.mapdb.MetricDbDaily,[-]: [MetricDbDaily] open. 20190821_FIVE_MIN
14:58:33.794 [main] INFO  s.c.i.db.filedb.MetricFileDb,[-]: [MetricFileDb.Table:20190821_FIVE_MIN] open.
15:06:54.968 [main] INFO  s.c.infrastructure.db.mapdb.CommonDb,[-]: [CommonDb] open.
15:06:55.411 [main] INFO  s.c.i.db.mapdb.MetricDbDaily,[-]: [MetricDbDaily] trying open. 20190825_REALTIME
15:06:55.472 [main] INFO  s.c.i.db.mapdb.MetricDbDaily,[-]: [MetricDbDaily] opened. 20190825_REALTIME
15:06:55.523 [main] INFO  s.c.i.db.mapdb.MetricDictDb,[-]: [MetricDictDb] open.
15:06:55.581 [main] INFO  s.c.infrastructure.db.mapdb.ObjDb,[-]: [ObjDb] open.
15:06:59.579 [main] INFO  s.c.i.db.mapdb.MetricDbDaily,[-]: [MetricDbDaily] trying open. 20190824_REALTIME
15:06:59.966 [main] INFO  s.c.i.db.mapdb.MetricDbDaily,[-]: [MetricDbDaily] opened. 20190824_REALTIME
15:07:01.030 [main] INFO  s.c.i.db.filedb.MetricFileDb,[-]: [MetricFileDb.Table:20190824_REALTIME] open.
15:42:42.010 [main] INFO  s.c.infrastructure.db.mapdb.CommonDb,[-]: [CommonDb] open.
15:42:42.547 [main] INFO  s.c.i.db.mapdb.MetricDbDaily,[-]: [MetricDbDaily] trying open. 20190825_REALTIME
15:42:42.593 [main] INFO  s.c.i.db.mapdb.MetricDbDaily,[-]: [MetricDbDaily] opened. 20190825_REALTIME
15:42:42.641 [main] INFO  s.c.i.db.mapdb.MetricDictDb,[-]: [MetricDictDb] open.
15:42:42.684 [main] INFO  s.c.infrastructure.db.mapdb.ObjDb,[-]: [ObjDb] open.
15:42:43.060 [main] INFO  s.c.i.db.mapdb.MetricDbDaily,[-]: [MetricDbDaily] trying open. 20190824_REALTIME
15:42:43.093 [main] INFO  s.c.i.db.mapdb.MetricDbDaily,[-]: [MetricDbDaily] opened. 20190824_REALTIME
15:42:43.094 [main] INFO  s.c.i.db.filedb.MetricFileDb,[-]: [MetricFileDb.Table:20190824_REALTIME] open.
15:42:43.301 [main] INFO  s.c.i.db.mapdb.MetricDbDaily,[-]: [MetricDbDaily] trying open. 20190823_REALTIME
15:42:43.350 [main] INFO  s.c.i.db.mapdb.MetricDbDaily,[-]: [MetricDbDaily] opened. 20190823_REALTIME
15:42:43.350 [main] INFO  s.c.i.db.filedb.MetricFileDb,[-]: [MetricFileDb.Table:20190823_REALTIME] open.
15:42:43.382 [main] INFO  s.c.i.db.mapdb.MetricDbDaily,[-]: [MetricDbDaily] trying open. 20190822_REALTIME
15:42:43.430 [main] INFO  s.c.i.db.mapdb.MetricDbDaily,[-]: [MetricDbDaily] opened. 20190822_REALTIME
15:42:43.434 [main] INFO  s.c.i.db.filedb.MetricFileDb,[-]: [MetricFileDb.Table:20190822_REALTIME] open.
15:42:43.465 [main] INFO  s.c.i.db.mapdb.MetricDbDaily,[-]: [MetricDbDaily] trying open. 20190821_FIVE_MIN
15:42:43.512 [main] INFO  s.c.i.db.mapdb.MetricDbDaily,[-]: [MetricDbDaily] opened. 20190821_FIVE_MIN
15:42:43.513 [main] INFO  s.c.i.db.filedb.MetricFileDb,[-]: [MetricFileDb.Table:20190821_FIVE_MIN] open.
